<?xml version="1.0" encoding="UTF-8"?>
<testsuite xmlns:xsi="http://www.w3.org/2001/XMLSchema-instance" xsi:noNamespaceSchemaLocation="https://maven.apache.org/surefire/maven-surefire-plugin/xsd/surefire-test-report-3.0.xsd" version="3.0" name="com.inventario.runners.CucumberTestRunner" time="418.408" tests="137" errors="11" skipped="0" failures="3">
  <properties>
[...]
</properties>
  <testcase name="Desactivar un usuario activo" classname="HU-09 Activar y desactivar usuario" time="6.872">
    <system-out><![CDATA[
@usuarios
Scenario: Desactivar un usuario activo                                    &amp#27;[90m# src/test/resources/features/activar-desactivar-usuario.feature:10&amp#27;[0m
  &amp#27;[32mGiven &amp#27;[0m&amp#27;[32mel administrador ha iniciado sesion para gestion de usuarios&amp#27;[0m      &amp#27;[90m# com.inventario.steps.CrearUsuarioStepDefinitions.elAdministradorHaIniciadoSesionParaGestionDeUsuarios()&amp#27;[0m
  &amp#27;[32mGiven &amp#27;[0m&amp#27;[32mexiste un usuario de prueba activo para la gestion de estado&amp#27;[0m      &amp#27;[90m# com.inventario.steps.ActivarDesactivarUsuarioStepDefinitions.existeUnUsuarioDePruebaActivoParaLaGestionDeEstado()&amp#27;[0m
  &amp#27;[32mWhen &amp#27;[0m&amp#27;[32mel administrador desactiva al usuario de prueba&amp#27;[0m                    &amp#27;[90m# com.inventario.steps.ActivarDesactivarUsuarioStepDefinitions.elAdministradorDesactivaAlUsuarioDePrueba()&amp#27;[0m
  &amp#27;[32mThen &amp#27;[0m&amp#27;[32mel usuario de prueba aparece como Inactivo en la lista de usuarios&amp#27;[0m &amp#27;[90m# com.inventario.steps.ActivarDesactivarUsuarioStepDefinitions.elUsuarioDePruebaApareceComoInactivoEnLaListaDeUsuarios()&amp#27;[0m
]]></system-out>
    <system-err><![CDATA[[main] INFO  - 

-------------------------------------------------------------------------------------
     _______. _______ .______       _______ .__   __.  __  .___________.____    ____ 
    /       ||   ____||   _  \     |   ____||  \ |  | |  | |           |\   \  /   / 
   |   (----`|  |__   |  |_)  |    |  |__   |   \|  | |  | `---|  |----` \   \/   /  
    \   \    |   __|  |      /     |   __|  |  . `  | |  |     |  |       \_    _/   
.----)   |   |  |____ |  |\  \----.|  |____ |  |\   | |  |     |  |         |  |     
|_______/    |_______|| _| `._____||_______||__| \__| |__|     |__|         |__|    
                                                                                     
 News and tutorials at https://serenity-bdd.info                                     
 Documentation at https://serenity-bdd.github.io                                     
 Test Automation Training and Coaching: https://www.serenity-dojo.com                
 Commercial Support: https://www.serenity-dojo.com/serenity-bdd-enterprise-support   
 Join the Serenity Community on Gitter: https://gitter.im/serenity-bdd/serenity-core 
-------------------------------------------------------------------------------------

[main] INFO  - Test Suite Started: HU-09 Activar y desactivar usuario
[main] INFO  - Test Suite Started: HU-14 Agregar productos al detalle de venta
[main] INFO  - Test Suite Started: HU-08 Asignar rol a usuario
[main] INFO  - Test Suite Started: HU-07 Crear usuario del sistema
[main] INFO  - Test Suite Started: HU-11 Editar informacion de cliente
[main] INFO  - Test Suite Started: HU-05 Editar informacion de empleado
[main] INFO  - Test Suite Started: HU-18 Editar producto quirurgico
[main] INFO  - Test Suite Started: HU-15 Consultar historial de ventas
[main] INFO  - Test Suite Started: HU-12 Listar y buscar clientes
[main] INFO  - Test Suite Started: HU-06 Listar y buscar empleados
[main] INFO  - Test Suite Started: HU-01 Iniciar sesion en el sistema
[main] INFO  - Test Suite Started: HU-02 Cerrar sesion del sistema
[main] INFO  - Test Suite Started: HU-19 MCP de gestion de productos
[main] INFO  - Test Suite Started: HU-10 Registrar cliente
[main] INFO  - Test Suite Started: HU-04 Registrar empleado
[main] INFO  - Test Suite Started: HU-17 Registrar producto quirurgico
[main] INFO  - Test Suite Started: HU-16 Registrar tipo de producto
[main] INFO  - Test Suite Started: HU-13 Crear venta
[main] INFO  - Test Suite Started: HU-03 Roles predefinidos del sistema
[main] INFO  - Test Suite Started: HU-09 Activar y desactivar usuario
[main] INFO  - 
  _____   ___   ___   _____     ___   _____     _     ___   _____   ___   ___  
 |_   _| | __| / __| |_   _|   / __| |_   _|   /_\   | _ \ |_   _| | __| |   \ 
   | |   | _|  \__ \   | |     \__ \   | |    / _ \  |   /   | |   | _|  | |) |
   |_|   |___| |___/   |_|     |___/   |_|   /_/ \_\ |_|_\   |_|   |___| |___/ 

Desactivar un usuario activo(hu-09-activar-y-desactivar-usuario;desactivar-un-usuario-activo)
--------------------------------------------------------------------------------
[main] INFO net.serenitybdd.core.webdriver.driverproviders.ChromeDriverProvider - Starting Chrome driver instance with capabilities:
[main] INFO net.serenitybdd.core.webdriver.driverproviders.ChromeDriverProvider - Capabilities {acceptInsecureCerts: false, browserName: chrome, goog:chromeOptions: {args: [--no-sandbox,--headless=new...], extensions: []}}
may 16, 2026 11:42:34 P. M. org.openqa.selenium.devtools.CdpVersionFinder findNearestMatch
ADVERTENCIA: Unable to find CDP implementation matching 148
may 16, 2026 11:42:34 P. M. org.openqa.selenium.chromium.ChromiumDriver lambda$new$5
ADVERTENCIA: Unable to find version of CDP to use for 148.0.7778.167. You may need to include a dependency on a specific version of the CDP using something similar to `org.seleniumhq.selenium:selenium-devtools-v86:4.21.0` where the version ("v86") matches the version of the chromium-based browser you're using and the version number of the artifact is the same as Selenium's.
[main] INFO  - 
  _____   ___   ___   _____     ___     _     ___   ___   ___   ___  
 |_   _| | __| / __| |_   _|   | _ \   /_\   / __| / __| | __| |   \ 
   | |   | _|  \__ \   | |     |  _/  / _ \  \__ \ \__ \ | _|  | |) |
   |_|   |___| |___/   |_|     |_|   /_/ \_\ |___/ |___/ |___| |___/ 

Desactivar un usuario activo
----------------------------------------------------------------------
]]></system-err>
  </testcase>
  <testcase name="Activar un usuario inactivo" classname="HU-09 Activar y desactivar usuario" time="4.1">
    <system-out><![CDATA[
@usuarios
Scenario: Activar un usuario inactivo                                   &amp#27;[90m# src/test/resources/features/activar-desactivar-usuario.feature:15&amp#27;[0m
  &amp#27;[32mGiven &amp#27;[0m&amp#27;[32mel administrador ha iniciado sesion para gestion de usuarios&amp#27;[0m    &amp#27;[90m# com.inventario.steps.CrearUsuarioStepDefinitions.elAdministradorHaIniciadoSesionParaGestionDeUsuarios()&amp#27;[0m
  &amp#27;[32mGiven &amp#27;[0m&amp#27;[32mexiste un usuario de prueba inactivo para la gestion de estado&amp#27;[0m  &amp#27;[90m# com.inventario.steps.ActivarDesactivarUsuarioStepDefinitions.existeUnUsuarioDePruebaInactivoParaLaGestionDeEstado()&amp#27;[0m
  &amp#27;[32mWhen &amp#27;[0m&amp#27;[32mel administrador activa al usuario de prueba&amp#27;[0m                     &amp#27;[90m# com.inventario.steps.ActivarDesactivarUsuarioStepDefinitions.elAdministradorActivaAlUsuarioDePrueba()&amp#27;[0m
  &amp#27;[32mThen &amp#27;[0m&amp#27;[32mel usuario de prueba aparece como Activo en la lista de usuarios&amp#27;[0m &amp#27;[90m# com.inventario.steps.ActivarDesactivarUsuarioStepDefinitions.elUsuarioDePruebaApareceComoActivoEnLaListaDeUsuarios()&amp#27;[0m
]]></system-out>
    <system-err><![CDATA[[main] INFO  - 
  _____   ___   ___   _____     ___   _____     _     ___   _____   ___   ___  
 |_   _| | __| / __| |_   _|   / __| |_   _|   /_\   | _ \ |_   _| | __| |   \ 
   | |   | _|  \__ \   | |     \__ \   | |    / _ \  |   /   | |   | _|  | |) |
   |_|   |___| |___/   |_|     |___/   |_|   /_/ \_\ |_|_\   |_|   |___| |___/ 

Activar un usuario inactivo(hu-09-activar-y-desactivar-usuario;activar-un-usuario-inactivo)
--------------------------------------------------------------------------------
[main] INFO net.serenitybdd.core.webdriver.driverproviders.ChromeDriverProvider - Starting Chrome driver instance with capabilities:
[main] INFO net.serenitybdd.core.webdriver.driverproviders.ChromeDriverProvider - Capabilities {acceptInsecureCerts: false, browserName: chrome, goog:chromeOptions: {args: [--no-sandbox,--headless=new...], extensions: []}}
may 16, 2026 11:42:40 P. M. org.openqa.selenium.devtools.CdpVersionFinder findNearestMatch
ADVERTENCIA: Unable to find CDP implementation matching 148
may 16, 2026 11:42:40 P. M. org.openqa.selenium.chromium.ChromiumDriver lambda$new$5
ADVERTENCIA: Unable to find version of CDP to use for 148.0.7778.167. You may need to include a dependency on a specific version of the CDP using something similar to `org.seleniumhq.selenium:selenium-devtools-v86:4.21.0` where the version ("v86") matches the version of the chromium-based browser you're using and the version number of the artifact is the same as Selenium's.
[main] INFO  - 
  _____   ___   ___   _____     ___     _     ___   ___   ___   ___  
 |_   _| | __| / __| |_   _|   | _ \   /_\   / __| / __| | __| |   \ 
   | |   | _|  \__ \   | |     |  _/  / _ \  \__ \ \__ \ | _|  | |) |
   |_|   |___| |___/   |_|     |_|   /_/ \_\ |___/ |___/ |___| |___/ 

Activar un usuario inactivo
----------------------------------------------------------------------
]]></system-err>
  </testcase>
  <testcase name="Acceso no autorizado al modulo de activacion de usuarios" classname="HU-09 Activar y desactivar usuario" time="2.93">
    <system-out><![CDATA[
@usuarios
Scenario: Acceso no autorizado al modulo de activacion de usuarios                 &amp#27;[90m# src/test/resources/features/activar-desactivar-usuario.feature:20&amp#27;[0m
  &amp#27;[32mGiven &amp#27;[0m&amp#27;[32mel administrador ha iniciado sesion para gestion de usuarios&amp#27;[0m               &amp#27;[90m# com.inventario.steps.CrearUsuarioStepDefinitions.elAdministradorHaIniciadoSesionParaGestionDeUsuarios()&amp#27;[0m
  &amp#27;[32mGiven &amp#27;[0m&amp#27;[32mel usuario inicia sesion con el rol &amp#27;[0m&amp#27;[32m&amp#27;[1m"Ventas"&amp#27;[0m                               &amp#27;[90m# com.inventario.steps.RolesStepDefinitions.elUsuarioIniciaSesionConElRol(java.lang.String)&amp#27;[0m
  &amp#27;[32mWhen &amp#27;[0m&amp#27;[32mel usuario intenta acceder al modulo de gestion de usuarios&amp#27;[0m                 &amp#27;[90m# com.inventario.steps.AsignarRolStepDefinitions.elUsuarioIntentaAccederAlModuloDeGestionDeUsuarios()&amp#27;[0m
  &amp#27;[32mThen &amp#27;[0m&amp#27;[32mel sistema muestra la pagina de acceso denegado&amp#27;[0m                             &amp#27;[90m# com.inventario.steps.RolesStepDefinitions.elSistemaMuestraLaPaginaDeAccesoDenegado()&amp#27;[0m
  &amp#27;[32mAnd &amp#27;[0m&amp#27;[32mel sistema muestra el mensaje &amp#27;[0m&amp#27;[32m&amp#27;[1m"No tiene permisos para acceder a este modulo"&amp#27;[0m &amp#27;[90m# com.inventario.steps.RolesStepDefinitions.elSistemaMuestraElMensaje(java.lang.String)&amp#27;[0m
]]></system-out>
    <system-err><![CDATA[[main] INFO  - 
  _____   ___   ___   _____     ___   _____     _     ___   _____   ___   ___  
 |_   _| | __| / __| |_   _|   / __| |_   _|   /_\   | _ \ |_   _| | __| |   \ 
   | |   | _|  \__ \   | |     \__ \   | |    / _ \  |   /   | |   | _|  | |) |
   |_|   |___| |___/   |_|     |___/   |_|   /_/ \_\ |_|_\   |_|   |___| |___/ 

Acceso no autorizado al modulo de activacion de usuarios(hu-09-activar-y-desactivar-usuario;acceso-no-autorizado-al-modulo-de-activacion-de-usuarios)
--------------------------------------------------------------------------------
[main] INFO net.serenitybdd.core.webdriver.driverproviders.ChromeDriverProvider - Starting Chrome driver instance with capabilities:
[main] INFO net.serenitybdd.core.webdriver.driverproviders.ChromeDriverProvider - Capabilities {acceptInsecureCerts: false, browserName: chrome, goog:chromeOptions: {args: [--no-sandbox,--headless=new...], extensions: []}}
may 16, 2026 11:42:44 P. M. org.openqa.selenium.devtools.CdpVersionFinder findNearestMatch
ADVERTENCIA: Unable to find CDP implementation matching 148
may 16, 2026 11:42:44 P. M. org.openqa.selenium.chromium.ChromiumDriver lambda$new$5
ADVERTENCIA: Unable to find version of CDP to use for 148.0.7778.167. You may need to include a dependency on a specific version of the CDP using something similar to `org.seleniumhq.selenium:selenium-devtools-v86:4.21.0` where the version ("v86") matches the version of the chromium-based browser you're using and the version number of the artifact is the same as Selenium's.
[main] INFO  - 
  _____   ___   ___   _____     ___     _     ___   ___   ___   ___  
 |_   _| | __| / __| |_   _|   | _ \   /_\   / __| / __| | __| |   \ 
   | |   | _|  \__ \   | |     |  _/  / _ \  \__ \ \__ \ | _|  | |) |
   |_|   |___| |___/   |_|     |_|   /_/ \_\ |___/ |___/ |___| |___/ 

Acceso no autorizado al modulo de activacion de usuarios
----------------------------------------------------------------------
]]></system-err>
  </testcase>
  <testcase name="Agregar producto por busqueda manual" classname="HU-14 Agregar productos al detalle de venta" time="3.134">
    <system-out><![CDATA[
@ventas
Scenario: Agregar producto por busqueda manual                                    &amp#27;[90m# src/test/resources/features/agregar-producto-venta.feature:11&amp#27;[0m
  &amp#27;[32mGiven &amp#27;[0m&amp#27;[32mel usuario ha iniciado sesion en el modulo de ventas&amp#27;[0m                      &amp#27;[90m# com.inventario.steps.RegistrarVentaStepDefinitions.elUsuarioHaIniciadoSesionEnElModuloDeVentas()&amp#27;[0m
  &amp#27;[32mAnd &amp#27;[0m&amp#27;[32mel usuario esta en el formulario de nueva venta con cliente seleccionado&amp#27;[0m    &amp#27;[90m# com.inventario.steps.AgregarProductoVentaStepDefinitions.elUsuarioEstaEnElFormularioDeNuevaVentaConClienteSeleccionado()&amp#27;[0m
  &amp#27;[32mWhen &amp#27;[0m&amp#27;[32mel usuario busca un producto por nombre y selecciona el primero disponible&amp#27;[0m &amp#27;[90m# com.inventario.steps.AgregarProductoVentaStepDefinitions.elUsuarioBuscaUnProductoPorNombreYSeleccionaElPrimeroDisponible()&amp#27;[0m
  &amp#27;[32mThen &amp#27;[0m&amp#27;[32mel producto aparece en el detalle de la venta con total mayor a cero&amp#27;[0m       &amp#27;[90m# com.inventario.steps.AgregarProductoVentaStepDefinitions.elProductoApareceEnElDetalleConTotalMayorACero()&amp#27;[0m
]]></system-out>
    <system-err><![CDATA[[main] INFO  - Test Suite Started: HU-14 Agregar productos al detalle de venta
[main] INFO  - 
  _____   ___   ___   _____     ___   _____     _     ___   _____   ___   ___  
 |_   _| | __| / __| |_   _|   / __| |_   _|   /_\   | _ \ |_   _| | __| |   \ 
   | |   | _|  \__ \   | |     \__ \   | |    / _ \  |   /   | |   | _|  | |) |
   |_|   |___| |___/   |_|     |___/   |_|   /_/ \_\ |_|_\   |_|   |___| |___/ 

Agregar producto por busqueda manual(hu-14-agregar-productos-al-detalle-de-venta;agregar-producto-por-busqueda-manual)
--------------------------------------------------------------------------------
[main] INFO net.serenitybdd.core.webdriver.driverproviders.ChromeDriverProvider - Starting Chrome driver instance with capabilities:
[main] INFO net.serenitybdd.core.webdriver.driverproviders.ChromeDriverProvider - Capabilities {acceptInsecureCerts: false, browserName: chrome, goog:chromeOptions: {args: [--no-sandbox,--headless=new...], extensions: []}}
may 16, 2026 11:42:47 P. M. org.openqa.selenium.devtools.CdpVersionFinder findNearestMatch
ADVERTENCIA: Unable to find CDP implementation matching 148
may 16, 2026 11:42:47 P. M. org.openqa.selenium.chromium.ChromiumDriver lambda$new$5
ADVERTENCIA: Unable to find version of CDP to use for 148.0.7778.167. You may need to include a dependency on a specific version of the CDP using something similar to `org.seleniumhq.selenium:selenium-devtools-v86:4.21.0` where the version ("v86") matches the version of the chromium-based browser you're using and the version number of the artifact is the same as Selenium's.
[main] INFO  - 
  _____   ___   ___   _____     ___     _     ___   ___   ___   ___  
 |_   _| | __| / __| |_   _|   | _ \   /_\   / __| / __| | __| |   \ 
   | |   | _|  \__ \   | |     |  _/  / _ \  \__ \ \__ \ | _|  | |) |
   |_|   |___| |___/   |_|     |_|   /_/ \_\ |___/ |___/ |___| |___/ 

Agregar producto por busqueda manual
----------------------------------------------------------------------
]]></system-err>
  </testcase>
  <testcase name="Agregar producto por codigo de barras" classname="HU-14 Agregar productos al detalle de venta" time="2.922">
    <system-out><![CDATA[
@ventas
Scenario: Agregar producto por codigo de barras                                &amp#27;[90m# src/test/resources/features/agregar-producto-venta.feature:15&amp#27;[0m
  &amp#27;[32mGiven &amp#27;[0m&amp#27;[32mel usuario ha iniciado sesion en el modulo de ventas&amp#27;[0m                   &amp#27;[90m# com.inventario.steps.RegistrarVentaStepDefinitions.elUsuarioHaIniciadoSesionEnElModuloDeVentas()&amp#27;[0m
  &amp#27;[32mAnd &amp#27;[0m&amp#27;[32mel usuario esta en el formulario de nueva venta con cliente seleccionado&amp#27;[0m &amp#27;[90m# com.inventario.steps.AgregarProductoVentaStepDefinitions.elUsuarioEstaEnElFormularioDeNuevaVentaConClienteSeleccionado()&amp#27;[0m
  &amp#27;[32mWhen &amp#27;[0m&amp#27;[32mel usuario agrega un producto usando su ID como codigo de barras&amp#27;[0m        &amp#27;[90m# com.inventario.steps.AgregarProductoVentaStepDefinitions.elUsuarioAgregaUnProductoUsandoSuIDComoCodigoDeBarras()&amp#27;[0m
  &amp#27;[32mThen &amp#27;[0m&amp#27;[32mel producto aparece en el detalle de la venta con total mayor a cero&amp#27;[0m    &amp#27;[90m# com.inventario.steps.AgregarProductoVentaStepDefinitions.elProductoApareceEnElDetalleConTotalMayorACero()&amp#27;[0m
]]></system-out>
    <system-err><![CDATA[[main] INFO  - 
  _____   ___   ___   _____     ___   _____     _     ___   _____   ___   ___  
 |_   _| | __| / __| |_   _|   / __| |_   _|   /_\   | _ \ |_   _| | __| |   \ 
   | |   | _|  \__ \   | |     \__ \   | |    / _ \  |   /   | |   | _|  | |) |
   |_|   |___| |___/   |_|     |___/   |_|   /_/ \_\ |_|_\   |_|   |___| |___/ 

Agregar producto por codigo de barras(hu-14-agregar-productos-al-detalle-de-venta;agregar-producto-por-codigo-de-barras)
--------------------------------------------------------------------------------
[main] INFO net.serenitybdd.core.webdriver.driverproviders.ChromeDriverProvider - Starting Chrome driver instance with capabilities:
[main] INFO net.serenitybdd.core.webdriver.driverproviders.ChromeDriverProvider - Capabilities {acceptInsecureCerts: false, browserName: chrome, goog:chromeOptions: {args: [--no-sandbox,--headless=new...], extensions: []}}
may 16, 2026 11:42:50 P. M. org.openqa.selenium.devtools.CdpVersionFinder findNearestMatch
ADVERTENCIA: Unable to find CDP implementation matching 148
may 16, 2026 11:42:50 P. M. org.openqa.selenium.chromium.ChromiumDriver lambda$new$5
ADVERTENCIA: Unable to find version of CDP to use for 148.0.7778.167. You may need to include a dependency on a specific version of the CDP using something similar to `org.seleniumhq.selenium:selenium-devtools-v86:4.21.0` where the version ("v86") matches the version of the chromium-based browser you're using and the version number of the artifact is the same as Selenium's.
[main] INFO  - 
  _____   ___   ___   _____     ___     _     ___   ___   ___   ___  
 |_   _| | __| / __| |_   _|   | _ \   /_\   / __| / __| | __| |   \ 
   | |   | _|  \__ \   | |     |  _/  / _ \  \__ \ \__ \ | _|  | |) |
   |_|   |___| |___/   |_|     |_|   /_/ \_\ |___/ |___/ |___| |___/ 

Agregar producto por codigo de barras
----------------------------------------------------------------------
]]></system-err>
  </testcase>
  <testcase name="Codigo de barras no reconocido" classname="HU-14 Agregar productos al detalle de venta" time="2.697">
    <system-out><![CDATA[
@ventas
Scenario: Codigo de barras no reconocido                                         &amp#27;[90m# src/test/resources/features/agregar-producto-venta.feature:19&amp#27;[0m
  &amp#27;[32mGiven &amp#27;[0m&amp#27;[32mel usuario ha iniciado sesion en el modulo de ventas&amp#27;[0m                     &amp#27;[90m# com.inventario.steps.RegistrarVentaStepDefinitions.elUsuarioHaIniciadoSesionEnElModuloDeVentas()&amp#27;[0m
  &amp#27;[32mAnd &amp#27;[0m&amp#27;[32mel usuario esta en el formulario de nueva venta con cliente seleccionado&amp#27;[0m   &amp#27;[90m# com.inventario.steps.AgregarProductoVentaStepDefinitions.elUsuarioEstaEnElFormularioDeNuevaVentaConClienteSeleccionado()&amp#27;[0m
  &amp#27;[32mWhen &amp#27;[0m&amp#27;[32mel usuario ingresa un codigo de barras que no existe en el sistema&amp#27;[0m        &amp#27;[90m# com.inventario.steps.AgregarProductoVentaStepDefinitions.elUsuarioIngresaUnCodigoDeBarrasQueNoExisteEnElSistema()&amp#27;[0m
  &amp#27;[32mThen &amp#27;[0m&amp#27;[32mel sistema muestra el mensaje de error en ventas &amp#27;[0m&amp#27;[32m&amp#27;[1m"Producto no encontrado"&amp#27;[0m &amp#27;[90m# com.inventario.steps.RegistrarVentaStepDefinitions.elSistemaMuestraElMensajeDeErrorEnVentas(java.lang.String)&amp#27;[0m
]]></system-out>
    <system-err><![CDATA[[main] INFO  - 
  _____   ___   ___   _____     ___   _____     _     ___   _____   ___   ___  
 |_   _| | __| / __| |_   _|   / __| |_   _|   /_\   | _ \ |_   _| | __| |   \ 
   | |   | _|  \__ \   | |     \__ \   | |    / _ \  |   /   | |   | _|  | |) |
   |_|   |___| |___/   |_|     |___/   |_|   /_/ \_\ |_|_\   |_|   |___| |___/ 

Codigo de barras no reconocido(hu-14-agregar-productos-al-detalle-de-venta;codigo-de-barras-no-reconocido)
--------------------------------------------------------------------------------
[main] INFO net.serenitybdd.core.webdriver.driverproviders.ChromeDriverProvider - Starting Chrome driver instance with capabilities:
[main] INFO net.serenitybdd.core.webdriver.driverproviders.ChromeDriverProvider - Capabilities {acceptInsecureCerts: false, browserName: chrome, goog:chromeOptions: {args: [--no-sandbox,--headless=new...], extensions: []}}
may 16, 2026 11:42:53 P. M. org.openqa.selenium.devtools.CdpVersionFinder findNearestMatch
ADVERTENCIA: Unable to find CDP implementation matching 148
may 16, 2026 11:42:53 P. M. org.openqa.selenium.chromium.ChromiumDriver lambda$new$5
ADVERTENCIA: Unable to find version of CDP to use for 148.0.7778.167. You may need to include a dependency on a specific version of the CDP using something similar to `org.seleniumhq.selenium:selenium-devtools-v86:4.21.0` where the version ("v86") matches the version of the chromium-based browser you're using and the version number of the artifact is the same as Selenium's.
[main] INFO  - 
  _____   ___   ___   _____     ___     _     ___   ___   ___   ___  
 |_   _| | __| / __| |_   _|   | _ \   /_\   / __| / __| | __| |   \ 
   | |   | _|  \__ \   | |     |  _/  / _ \  \__ \ \__ \ | _|  | |) |
   |_|   |___| |___/   |_|     |_|   /_/ \_\ |___/ |___/ |___| |___/ 

Codigo de barras no reconocido
----------------------------------------------------------------------
]]></system-err>
  </testcase>
  <testcase name="Modificar cantidad de un producto en el detalle" classname="HU-14 Agregar productos al detalle de venta" time="3.087">
    <system-out><![CDATA[
@ventas
Scenario: Modificar cantidad de un producto en el detalle                          &amp#27;[90m# src/test/resources/features/agregar-producto-venta.feature:23&amp#27;[0m
  &amp#27;[32mGiven &amp#27;[0m&amp#27;[32mel usuario ha iniciado sesion en el modulo de ventas&amp#27;[0m                       &amp#27;[90m# com.inventario.steps.RegistrarVentaStepDefinitions.elUsuarioHaIniciadoSesionEnElModuloDeVentas()&amp#27;[0m
  &amp#27;[32mAnd &amp#27;[0m&amp#27;[32mel usuario esta en el formulario de nueva venta con cliente seleccionado&amp#27;[0m     &amp#27;[90m# com.inventario.steps.AgregarProductoVentaStepDefinitions.elUsuarioEstaEnElFormularioDeNuevaVentaConClienteSeleccionado()&amp#27;[0m
  &amp#27;[32mGiven &amp#27;[0m&amp#27;[32mel usuario ha agregado un producto al carrito de venta&amp#27;[0m                     &amp#27;[90m# com.inventario.steps.AgregarProductoVentaStepDefinitions.elUsuarioHaAgregadoUnProductoAlCarritoDeVenta()&amp#27;[0m
  &amp#27;[32mWhen &amp#27;[0m&amp#27;[32mel usuario modifica la cantidad del producto en el detalle&amp#27;[0m                  &amp#27;[90m# com.inventario.steps.AgregarProductoVentaStepDefinitions.elUsuarioModificaLaCantidadDelProductoEnElDetalle()&amp#27;[0m
  &amp#27;[32mThen &amp#27;[0m&amp#27;[32mel campo de cantidad refleja el cambio y el total sigue siendo mayor a cero&amp#27;[0m &amp#27;[90m# com.inventario.steps.AgregarProductoVentaStepDefinitions.elCampoDeCantidadReflejaElCambioYElTotalSigueSiendoMayorACero()&amp#27;[0m
]]></system-out>
    <system-err><![CDATA[[main] INFO  - 
  _____   ___   ___   _____     ___   _____     _     ___   _____   ___   ___  
 |_   _| | __| / __| |_   _|   / __| |_   _|   /_\   | _ \ |_   _| | __| |   \ 
   | |   | _|  \__ \   | |     \__ \   | |    / _ \  |   /   | |   | _|  | |) |
   |_|   |___| |___/   |_|     |___/   |_|   /_/ \_\ |_|_\   |_|   |___| |___/ 

Modificar cantidad de un producto en el detalle(hu-14-agregar-productos-al-detalle-de-venta;modificar-cantidad-de-un-producto-en-el-detalle)
--------------------------------------------------------------------------------
[main] INFO net.serenitybdd.core.webdriver.driverproviders.ChromeDriverProvider - Starting Chrome driver instance with capabilities:
[main] INFO net.serenitybdd.core.webdriver.driverproviders.ChromeDriverProvider - Capabilities {acceptInsecureCerts: false, browserName: chrome, goog:chromeOptions: {args: [--no-sandbox,--headless=new...], extensions: []}}
may 16, 2026 11:42:55 P. M. org.openqa.selenium.devtools.CdpVersionFinder findNearestMatch
ADVERTENCIA: Unable to find CDP implementation matching 148
may 16, 2026 11:42:55 P. M. org.openqa.selenium.chromium.ChromiumDriver lambda$new$5
ADVERTENCIA: Unable to find version of CDP to use for 148.0.7778.167. You may need to include a dependency on a specific version of the CDP using something similar to `org.seleniumhq.selenium:selenium-devtools-v86:4.21.0` where the version ("v86") matches the version of the chromium-based browser you're using and the version number of the artifact is the same as Selenium's.
[main] INFO  - 
  _____   ___   ___   _____     ___     _     ___   ___   ___   ___  
 |_   _| | __| / __| |_   _|   | _ \   /_\   / __| / __| | __| |   \ 
   | |   | _|  \__ \   | |     |  _/  / _ \  \__ \ \__ \ | _|  | |) |
   |_|   |___| |___/   |_|     |_|   /_/ \_\ |___/ |___/ |___| |___/ 

Modificar cantidad de un producto en el detalle
----------------------------------------------------------------------
]]></system-err>
  </testcase>
  <testcase name="Eliminar producto del detalle" classname="HU-14 Agregar productos al detalle de venta" time="3.309">
    <system-out><![CDATA[
@ventas
Scenario: Eliminar producto del detalle                                        &amp#27;[90m# src/test/resources/features/agregar-producto-venta.feature:28&amp#27;[0m
  &amp#27;[32mGiven &amp#27;[0m&amp#27;[32mel usuario ha iniciado sesion en el modulo de ventas&amp#27;[0m                   &amp#27;[90m# com.inventario.steps.RegistrarVentaStepDefinitions.elUsuarioHaIniciadoSesionEnElModuloDeVentas()&amp#27;[0m
  &amp#27;[32mAnd &amp#27;[0m&amp#27;[32mel usuario esta en el formulario de nueva venta con cliente seleccionado&amp#27;[0m &amp#27;[90m# com.inventario.steps.AgregarProductoVentaStepDefinitions.elUsuarioEstaEnElFormularioDeNuevaVentaConClienteSeleccionado()&amp#27;[0m
  &amp#27;[32mGiven &amp#27;[0m&amp#27;[32mel usuario ha agregado un producto al carrito de venta&amp#27;[0m                 &amp#27;[90m# com.inventario.steps.AgregarProductoVentaStepDefinitions.elUsuarioHaAgregadoUnProductoAlCarritoDeVenta()&amp#27;[0m
  &amp#27;[32mWhen &amp#27;[0m&amp#27;[32mel usuario elimina el producto del carrito de venta&amp#27;[0m                     &amp#27;[90m# com.inventario.steps.AgregarProductoVentaStepDefinitions.elUsuarioEliminaElProductoDelCarritoDeVenta()&amp#27;[0m
  &amp#27;[32mThen &amp#27;[0m&amp#27;[32mel carrito de la venta queda vacio&amp#27;[0m                                      &amp#27;[90m# com.inventario.steps.AgregarProductoVentaStepDefinitions.elCarritoDeLaVentaQuedaVacio()&amp#27;[0m
]]></system-out>
    <system-err><![CDATA[[main] INFO  - 
  _____   ___   ___   _____     ___   _____     _     ___   _____   ___   ___  
 |_   _| | __| / __| |_   _|   / __| |_   _|   /_\   | _ \ |_   _| | __| |   \ 
   | |   | _|  \__ \   | |     \__ \   | |    / _ \  |   /   | |   | _|  | |) |
   |_|   |___| |___/   |_|     |___/   |_|   /_/ \_\ |_|_\   |_|   |___| |___/ 

Eliminar producto del detalle(hu-14-agregar-productos-al-detalle-de-venta;eliminar-producto-del-detalle)
--------------------------------------------------------------------------------
[main] INFO net.serenitybdd.core.webdriver.driverproviders.ChromeDriverProvider - Starting Chrome driver instance with capabilities:
[main] INFO net.serenitybdd.core.webdriver.driverproviders.ChromeDriverProvider - Capabilities {acceptInsecureCerts: false, browserName: chrome, goog:chromeOptions: {args: [--no-sandbox,--headless=new...], extensions: []}}
may 16, 2026 11:42:58 P. M. org.openqa.selenium.devtools.CdpVersionFinder findNearestMatch
ADVERTENCIA: Unable to find CDP implementation matching 148
may 16, 2026 11:42:58 P. M. org.openqa.selenium.chromium.ChromiumDriver lambda$new$5
ADVERTENCIA: Unable to find version of CDP to use for 148.0.7778.167. You may need to include a dependency on a specific version of the CDP using something similar to `org.seleniumhq.selenium:selenium-devtools-v86:4.21.0` where the version ("v86") matches the version of the chromium-based browser you're using and the version number of the artifact is the same as Selenium's.
[main] INFO  - 
  _____   ___   ___   _____     ___     _     ___   ___   ___   ___  
 |_   _| | __| / __| |_   _|   | _ \   /_\   / __| / __| | __| |   \ 
   | |   | _|  \__ \   | |     |  _/  / _ \  \__ \ \__ \ | _|  | |) |
   |_|   |___| |___/   |_|     |_|   /_/ \_\ |___/ |___/ |___| |___/ 

Eliminar producto del detalle
----------------------------------------------------------------------
]]></system-err>
  </testcase>
  <testcase name="Acceso no autorizado al modulo de ventas" classname="HU-14 Agregar productos al detalle de venta" time="3.209">
    <system-out><![CDATA[
@ventas
Scenario: Acceso no autorizado al modulo de ventas                                 &amp#27;[90m# src/test/resources/features/agregar-producto-venta.feature:33&amp#27;[0m
  &amp#27;[32mGiven &amp#27;[0m&amp#27;[32mel usuario ha iniciado sesion en el modulo de ventas&amp#27;[0m                       &amp#27;[90m# com.inventario.steps.RegistrarVentaStepDefinitions.elUsuarioHaIniciadoSesionEnElModuloDeVentas()&amp#27;[0m
  &amp#27;[32mAnd &amp#27;[0m&amp#27;[32mel usuario esta en el formulario de nueva venta con cliente seleccionado&amp#27;[0m     &amp#27;[90m# com.inventario.steps.AgregarProductoVentaStepDefinitions.elUsuarioEstaEnElFormularioDeNuevaVentaConClienteSeleccionado()&amp#27;[0m
  &amp#27;[32mGiven &amp#27;[0m&amp#27;[32mel usuario inicia sesion con el rol &amp#27;[0m&amp#27;[32m&amp#27;[1m"Produccion"&amp#27;[0m                           &amp#27;[90m# com.inventario.steps.RolesStepDefinitions.elUsuarioIniciaSesionConElRol(java.lang.String)&amp#27;[0m
  &amp#27;[32mWhen &amp#27;[0m&amp#27;[32mel usuario intenta acceder al modulo de lista de ventas&amp#27;[0m                     &amp#27;[90m# com.inventario.steps.RegistrarVentaStepDefinitions.elUsuarioIntentaAccederAlModuloDeListaDeVentas()&amp#27;[0m
  &amp#27;[32mThen &amp#27;[0m&amp#27;[32mel sistema muestra la pagina de acceso denegado&amp#27;[0m                             &amp#27;[90m# com.inventario.steps.RolesStepDefinitions.elSistemaMuestraLaPaginaDeAccesoDenegado()&amp#27;[0m
  &amp#27;[32mAnd &amp#27;[0m&amp#27;[32mel sistema muestra el mensaje &amp#27;[0m&amp#27;[32m&amp#27;[1m"No tiene permisos para acceder a este modulo"&amp#27;[0m &amp#27;[90m# com.inventario.steps.RolesStepDefinitions.elSistemaMuestraElMensaje(java.lang.String)&amp#27;[0m
]]></system-out>
    <system-err><![CDATA[[main] INFO  - 
  _____   ___   ___   _____     ___   _____     _     ___   _____   ___   ___  
 |_   _| | __| / __| |_   _|   / __| |_   _|   /_\   | _ \ |_   _| | __| |   \ 
   | |   | _|  \__ \   | |     \__ \   | |    / _ \  |   /   | |   | _|  | |) |
   |_|   |___| |___/   |_|     |___/   |_|   /_/ \_\ |_|_\   |_|   |___| |___/ 

Acceso no autorizado al modulo de ventas(hu-14-agregar-productos-al-detalle-de-venta;acceso-no-autorizado-al-modulo-de-ventas)
--------------------------------------------------------------------------------
[main] INFO net.serenitybdd.core.webdriver.driverproviders.ChromeDriverProvider - Starting Chrome driver instance with capabilities:
[main] INFO net.serenitybdd.core.webdriver.driverproviders.ChromeDriverProvider - Capabilities {acceptInsecureCerts: false, browserName: chrome, goog:chromeOptions: {args: [--no-sandbox,--headless=new...], extensions: []}}
may 16, 2026 11:43:02 P. M. org.openqa.selenium.devtools.CdpVersionFinder findNearestMatch
ADVERTENCIA: Unable to find CDP implementation matching 148
may 16, 2026 11:43:02 P. M. org.openqa.selenium.chromium.ChromiumDriver lambda$new$5
ADVERTENCIA: Unable to find version of CDP to use for 148.0.7778.167. You may need to include a dependency on a specific version of the CDP using something similar to `org.seleniumhq.selenium:selenium-devtools-v86:4.21.0` where the version ("v86") matches the version of the chromium-based browser you're using and the version number of the artifact is the same as Selenium's.
[main] INFO  - 
  _____   ___   ___   _____     ___     _     ___   ___   ___   ___  
 |_   _| | __| / __| |_   _|   | _ \   /_\   / __| / __| | __| |   \ 
   | |   | _|  \__ \   | |     |  _/  / _ \  \__ \ \__ \ | _|  | |) |
   |_|   |___| |___/   |_|     |_|   /_/ \_\ |___/ |___/ |___| |___/ 

Acceso no autorizado al modulo de ventas
----------------------------------------------------------------------
]]></system-err>
  </testcase>
  <testcase name="Asignacion exitosa de rol" classname="HU-08 Asignar rol a usuario" time="4.065">
    <system-out><![CDATA[
@usuarios
Scenario: Asignacion exitosa de rol                                                     &amp#27;[90m# src/test/resources/features/asignar-rol.feature:10&amp#27;[0m
  &amp#27;[32mGiven &amp#27;[0m&amp#27;[32mel administrador ha iniciado sesion para gestion de usuarios&amp#27;[0m                    &amp#27;[90m# com.inventario.steps.CrearUsuarioStepDefinitions.elAdministradorHaIniciadoSesionParaGestionDeUsuarios()&amp#27;[0m
  &amp#27;[32mGiven &amp#27;[0m&amp#27;[32mexiste un usuario registrado para la prueba de asignacion de rol&amp#27;[0m                &amp#27;[90m# com.inventario.steps.AsignarRolStepDefinitions.existeUnUsuarioRegistradoParaLaPruebaDeAsignacionDeRol()&amp#27;[0m
  &amp#27;[32mWhen &amp#27;[0m&amp#27;[32mel usuario abre el modal de asignacion de rol del primer usuario&amp#27;[0m                 &amp#27;[90m# com.inventario.steps.AsignarRolStepDefinitions.elUsuarioAbreElModalDeAsignacionDeRolDelPrimerUsuario()&amp#27;[0m
  &amp#27;[32mAnd &amp#27;[0m&amp#27;[32mel usuario selecciona un rol diferente al actual&amp#27;[0m                                  &amp#27;[90m# com.inventario.steps.AsignarRolStepDefinitions.elUsuarioSeleccionaUnRolDiferenteAlActual()&amp#27;[0m
  &amp#27;[32mAnd &amp#27;[0m&amp#27;[32mel usuario confirma la asignacion de rol&amp#27;[0m                                          &amp#27;[90m# com.inventario.steps.AsignarRolStepDefinitions.elUsuarioConfirmaLaAsignacionDeRol()&amp#27;[0m
  &amp#27;[32mThen &amp#27;[0m&amp#27;[32mel sistema muestra el mensaje de exito de asignacion &amp#27;[0m&amp#27;[32m&amp#27;[1m"Rol asignado exitosamente"&amp#27;[0m &amp#27;[90m# com.inventario.steps.AsignarRolStepDefinitions.elSistemaMuestraElMensajeDeExitoDeAsignacion(java.lang.String)&amp#27;[0m
]]></system-out>
    <system-err><![CDATA[[main] INFO  - Test Suite Started: HU-08 Asignar rol a usuario
[main] INFO  - 
  _____   ___   ___   _____     ___   _____     _     ___   _____   ___   ___  
 |_   _| | __| / __| |_   _|   / __| |_   _|   /_\   | _ \ |_   _| | __| |   \ 
   | |   | _|  \__ \   | |     \__ \   | |    / _ \  |   /   | |   | _|  | |) |
   |_|   |___| |___/   |_|     |___/   |_|   /_/ \_\ |_|_\   |_|   |___| |___/ 

Asignacion exitosa de rol(hu-08-asignar-rol-a-usuario;asignacion-exitosa-de-rol)
--------------------------------------------------------------------------------
[main] INFO net.serenitybdd.core.webdriver.driverproviders.ChromeDriverProvider - Starting Chrome driver instance with capabilities:
[main] INFO net.serenitybdd.core.webdriver.driverproviders.ChromeDriverProvider - Capabilities {acceptInsecureCerts: false, browserName: chrome, goog:chromeOptions: {args: [--no-sandbox,--headless=new...], extensions: []}}
may 16, 2026 11:43:05 P. M. org.openqa.selenium.devtools.CdpVersionFinder findNearestMatch
ADVERTENCIA: Unable to find CDP implementation matching 148
may 16, 2026 11:43:05 P. M. org.openqa.selenium.chromium.ChromiumDriver lambda$new$5
ADVERTENCIA: Unable to find version of CDP to use for 148.0.7778.167. You may need to include a dependency on a specific version of the CDP using something similar to `org.seleniumhq.selenium:selenium-devtools-v86:4.21.0` where the version ("v86") matches the version of the chromium-based browser you're using and the version number of the artifact is the same as Selenium's.
[main] INFO  - 
  _____   ___   ___   _____     ___     _     ___   ___   ___   ___  
 |_   _| | __| / __| |_   _|   | _ \   /_\   / __| / __| | __| |   \ 
   | |   | _|  \__ \   | |     |  _/  / _ \  \__ \ \__ \ | _|  | |) |
   |_|   |___| |___/   |_|     |_|   /_/ \_\ |___/ |___/ |___| |___/ 

Asignacion exitosa de rol
----------------------------------------------------------------------
]]></system-err>
  </testcase>
  <testcase name="Intento de asignar el mismo rol actual" classname="HU-08 Asignar rol a usuario" time="3.989">
    <system-out><![CDATA[
@usuarios
Scenario: Intento de asignar el mismo rol actual                                                   &amp#27;[90m# src/test/resources/features/asignar-rol.feature:17&amp#27;[0m
  &amp#27;[32mGiven &amp#27;[0m&amp#27;[32mel administrador ha iniciado sesion para gestion de usuarios&amp#27;[0m                               &amp#27;[90m# com.inventario.steps.CrearUsuarioStepDefinitions.elAdministradorHaIniciadoSesionParaGestionDeUsuarios()&amp#27;[0m
  &amp#27;[32mGiven &amp#27;[0m&amp#27;[32mexiste un usuario registrado para la prueba de asignacion de rol&amp#27;[0m                           &amp#27;[90m# com.inventario.steps.AsignarRolStepDefinitions.existeUnUsuarioRegistradoParaLaPruebaDeAsignacionDeRol()&amp#27;[0m
  &amp#27;[32mWhen &amp#27;[0m&amp#27;[32mel usuario abre el modal de asignacion de rol del primer usuario&amp#27;[0m                            &amp#27;[90m# com.inventario.steps.AsignarRolStepDefinitions.elUsuarioAbreElModalDeAsignacionDeRolDelPrimerUsuario()&amp#27;[0m
  &amp#27;[32mAnd &amp#27;[0m&amp#27;[32mel usuario confirma la asignacion de rol&amp#27;[0m                                                     &amp#27;[90m# com.inventario.steps.AsignarRolStepDefinitions.elUsuarioConfirmaLaAsignacionDeRol()&amp#27;[0m
  &amp#27;[32mThen &amp#27;[0m&amp#27;[32mel sistema muestra el mensaje de error de asignacion &amp#27;[0m&amp#27;[32m&amp#27;[1m"El usuario ya tiene ese rol asignado"&amp#27;[0m &amp#27;[90m# com.inventario.steps.AsignarRolStepDefinitions.elSistemaMuestraElMensajeDeErrorDeAsignacion(java.lang.String)&amp#27;[0m
]]></system-out>
    <system-err><![CDATA[[main] INFO  - 
  _____   ___   ___   _____     ___   _____     _     ___   _____   ___   ___  
 |_   _| | __| / __| |_   _|   / __| |_   _|   /_\   | _ \ |_   _| | __| |   \ 
   | |   | _|  \__ \   | |     \__ \   | |    / _ \  |   /   | |   | _|  | |) |
   |_|   |___| |___/   |_|     |___/   |_|   /_/ \_\ |_|_\   |_|   |___| |___/ 

Intento de asignar el mismo rol actual(hu-08-asignar-rol-a-usuario;intento-de-asignar-el-mismo-rol-actual)
--------------------------------------------------------------------------------
[main] INFO net.serenitybdd.core.webdriver.driverproviders.ChromeDriverProvider - Starting Chrome driver instance with capabilities:
[main] INFO net.serenitybdd.core.webdriver.driverproviders.ChromeDriverProvider - Capabilities {acceptInsecureCerts: false, browserName: chrome, goog:chromeOptions: {args: [--no-sandbox,--headless=new...], extensions: []}}
may 16, 2026 11:43:09 P. M. org.openqa.selenium.devtools.CdpVersionFinder findNearestMatch
ADVERTENCIA: Unable to find CDP implementation matching 148
may 16, 2026 11:43:09 P. M. org.openqa.selenium.chromium.ChromiumDriver lambda$new$5
ADVERTENCIA: Unable to find version of CDP to use for 148.0.7778.167. You may need to include a dependency on a specific version of the CDP using something similar to `org.seleniumhq.selenium:selenium-devtools-v86:4.21.0` where the version ("v86") matches the version of the chromium-based browser you're using and the version number of the artifact is the same as Selenium's.
[main] INFO  - 
  _____   ___   ___   _____     ___     _     ___   ___   ___   ___  
 |_   _| | __| / __| |_   _|   | _ \   /_\   / __| / __| | __| |   \ 
   | |   | _|  \__ \   | |     |  _/  / _ \  \__ \ \__ \ | _|  | |) |
   |_|   |___| |___/   |_|     |_|   /_/ \_\ |___/ |___/ |___| |___/ 

Intento de asignar el mismo rol actual
----------------------------------------------------------------------
]]></system-err>
  </testcase>
  <testcase name="Seleccion de rol vacia al asignar" classname="HU-08 Asignar rol a usuario" time="4.286">
    <system-out><![CDATA[
@usuarios
Scenario: Seleccion de rol vacia al asignar                                           &amp#27;[90m# src/test/resources/features/asignar-rol.feature:23&amp#27;[0m
  &amp#27;[32mGiven &amp#27;[0m&amp#27;[32mel administrador ha iniciado sesion para gestion de usuarios&amp#27;[0m                  &amp#27;[90m# com.inventario.steps.CrearUsuarioStepDefinitions.elAdministradorHaIniciadoSesionParaGestionDeUsuarios()&amp#27;[0m
  &amp#27;[32mGiven &amp#27;[0m&amp#27;[32mexiste un usuario registrado para la prueba de asignacion de rol&amp#27;[0m              &amp#27;[90m# com.inventario.steps.AsignarRolStepDefinitions.existeUnUsuarioRegistradoParaLaPruebaDeAsignacionDeRol()&amp#27;[0m
  &amp#27;[32mWhen &amp#27;[0m&amp#27;[32mel usuario abre el modal de asignacion de rol del primer usuario&amp#27;[0m               &amp#27;[90m# com.inventario.steps.AsignarRolStepDefinitions.elUsuarioAbreElModalDeAsignacionDeRolDelPrimerUsuario()&amp#27;[0m
  &amp#27;[32mAnd &amp#27;[0m&amp#27;[32mel usuario limpia la seleccion de rol en el modal&amp#27;[0m                               &amp#27;[90m# com.inventario.steps.AsignarRolStepDefinitions.elUsuarioLimpiaLaSeleccionDeRolEnElModal()&amp#27;[0m
  &amp#27;[32mAnd &amp#27;[0m&amp#27;[32mel usuario confirma la asignacion de rol&amp#27;[0m                                        &amp#27;[90m# com.inventario.steps.AsignarRolStepDefinitions.elUsuarioConfirmaLaAsignacionDeRol()&amp#27;[0m
  &amp#27;[32mThen &amp#27;[0m&amp#27;[32mel sistema muestra el mensaje de error de asignacion &amp#27;[0m&amp#27;[32m&amp#27;[1m"Debe seleccionar un rol"&amp#27;[0m &amp#27;[90m# com.inventario.steps.AsignarRolStepDefinitions.elSistemaMuestraElMensajeDeErrorDeAsignacion(java.lang.String)&amp#27;[0m
]]></system-out>
    <system-err><![CDATA[[main] INFO  - 
  _____   ___   ___   _____     ___   _____     _     ___   _____   ___   ___  
 |_   _| | __| / __| |_   _|   / __| |_   _|   /_\   | _ \ |_   _| | __| |   \ 
   | |   | _|  \__ \   | |     \__ \   | |    / _ \  |   /   | |   | _|  | |) |
   |_|   |___| |___/   |_|     |___/   |_|   /_/ \_\ |_|_\   |_|   |___| |___/ 

Seleccion de rol vacia al asignar(hu-08-asignar-rol-a-usuario;seleccion-de-rol-vacia-al-asignar)
--------------------------------------------------------------------------------
[main] INFO net.serenitybdd.core.webdriver.driverproviders.ChromeDriverProvider - Starting Chrome driver instance with capabilities:
[main] INFO net.serenitybdd.core.webdriver.driverproviders.ChromeDriverProvider - Capabilities {acceptInsecureCerts: false, browserName: chrome, goog:chromeOptions: {args: [--no-sandbox,--headless=new...], extensions: []}}
may 16, 2026 11:43:13 P. M. org.openqa.selenium.devtools.CdpVersionFinder findNearestMatch
ADVERTENCIA: Unable to find CDP implementation matching 148
may 16, 2026 11:43:13 P. M. org.openqa.selenium.chromium.ChromiumDriver lambda$new$5
ADVERTENCIA: Unable to find version of CDP to use for 148.0.7778.167. You may need to include a dependency on a specific version of the CDP using something similar to `org.seleniumhq.selenium:selenium-devtools-v86:4.21.0` where the version ("v86") matches the version of the chromium-based browser you're using and the version number of the artifact is the same as Selenium's.
[main] INFO  - 
  _____   ___   ___   _____     ___     _     ___   ___   ___   ___  
 |_   _| | __| / __| |_   _|   | _ \   /_\   / __| / __| | __| |   \ 
   | |   | _|  \__ \   | |     |  _/  / _ \  \__ \ \__ \ | _|  | |) |
   |_|   |___| |___/   |_|     |_|   /_/ \_\ |___/ |___/ |___| |___/ 

Seleccion de rol vacia al asignar
----------------------------------------------------------------------
]]></system-err>
  </testcase>
  <testcase name="Acceso no autorizado al modulo de gestion de usuarios" classname="HU-08 Asignar rol a usuario" time="2.74">
    <system-out><![CDATA[
@usuarios
Scenario: Acceso no autorizado al modulo de gestion de usuarios                    &amp#27;[90m# src/test/resources/features/asignar-rol.feature:30&amp#27;[0m
  &amp#27;[32mGiven &amp#27;[0m&amp#27;[32mel administrador ha iniciado sesion para gestion de usuarios&amp#27;[0m               &amp#27;[90m# com.inventario.steps.CrearUsuarioStepDefinitions.elAdministradorHaIniciadoSesionParaGestionDeUsuarios()&amp#27;[0m
  &amp#27;[32mGiven &amp#27;[0m&amp#27;[32mel usuario inicia sesion con el rol &amp#27;[0m&amp#27;[32m&amp#27;[1m"Ventas"&amp#27;[0m                               &amp#27;[90m# com.inventario.steps.RolesStepDefinitions.elUsuarioIniciaSesionConElRol(java.lang.String)&amp#27;[0m
  &amp#27;[32mWhen &amp#27;[0m&amp#27;[32mel usuario intenta acceder al modulo de gestion de usuarios&amp#27;[0m                 &amp#27;[90m# com.inventario.steps.AsignarRolStepDefinitions.elUsuarioIntentaAccederAlModuloDeGestionDeUsuarios()&amp#27;[0m
  &amp#27;[32mThen &amp#27;[0m&amp#27;[32mel sistema muestra la pagina de acceso denegado&amp#27;[0m                             &amp#27;[90m# com.inventario.steps.RolesStepDefinitions.elSistemaMuestraLaPaginaDeAccesoDenegado()&amp#27;[0m
  &amp#27;[32mAnd &amp#27;[0m&amp#27;[32mel sistema muestra el mensaje &amp#27;[0m&amp#27;[32m&amp#27;[1m"No tiene permisos para acceder a este modulo"&amp#27;[0m &amp#27;[90m# com.inventario.steps.RolesStepDefinitions.elSistemaMuestraElMensaje(java.lang.String)&amp#27;[0m
]]></system-out>
    <system-err><![CDATA[[main] INFO  - 
  _____   ___   ___   _____     ___   _____     _     ___   _____   ___   ___  
 |_   _| | __| / __| |_   _|   / __| |_   _|   /_\   | _ \ |_   _| | __| |   \ 
   | |   | _|  \__ \   | |     \__ \   | |    / _ \  |   /   | |   | _|  | |) |
   |_|   |___| |___/   |_|     |___/   |_|   /_/ \_\ |_|_\   |_|   |___| |___/ 

Acceso no autorizado al modulo de gestion de usuarios(hu-08-asignar-rol-a-usuario;acceso-no-autorizado-al-modulo-de-gestion-de-usuarios)
--------------------------------------------------------------------------------
[main] INFO net.serenitybdd.core.webdriver.driverproviders.ChromeDriverProvider - Starting Chrome driver instance with capabilities:
[main] INFO net.serenitybdd.core.webdriver.driverproviders.ChromeDriverProvider - Capabilities {acceptInsecureCerts: false, browserName: chrome, goog:chromeOptions: {args: [--no-sandbox,--headless=new...], extensions: []}}
may 16, 2026 11:43:17 P. M. org.openqa.selenium.devtools.CdpVersionFinder findNearestMatch
ADVERTENCIA: Unable to find CDP implementation matching 148
may 16, 2026 11:43:17 P. M. org.openqa.selenium.chromium.ChromiumDriver lambda$new$5
ADVERTENCIA: Unable to find version of CDP to use for 148.0.7778.167. You may need to include a dependency on a specific version of the CDP using something similar to `org.seleniumhq.selenium:selenium-devtools-v86:4.21.0` where the version ("v86") matches the version of the chromium-based browser you're using and the version number of the artifact is the same as Selenium's.
[main] INFO  - 
  _____   ___   ___   _____     ___     _     ___   ___   ___   ___  
 |_   _| | __| / __| |_   _|   | _ \   /_\   / __| / __| | __| |   \ 
   | |   | _|  \__ \   | |     |  _/  / _ \  \__ \ \__ \ | _|  | |) |
   |_|   |___| |___/   |_|     |_|   /_/ \_\ |___/ |___/ |___| |___/ 

Acceso no autorizado al modulo de gestion de usuarios
----------------------------------------------------------------------
]]></system-err>
  </testcase>
  <testcase name="Creacion exitosa de usuario" classname="HU-07 Crear usuario del sistema" time="3.939">
    <system-out><![CDATA[
@usuarios
Scenario: Creacion exitosa de usuario                                                  &amp#27;[90m# src/test/resources/features/crear-usuario.feature:10&amp#27;[0m
  &amp#27;[32mGiven &amp#27;[0m&amp#27;[32mel administrador ha iniciado sesion para gestion de usuarios&amp#27;[0m                   &amp#27;[90m# com.inventario.steps.CrearUsuarioStepDefinitions.elAdministradorHaIniciadoSesionParaGestionDeUsuarios()&amp#27;[0m
  &amp#27;[32mGiven &amp#27;[0m&amp#27;[32mexiste un empleado activo disponible para asignar usuario&amp#27;[0m                      &amp#27;[90m# com.inventario.steps.CrearUsuarioStepDefinitions.existeUnEmpleadoActivoDisponibleParaAsignarUsuario()&amp#27;[0m
  &amp#27;[32mWhen &amp#27;[0m&amp#27;[32mel usuario diligencia el formulario de creacion de usuario&amp#27;[0m                      &amp#27;[90m# com.inventario.steps.CrearUsuarioStepDefinitions.elUsuarioDiligenciaElFormularioDeCreacionDeUsuario()&amp#27;[0m
  &amp#27;[32mThen &amp#27;[0m&amp#27;[32mel sistema muestra el mensaje de exito de usuario &amp#27;[0m&amp#27;[32m&amp#27;[1m"Usuario creado exitosamente"&amp#27;[0m &amp#27;[90m# com.inventario.steps.CrearUsuarioStepDefinitions.elSistemaMuestraElMensajeDeExitoDeUsuario(java.lang.String)&amp#27;[0m
]]></system-out>
    <system-err><![CDATA[[main] INFO  - Test Suite Started: HU-07 Crear usuario del sistema
[main] INFO  - 
  _____   ___   ___   _____     ___   _____     _     ___   _____   ___   ___  
 |_   _| | __| / __| |_   _|   / __| |_   _|   /_\   | _ \ |_   _| | __| |   \ 
   | |   | _|  \__ \   | |     \__ \   | |    / _ \  |   /   | |   | _|  | |) |
   |_|   |___| |___/   |_|     |___/   |_|   /_/ \_\ |_|_\   |_|   |___| |___/ 

Creacion exitosa de usuario(hu-07-crear-usuario-del-sistema;creacion-exitosa-de-usuario)
--------------------------------------------------------------------------------
[main] INFO net.serenitybdd.core.webdriver.driverproviders.ChromeDriverProvider - Starting Chrome driver instance with capabilities:
[main] INFO net.serenitybdd.core.webdriver.driverproviders.ChromeDriverProvider - Capabilities {acceptInsecureCerts: false, browserName: chrome, goog:chromeOptions: {args: [--no-sandbox,--headless=new...], extensions: []}}
may 16, 2026 11:43:20 P. M. org.openqa.selenium.devtools.CdpVersionFinder findNearestMatch
ADVERTENCIA: Unable to find CDP implementation matching 148
may 16, 2026 11:43:20 P. M. org.openqa.selenium.chromium.ChromiumDriver lambda$new$5
ADVERTENCIA: Unable to find version of CDP to use for 148.0.7778.167. You may need to include a dependency on a specific version of the CDP using something similar to `org.seleniumhq.selenium:selenium-devtools-v86:4.21.0` where the version ("v86") matches the version of the chromium-based browser you're using and the version number of the artifact is the same as Selenium's.
[main] INFO  - 
  _____   ___   ___   _____     ___     _     ___   ___   ___   ___  
 |_   _| | __| / __| |_   _|   | _ \   /_\   / __| / __| | __| |   \ 
   | |   | _|  \__ \   | |     |  _/  / _ \  \__ \ \__ \ | _|  | |) |
   |_|   |___| |___/   |_|     |_|   /_/ \_\ |___/ |___/ |___| |___/ 

Creacion exitosa de usuario
----------------------------------------------------------------------
]]></system-err>
  </testcase>
  <testcase name="Empleado con multiples usuarios" classname="HU-07 Crear usuario del sistema" time="4.272">
    <system-out><![CDATA[
@usuarios
Scenario: Empleado con multiples usuarios                                              &amp#27;[90m# src/test/resources/features/crear-usuario.feature:15&amp#27;[0m
  &amp#27;[32mGiven &amp#27;[0m&amp#27;[32mel administrador ha iniciado sesion para gestion de usuarios&amp#27;[0m                   &amp#27;[90m# com.inventario.steps.CrearUsuarioStepDefinitions.elAdministradorHaIniciadoSesionParaGestionDeUsuarios()&amp#27;[0m
  &amp#27;[32mGiven &amp#27;[0m&amp#27;[32mexiste un empleado activo disponible para asignar usuario&amp#27;[0m                      &amp#27;[90m# com.inventario.steps.CrearUsuarioStepDefinitions.existeUnEmpleadoActivoDisponibleParaAsignarUsuario()&amp#27;[0m
  &amp#27;[32mWhen &amp#27;[0m&amp#27;[32mel usuario crea un primer usuario para ese empleado con rol &amp#27;[0m&amp#27;[32m&amp#27;[1m"Ventas"&amp#27;[0m            &amp#27;[90m# com.inventario.steps.CrearUsuarioStepDefinitions.elUsuarioCreaUnPrimerUsuarioParaEseEmpleadoConRol(java.lang.String)&amp#27;[0m
  &amp#27;[32mAnd &amp#27;[0m&amp#27;[32mel usuario crea un segundo usuario para el mismo empleado con rol &amp#27;[0m&amp#27;[32m&amp#27;[1m"Produccion"&amp#27;[0m   &amp#27;[90m# com.inventario.steps.CrearUsuarioStepDefinitions.elUsuarioCreaUnSegundoUsuarioParaElMismoEmpleadoConRol(java.lang.String)&amp#27;[0m
  &amp#27;[32mThen &amp#27;[0m&amp#27;[32mel sistema muestra el mensaje de exito de usuario &amp#27;[0m&amp#27;[32m&amp#27;[1m"Usuario creado exitosamente"&amp#27;[0m &amp#27;[90m# com.inventario.steps.CrearUsuarioStepDefinitions.elSistemaMuestraElMensajeDeExitoDeUsuario(java.lang.String)&amp#27;[0m
]]></system-out>
    <system-err><![CDATA[[main] INFO  - 
  _____   ___   ___   _____     ___   _____     _     ___   _____   ___   ___  
 |_   _| | __| / __| |_   _|   / __| |_   _|   /_\   | _ \ |_   _| | __| |   \ 
   | |   | _|  \__ \   | |     \__ \   | |    / _ \  |   /   | |   | _|  | |) |
   |_|   |___| |___/   |_|     |___/   |_|   /_/ \_\ |_|_\   |_|   |___| |___/ 

Empleado con multiples usuarios(hu-07-crear-usuario-del-sistema;empleado-con-multiples-usuarios)
--------------------------------------------------------------------------------
[main] INFO net.serenitybdd.core.webdriver.driverproviders.ChromeDriverProvider - Starting Chrome driver instance with capabilities:
[main] INFO net.serenitybdd.core.webdriver.driverproviders.ChromeDriverProvider - Capabilities {acceptInsecureCerts: false, browserName: chrome, goog:chromeOptions: {args: [--no-sandbox,--headless=new...], extensions: []}}
may 16, 2026 11:43:24 P. M. org.openqa.selenium.devtools.CdpVersionFinder findNearestMatch
ADVERTENCIA: Unable to find CDP implementation matching 148
may 16, 2026 11:43:24 P. M. org.openqa.selenium.chromium.ChromiumDriver lambda$new$5
ADVERTENCIA: Unable to find version of CDP to use for 148.0.7778.167. You may need to include a dependency on a specific version of the CDP using something similar to `org.seleniumhq.selenium:selenium-devtools-v86:4.21.0` where the version ("v86") matches the version of the chromium-based browser you're using and the version number of the artifact is the same as Selenium's.
[main] INFO  - 
  _____   ___   ___   _____     ___     _     ___   ___   ___   ___  
 |_   _| | __| / __| |_   _|   | _ \   /_\   / __| / __| | __| |   \ 
   | |   | _|  \__ \   | |     |  _/  / _ \  \__ \ \__ \ | _|  | |) |
   |_|   |___| |___/   |_|     |_|   /_/ \_\ |___/ |___/ |___| |___/ 

Empleado con multiples usuarios
----------------------------------------------------------------------
]]></system-err>
  </testcase>
  <testcase name="Nombre de usuario duplicado" classname="HU-07 Crear usuario del sistema" time="4.122">
    <system-out><![CDATA[
@usuarios
Scenario: Nombre de usuario duplicado                                                                     &amp#27;[90m# src/test/resources/features/crear-usuario.feature:21&amp#27;[0m
  &amp#27;[32mGiven &amp#27;[0m&amp#27;[32mel administrador ha iniciado sesion para gestion de usuarios&amp#27;[0m                                      &amp#27;[90m# com.inventario.steps.CrearUsuarioStepDefinitions.elAdministradorHaIniciadoSesionParaGestionDeUsuarios()&amp#27;[0m
  &amp#27;[32mGiven &amp#27;[0m&amp#27;[32mexiste un empleado activo disponible para asignar usuario&amp#27;[0m                                         &amp#27;[90m# com.inventario.steps.CrearUsuarioStepDefinitions.existeUnEmpleadoActivoDisponibleParaAsignarUsuario()&amp#27;[0m
  &amp#27;[32mAnd &amp#27;[0m&amp#27;[32mel usuario crea un usuario de prueba para verificar duplicado&amp#27;[0m                                       &amp#27;[90m# com.inventario.steps.CrearUsuarioStepDefinitions.elUsuarioCreaUnUsuarioDePruebaParaVerificarDuplicado()&amp#27;[0m
  &amp#27;[32mWhen &amp#27;[0m&amp#27;[32mel usuario intenta crear otro usuario con el mismo nombre de usuario&amp#27;[0m                               &amp#27;[90m# com.inventario.steps.CrearUsuarioStepDefinitions.elUsuarioIntentaCrearOtroUsuarioConElMismoNombreDeUsuario()&amp#27;[0m
  &amp#27;[32mThen &amp#27;[0m&amp#27;[32mel sistema muestra el mensaje de error de usuario &amp#27;[0m&amp#27;[32m&amp#27;[1m"Ya existe un usuario con ese nombre de usuario"&amp#27;[0m &amp#27;[90m# com.inventario.steps.CrearUsuarioStepDefinitions.elSistemaMuestraElMensajeDeErrorDeUsuario(java.lang.String)&amp#27;[0m
]]></system-out>
    <system-err><![CDATA[[main] INFO  - 
  _____   ___   ___   _____     ___   _____     _     ___   _____   ___   ___  
 |_   _| | __| / __| |_   _|   / __| |_   _|   /_\   | _ \ |_   _| | __| |   \ 
   | |   | _|  \__ \   | |     \__ \   | |    / _ \  |   /   | |   | _|  | |) |
   |_|   |___| |___/   |_|     |___/   |_|   /_/ \_\ |_|_\   |_|   |___| |___/ 

Nombre de usuario duplicado(hu-07-crear-usuario-del-sistema;nombre-de-usuario-duplicado)
--------------------------------------------------------------------------------
[main] INFO net.serenitybdd.core.webdriver.driverproviders.ChromeDriverProvider - Starting Chrome driver instance with capabilities:
[main] INFO net.serenitybdd.core.webdriver.driverproviders.ChromeDriverProvider - Capabilities {acceptInsecureCerts: false, browserName: chrome, goog:chromeOptions: {args: [--no-sandbox,--headless=new...], extensions: []}}
may 16, 2026 11:43:28 P. M. org.openqa.selenium.devtools.CdpVersionFinder findNearestMatch
ADVERTENCIA: Unable to find CDP implementation matching 148
may 16, 2026 11:43:28 P. M. org.openqa.selenium.chromium.ChromiumDriver lambda$new$5
ADVERTENCIA: Unable to find version of CDP to use for 148.0.7778.167. You may need to include a dependency on a specific version of the CDP using something similar to `org.seleniumhq.selenium:selenium-devtools-v86:4.21.0` where the version ("v86") matches the version of the chromium-based browser you're using and the version number of the artifact is the same as Selenium's.
[main] INFO  - 
  _____   ___   ___   _____     ___     _     ___   ___   ___   ___  
 |_   _| | __| / __| |_   _|   | _ \   /_\   / __| / __| | __| |   \ 
   | |   | _|  \__ \   | |     |  _/  / _ \  \__ \ \__ \ | _|  | |) |
   |_|   |___| |___/   |_|     |_|   /_/ \_\ |___/ |___/ |___| |___/ 

Nombre de usuario duplicado
----------------------------------------------------------------------
]]></system-err>
  </testcase>
  <testcase name="Contrasena invalida" classname="HU-07 Crear usuario del sistema" time="3.422">
    <system-out><![CDATA[
@usuarios
Scenario: Contrasena invalida                                                                           &amp#27;[90m# src/test/resources/features/crear-usuario.feature:27&amp#27;[0m
  &amp#27;[32mGiven &amp#27;[0m&amp#27;[32mel administrador ha iniciado sesion para gestion de usuarios&amp#27;[0m                                    &amp#27;[90m# com.inventario.steps.CrearUsuarioStepDefinitions.elAdministradorHaIniciadoSesionParaGestionDeUsuarios()&amp#27;[0m
  &amp#27;[32mGiven &amp#27;[0m&amp#27;[32mexiste un empleado activo disponible para asignar usuario&amp#27;[0m                                       &amp#27;[90m# com.inventario.steps.CrearUsuarioStepDefinitions.existeUnEmpleadoActivoDisponibleParaAsignarUsuario()&amp#27;[0m
  &amp#27;[32mWhen &amp#27;[0m&amp#27;[32mel usuario ingresa todos los campos con una contrasena de 6 caracteres&amp#27;[0m                           &amp#27;[90m# com.inventario.steps.CrearUsuarioStepDefinitions.elUsuarioIngresaTodosLosCamposConUnaContrasenaDeSeisCaracteres()&amp#27;[0m
  &amp#27;[32mThen &amp#27;[0m&amp#27;[32mel sistema muestra el mensaje de error de usuario &amp#27;[0m&amp#27;[32m&amp#27;[1m"La contrasena debe tener mas de 6 caracteres"&amp#27;[0m &amp#27;[90m# com.inventario.steps.CrearUsuarioStepDefinitions.elSistemaMuestraElMensajeDeErrorDeUsuario(java.lang.String)&amp#27;[0m
]]></system-out>
    <system-err><![CDATA[[main] INFO  - 
  _____   ___   ___   _____     ___   _____     _     ___   _____   ___   ___  
 |_   _| | __| / __| |_   _|   / __| |_   _|   /_\   | _ \ |_   _| | __| |   \ 
   | |   | _|  \__ \   | |     \__ \   | |    / _ \  |   /   | |   | _|  | |) |
   |_|   |___| |___/   |_|     |___/   |_|   /_/ \_\ |_|_\   |_|   |___| |___/ 

Contrasena invalida(hu-07-crear-usuario-del-sistema;contrasena-invalida)
--------------------------------------------------------------------------------
[main] INFO net.serenitybdd.core.webdriver.driverproviders.ChromeDriverProvider - Starting Chrome driver instance with capabilities:
[main] INFO net.serenitybdd.core.webdriver.driverproviders.ChromeDriverProvider - Capabilities {acceptInsecureCerts: false, browserName: chrome, goog:chromeOptions: {args: [--no-sandbox,--headless=new...], extensions: []}}
may 16, 2026 11:43:32 P. M. org.openqa.selenium.devtools.CdpVersionFinder findNearestMatch
ADVERTENCIA: Unable to find CDP implementation matching 148
may 16, 2026 11:43:32 P. M. org.openqa.selenium.chromium.ChromiumDriver lambda$new$5
ADVERTENCIA: Unable to find version of CDP to use for 148.0.7778.167. You may need to include a dependency on a specific version of the CDP using something similar to `org.seleniumhq.selenium:selenium-devtools-v86:4.21.0` where the version ("v86") matches the version of the chromium-based browser you're using and the version number of the artifact is the same as Selenium's.
[main] INFO  - 
  _____   ___   ___   _____     ___     _     ___   ___   ___   ___  
 |_   _| | __| / __| |_   _|   | _ \   /_\   / __| / __| | __| |   \ 
   | |   | _|  \__ \   | |     |  _/  / _ \  \__ \ \__ \ | _|  | |) |
   |_|   |___| |___/   |_|     |_|   /_/ \_\ |___/ |___/ |___| |___/ 

Contrasena invalida
----------------------------------------------------------------------
]]></system-err>
  </testcase>
  <testcase name="Campos obligatorios vacios" classname="HU-07 Crear usuario del sistema" time="2.628">
    <system-out><![CDATA[
@usuarios
Scenario: Campos obligatorios vacios                                                         &amp#27;[90m# src/test/resources/features/crear-usuario.feature:32&amp#27;[0m
  &amp#27;[32mGiven &amp#27;[0m&amp#27;[32mel administrador ha iniciado sesion para gestion de usuarios&amp#27;[0m                         &amp#27;[90m# com.inventario.steps.CrearUsuarioStepDefinitions.elAdministradorHaIniciadoSesionParaGestionDeUsuarios()&amp#27;[0m
  &amp#27;[32mWhen &amp#27;[0m&amp#27;[32mel usuario navega al formulario de creacion de usuarios&amp#27;[0m                               &amp#27;[90m# com.inventario.steps.CrearUsuarioStepDefinitions.elUsuarioNavegaAlFormularioDeCreacionDeUsuarios()&amp#27;[0m
  &amp#27;[32mAnd &amp#27;[0m&amp#27;[32mel usuario intenta crear un usuario sin diligenciar los campos&amp#27;[0m                         &amp#27;[90m# com.inventario.steps.CrearUsuarioStepDefinitions.elUsuarioIntentaCrearUnUsuarioSinDiligenciarLosCampos()&amp#27;[0m
  &amp#27;[32mThen &amp#27;[0m&amp#27;[32mel sistema muestra el mensaje de error de usuario &amp#27;[0m&amp#27;[32m&amp#27;[1m"Todos los campos son obligatorios"&amp#27;[0m &amp#27;[90m# com.inventario.steps.CrearUsuarioStepDefinitions.elSistemaMuestraElMensajeDeErrorDeUsuario(java.lang.String)&amp#27;[0m
]]></system-out>
    <system-err><![CDATA[[main] INFO  - 
  _____   ___   ___   _____     ___   _____     _     ___   _____   ___   ___  
 |_   _| | __| / __| |_   _|   / __| |_   _|   /_\   | _ \ |_   _| | __| |   \ 
   | |   | _|  \__ \   | |     \__ \   | |    / _ \  |   /   | |   | _|  | |) |
   |_|   |___| |___/   |_|     |___/   |_|   /_/ \_\ |_|_\   |_|   |___| |___/ 

Campos obligatorios vacios(hu-07-crear-usuario-del-sistema;campos-obligatorios-vacios)
--------------------------------------------------------------------------------
[main] INFO net.serenitybdd.core.webdriver.driverproviders.ChromeDriverProvider - Starting Chrome driver instance with capabilities:
[main] INFO net.serenitybdd.core.webdriver.driverproviders.ChromeDriverProvider - Capabilities {acceptInsecureCerts: false, browserName: chrome, goog:chromeOptions: {args: [--no-sandbox,--headless=new...], extensions: []}}
may 16, 2026 11:43:36 P. M. org.openqa.selenium.devtools.CdpVersionFinder findNearestMatch
ADVERTENCIA: Unable to find CDP implementation matching 148
may 16, 2026 11:43:36 P. M. org.openqa.selenium.chromium.ChromiumDriver lambda$new$5
ADVERTENCIA: Unable to find version of CDP to use for 148.0.7778.167. You may need to include a dependency on a specific version of the CDP using something similar to `org.seleniumhq.selenium:selenium-devtools-v86:4.21.0` where the version ("v86") matches the version of the chromium-based browser you're using and the version number of the artifact is the same as Selenium's.
[main] INFO  - 
  _____   ___   ___   _____     ___     _     ___   ___   ___   ___  
 |_   _| | __| / __| |_   _|   | _ \   /_\   / __| / __| | __| |   \ 
   | |   | _|  \__ \   | |     |  _/  / _ \  \__ \ \__ \ | _|  | |) |
   |_|   |___| |___/   |_|     |_|   /_/ \_\ |___/ |___/ |___| |___/ 

Campos obligatorios vacios
----------------------------------------------------------------------
]]></system-err>
  </testcase>
  <testcase name="Acceso no autorizado al modulo de creacion de usuarios" classname="HU-07 Crear usuario del sistema" time="2.812">
    <system-out><![CDATA[
@usuarios
Scenario: Acceso no autorizado al modulo de creacion de usuarios                   &amp#27;[90m# src/test/resources/features/crear-usuario.feature:37&amp#27;[0m
  &amp#27;[32mGiven &amp#27;[0m&amp#27;[32mel administrador ha iniciado sesion para gestion de usuarios&amp#27;[0m               &amp#27;[90m# com.inventario.steps.CrearUsuarioStepDefinitions.elAdministradorHaIniciadoSesionParaGestionDeUsuarios()&amp#27;[0m
  &amp#27;[32mGiven &amp#27;[0m&amp#27;[32mel usuario inicia sesion con el rol &amp#27;[0m&amp#27;[32m&amp#27;[1m"Ventas"&amp#27;[0m                               &amp#27;[90m# com.inventario.steps.RolesStepDefinitions.elUsuarioIniciaSesionConElRol(java.lang.String)&amp#27;[0m
  &amp#27;[32mWhen &amp#27;[0m&amp#27;[32mel usuario intenta acceder al modulo de creacion de usuarios&amp#27;[0m                &amp#27;[90m# com.inventario.steps.CrearUsuarioStepDefinitions.elUsuarioIntentaAccederAlModuloDeCreacionDeUsuarios()&amp#27;[0m
  &amp#27;[32mThen &amp#27;[0m&amp#27;[32mel sistema muestra la pagina de acceso denegado&amp#27;[0m                             &amp#27;[90m# com.inventario.steps.RolesStepDefinitions.elSistemaMuestraLaPaginaDeAccesoDenegado()&amp#27;[0m
  &amp#27;[32mAnd &amp#27;[0m&amp#27;[32mel sistema muestra el mensaje &amp#27;[0m&amp#27;[32m&amp#27;[1m"No tiene permisos para acceder a este modulo"&amp#27;[0m &amp#27;[90m# com.inventario.steps.RolesStepDefinitions.elSistemaMuestraElMensaje(java.lang.String)&amp#27;[0m
]]></system-out>
    <system-err><![CDATA[[main] INFO  - 
  _____   ___   ___   _____     ___   _____     _     ___   _____   ___   ___  
 |_   _| | __| / __| |_   _|   / __| |_   _|   /_\   | _ \ |_   _| | __| |   \ 
   | |   | _|  \__ \   | |     \__ \   | |    / _ \  |   /   | |   | _|  | |) |
   |_|   |___| |___/   |_|     |___/   |_|   /_/ \_\ |_|_\   |_|   |___| |___/ 

Acceso no autorizado al modulo de creacion de usuarios(hu-07-crear-usuario-del-sistema;acceso-no-autorizado-al-modulo-de-creacion-de-usuarios)
--------------------------------------------------------------------------------
[main] INFO net.serenitybdd.core.webdriver.driverproviders.ChromeDriverProvider - Starting Chrome driver instance with capabilities:
[main] INFO net.serenitybdd.core.webdriver.driverproviders.ChromeDriverProvider - Capabilities {acceptInsecureCerts: false, browserName: chrome, goog:chromeOptions: {args: [--no-sandbox,--headless=new...], extensions: []}}
may 16, 2026 11:43:38 P. M. org.openqa.selenium.devtools.CdpVersionFinder findNearestMatch
ADVERTENCIA: Unable to find CDP implementation matching 148
may 16, 2026 11:43:38 P. M. org.openqa.selenium.chromium.ChromiumDriver lambda$new$5
ADVERTENCIA: Unable to find version of CDP to use for 148.0.7778.167. You may need to include a dependency on a specific version of the CDP using something similar to `org.seleniumhq.selenium:selenium-devtools-v86:4.21.0` where the version ("v86") matches the version of the chromium-based browser you're using and the version number of the artifact is the same as Selenium's.
[main] INFO  - 
  _____   ___   ___   _____     ___     _     ___   ___   ___   ___  
 |_   _| | __| / __| |_   _|   | _ \   /_\   / __| / __| | __| |   \ 
   | |   | _|  \__ \   | |     |  _/  / _ \  \__ \ \__ \ | _|  | |) |
   |_|   |___| |___/   |_|     |_|   /_/ \_\ |___/ |___/ |___| |___/ 

Acceso no autorizado al modulo de creacion de usuarios
----------------------------------------------------------------------
]]></system-err>
  </testcase>
  <testcase name="Edicion exitosa de informacion general del cliente" classname="HU-11 Editar informacion de cliente" time="4.608">
    <system-out><![CDATA[
@clientes
Scenario: Edicion exitosa de informacion general del cliente                                           &amp#27;[90m# src/test/resources/features/editar-cliente.feature:10&amp#27;[0m
  &amp#27;[32mGiven &amp#27;[0m&amp#27;[32mel usuario ha iniciado sesion en el modulo de clientes&amp#27;[0m                                         &amp#27;[90m# com.inventario.steps.RegistrarClienteStepDefinitions.elUsuarioHaIniciadoSesionEnElModuloDeClientes()&amp#27;[0m
  &amp#27;[32mGiven &amp#27;[0m&amp#27;[32mexiste un cliente registrado para la prueba de edicion&amp#27;[0m                                         &amp#27;[90m# com.inventario.steps.EditarClienteStepDefinitions.existeUnClienteRegistradoParaLaPruebaDeEdicion()&amp#27;[0m
  &amp#27;[32mWhen &amp#27;[0m&amp#27;[32mel usuario busca y abre el modal de edicion del cliente&amp#27;[0m                                         &amp#27;[90m# com.inventario.steps.EditarClienteStepDefinitions.elUsuarioBuscaYAbreElModalDeEdicionDelCliente()&amp#27;[0m
  &amp#27;[32mAnd &amp#27;[0m&amp#27;[32mel usuario actualiza el nombre del cliente a &amp#27;[0m&amp#27;[32m&amp#27;[1m"Nombre Cliente Editado"&amp#27;[0m                            &amp#27;[90m# com.inventario.steps.EditarClienteStepDefinitions.elUsuarioActualizaElNombreDelClienteA(java.lang.String)&amp#27;[0m
  &amp#27;[32mAnd &amp#27;[0m&amp#27;[32mel usuario guarda los cambios del cliente&amp#27;[0m                                                        &amp#27;[90m# com.inventario.steps.EditarClienteStepDefinitions.elUsuarioGuardaLosCambiosDelCliente()&amp#27;[0m
  &amp#27;[32mThen &amp#27;[0m&amp#27;[32mel sistema muestra el mensaje de exito de edicion de cliente &amp#27;[0m&amp#27;[32m&amp#27;[1m"Cliente actualizado exitosamente"&amp#27;[0m &amp#27;[90m# com.inventario.steps.EditarClienteStepDefinitions.elSistemaMuestraElMensajeDeExitoDeEdicionDeCliente(java.lang.String)&amp#27;[0m
]]></system-out>
    <system-err><![CDATA[[main] INFO  - Test Suite Started: HU-11 Editar informacion de cliente
[main] INFO  - 
  _____   ___   ___   _____     ___   _____     _     ___   _____   ___   ___  
 |_   _| | __| / __| |_   _|   / __| |_   _|   /_\   | _ \ |_   _| | __| |   \ 
   | |   | _|  \__ \   | |     \__ \   | |    / _ \  |   /   | |   | _|  | |) |
   |_|   |___| |___/   |_|     |___/   |_|   /_/ \_\ |_|_\   |_|   |___| |___/ 

Edicion exitosa de informacion general del cliente(hu-11-editar-informacion-de-cliente;edicion-exitosa-de-informacion-general-del-cliente)
--------------------------------------------------------------------------------
[main] INFO net.serenitybdd.core.webdriver.driverproviders.ChromeDriverProvider - Starting Chrome driver instance with capabilities:
[main] INFO net.serenitybdd.core.webdriver.driverproviders.ChromeDriverProvider - Capabilities {acceptInsecureCerts: false, browserName: chrome, goog:chromeOptions: {args: [--no-sandbox,--headless=new...], extensions: []}}
may 16, 2026 11:43:41 P. M. org.openqa.selenium.devtools.CdpVersionFinder findNearestMatch
ADVERTENCIA: Unable to find CDP implementation matching 148
may 16, 2026 11:43:41 P. M. org.openqa.selenium.chromium.ChromiumDriver lambda$new$5
ADVERTENCIA: Unable to find version of CDP to use for 148.0.7778.167. You may need to include a dependency on a specific version of the CDP using something similar to `org.seleniumhq.selenium:selenium-devtools-v86:4.21.0` where the version ("v86") matches the version of the chromium-based browser you're using and the version number of the artifact is the same as Selenium's.
[main] INFO  - 
  _____   ___   ___   _____     ___     _     ___   ___   ___   ___  
 |_   _| | __| / __| |_   _|   | _ \   /_\   / __| / __| | __| |   \ 
   | |   | _|  \__ \   | |     |  _/  / _ \  \__ \ \__ \ | _|  | |) |
   |_|   |___| |___/   |_|     |_|   /_/ \_\ |___/ |___/ |___| |___/ 

Edicion exitosa de informacion general del cliente
----------------------------------------------------------------------
]]></system-err>
  </testcase>
  <testcase name="Edicion de cedula o NIT por Administrador" classname="HU-11 Editar informacion de cliente" time="4.537">
    <system-out><![CDATA[
@clientes
Scenario: Edicion de cedula o NIT por Administrador                                                    &amp#27;[90m# src/test/resources/features/editar-cliente.feature:17&amp#27;[0m
  &amp#27;[32mGiven &amp#27;[0m&amp#27;[32mel usuario ha iniciado sesion en el modulo de clientes&amp#27;[0m                                         &amp#27;[90m# com.inventario.steps.RegistrarClienteStepDefinitions.elUsuarioHaIniciadoSesionEnElModuloDeClientes()&amp#27;[0m
  &amp#27;[32mGiven &amp#27;[0m&amp#27;[32mexiste un cliente registrado para la prueba de edicion&amp#27;[0m                                         &amp#27;[90m# com.inventario.steps.EditarClienteStepDefinitions.existeUnClienteRegistradoParaLaPruebaDeEdicion()&amp#27;[0m
  &amp#27;[32mWhen &amp#27;[0m&amp#27;[32mel usuario busca y abre el modal de edicion del cliente&amp#27;[0m                                         &amp#27;[90m# com.inventario.steps.EditarClienteStepDefinitions.elUsuarioBuscaYAbreElModalDeEdicionDelCliente()&amp#27;[0m
  &amp#27;[32mAnd &amp#27;[0m&amp#27;[32mel Administrador cambia la cedula del cliente por un valor nuevo&amp#27;[0m                                 &amp#27;[90m# com.inventario.steps.EditarClienteStepDefinitions.elAdministradorCambiaLaCedulaDelClientePorUnValorNuevo()&amp#27;[0m
  &amp#27;[32mAnd &amp#27;[0m&amp#27;[32mel usuario guarda los cambios del cliente&amp#27;[0m                                                        &amp#27;[90m# com.inventario.steps.EditarClienteStepDefinitions.elUsuarioGuardaLosCambiosDelCliente()&amp#27;[0m
  &amp#27;[32mThen &amp#27;[0m&amp#27;[32mel sistema muestra el mensaje de exito de edicion de cliente &amp#27;[0m&amp#27;[32m&amp#27;[1m"Cliente actualizado exitosamente"&amp#27;[0m &amp#27;[90m# com.inventario.steps.EditarClienteStepDefinitions.elSistemaMuestraElMensajeDeExitoDeEdicionDeCliente(java.lang.String)&amp#27;[0m
]]></system-out>
    <system-err><![CDATA[[main] INFO  - 
  _____   ___   ___   _____     ___   _____     _     ___   _____   ___   ___  
 |_   _| | __| / __| |_   _|   / __| |_   _|   /_\   | _ \ |_   _| | __| |   \ 
   | |   | _|  \__ \   | |     \__ \   | |    / _ \  |   /   | |   | _|  | |) |
   |_|   |___| |___/   |_|     |___/   |_|   /_/ \_\ |_|_\   |_|   |___| |___/ 

Edicion de cedula o NIT por Administrador(hu-11-editar-informacion-de-cliente;edicion-de-cedula-o-nit-por-administrador)
--------------------------------------------------------------------------------
[main] INFO net.serenitybdd.core.webdriver.driverproviders.ChromeDriverProvider - Starting Chrome driver instance with capabilities:
[main] INFO net.serenitybdd.core.webdriver.driverproviders.ChromeDriverProvider - Capabilities {acceptInsecureCerts: false, browserName: chrome, goog:chromeOptions: {args: [--no-sandbox,--headless=new...], extensions: []}}
may 16, 2026 11:43:46 P. M. org.openqa.selenium.devtools.CdpVersionFinder findNearestMatch
ADVERTENCIA: Unable to find CDP implementation matching 148
may 16, 2026 11:43:46 P. M. org.openqa.selenium.chromium.ChromiumDriver lambda$new$5
ADVERTENCIA: Unable to find version of CDP to use for 148.0.7778.167. You may need to include a dependency on a specific version of the CDP using something similar to `org.seleniumhq.selenium:selenium-devtools-v86:4.21.0` where the version ("v86") matches the version of the chromium-based browser you're using and the version number of the artifact is the same as Selenium's.
[main] INFO  - 
  _____   ___   ___   _____     ___     _     ___   ___   ___   ___  
 |_   _| | __| / __| |_   _|   | _ \   /_\   / __| / __| | __| |   \ 
   | |   | _|  \__ \   | |     |  _/  / _ \  \__ \ \__ \ | _|  | |) |
   |_|   |___| |___/   |_|     |_|   /_/ \_\ |___/ |___/ |___| |___/ 

Edicion de cedula o NIT por Administrador
----------------------------------------------------------------------
]]></system-err>
  </testcase>
  <testcase name="Campo cedula deshabilitado para rol Ventas" classname="HU-11 Editar informacion de cliente" time="4.408">
    <system-out><![CDATA[
@clientes
Scenario: Campo cedula deshabilitado para rol Ventas                               &amp#27;[90m# src/test/resources/features/editar-cliente.feature:24&amp#27;[0m
  &amp#27;[32mGiven &amp#27;[0m&amp#27;[32mel usuario ha iniciado sesion en el modulo de clientes&amp#27;[0m                     &amp#27;[90m# com.inventario.steps.RegistrarClienteStepDefinitions.elUsuarioHaIniciadoSesionEnElModuloDeClientes()&amp#27;[0m
  &amp#27;[32mGiven &amp#27;[0m&amp#27;[32mexiste un cliente registrado para la prueba de edicion&amp#27;[0m                     &amp#27;[90m# com.inventario.steps.EditarClienteStepDefinitions.existeUnClienteRegistradoParaLaPruebaDeEdicion()&amp#27;[0m
[...]
may 16, 2026 11:49:14 P. M. org.openqa.selenium.devtools.CdpVersionFinder findNearestMatch
ADVERTENCIA: Unable to find CDP implementation matching 148
may 16, 2026 11:49:14 P. M. org.openqa.selenium.chromium.ChromiumDriver lambda$new$5
ADVERTENCIA: Unable to find version of CDP to use for 148.0.7778.167. You may need to include a dependency on a specific version of the CDP using something similar to `org.seleniumhq.selenium:selenium-devtools-v86:4.21.0` where the version ("v86") matches the version of the chromium-based browser you're using and the version number of the artifact is the same as Selenium's.
[main] INFO  - 
  _____   ___   ___   _____     ___     _     ___   ___   ___   ___  
 |_   _| | __| / __| |_   _|   | _ \   /_\   / __| / __| | __| |   \ 
   | |   | _|  \__ \   | |     |  _/  / _ \  \__ \ \__ \ | _|  | |) |
   |_|   |___| |___/   |_|     |_|   /_/ \_\ |___/ |___/ |___| |___/ 

Acceso denegado al intentar acceder a un modulo no permitido
----------------------------------------------------------------------
]]></system-err>
  </testcase>
  <testcase name="Acceso denegado al intentar acceder a un modulo no permitido #2" classname="HU-03 Roles predefinidos del sistema" time="2.096">
    <system-out><![CDATA[
@roles
Scenario Outline: Acceso denegado al intentar acceder a un modulo no permitido     &amp#27;[90m# src/test/resources/features/roles.feature:41&amp#27;[0m
  &amp#27;[32mGiven &amp#27;[0m&amp#27;[32mel usuario inicia sesion con el rol &amp#27;[0m&amp#27;[32m&amp#27;[1m"Ventas"&amp#27;[0m                               &amp#27;[90m# com.inventario.steps.RolesStepDefinitions.elUsuarioIniciaSesionConElRol(java.lang.String)&amp#27;[0m
  &amp#27;[32mWhen &amp#27;[0m&amp#27;[32mel usuario intenta acceder directamente a la ruta &amp#27;[0m&amp#27;[32m&amp#27;[1m"/rrhh/empleados"&amp#27;[0m         &amp#27;[90m# com.inventario.steps.RolesStepDefinitions.elUsuarioIntentaAccederDirectamenteALaRuta(java.lang.String)&amp#27;[0m
  &amp#27;[32mThen &amp#27;[0m&amp#27;[32mel sistema muestra la pagina de acceso denegado&amp#27;[0m                             &amp#27;[90m# com.inventario.steps.RolesStepDefinitions.elSistemaMuestraLaPaginaDeAccesoDenegado()&amp#27;[0m
  &amp#27;[32mAnd &amp#27;[0m&amp#27;[32mel sistema muestra el mensaje &amp#27;[0m&amp#27;[32m&amp#27;[1m"No tiene permisos para acceder a este modulo"&amp#27;[0m &amp#27;[90m# com.inventario.steps.RolesStepDefinitions.elSistemaMuestraElMensaje(java.lang.String)&amp#27;[0m
]]></system-out>
    <system-err><![CDATA[[main] INFO net.serenitybdd.core.webdriver.driverproviders.ChromeDriverProvider - Starting Chrome driver instance with capabilities:
[main] INFO net.serenitybdd.core.webdriver.driverproviders.ChromeDriverProvider - Capabilities {acceptInsecureCerts: false, browserName: chrome, goog:chromeOptions: {args: [--no-sandbox,--headless=new...], extensions: []}}
may 16, 2026 11:49:16 P. M. org.openqa.selenium.devtools.CdpVersionFinder findNearestMatch
ADVERTENCIA: Unable to find CDP implementation matching 148
may 16, 2026 11:49:16 P. M. org.openqa.selenium.chromium.ChromiumDriver lambda$new$5
ADVERTENCIA: Unable to find version of CDP to use for 148.0.7778.167. You may need to include a dependency on a specific version of the CDP using something similar to `org.seleniumhq.selenium:selenium-devtools-v86:4.21.0` where the version ("v86") matches the version of the chromium-based browser you're using and the version number of the artifact is the same as Selenium's.
[main] INFO  - 
  _____   ___   ___   _____     ___     _     ___   ___   ___   ___  
 |_   _| | __| / __| |_   _|   | _ \   /_\   / __| / __| | __| |   \ 
   | |   | _|  \__ \   | |     |  _/  / _ \  \__ \ \__ \ | _|  | |) |
   |_|   |___| |___/   |_|     |_|   /_/ \_\ |___/ |___/ |___| |___/ 

Acceso denegado al intentar acceder a un modulo no permitido
----------------------------------------------------------------------
]]></system-err>
  </testcase>
  <testcase name="Acceso denegado al intentar acceder a un modulo no permitido #3" classname="HU-03 Roles predefinidos del sistema" time="2.017">
    <system-out><![CDATA[
@roles
Scenario Outline: Acceso denegado al intentar acceder a un modulo no permitido     &amp#27;[90m# src/test/resources/features/roles.feature:42&amp#27;[0m
  &amp#27;[32mGiven &amp#27;[0m&amp#27;[32mel usuario inicia sesion con el rol &amp#27;[0m&amp#27;[32m&amp#27;[1m"Tesoreria"&amp#27;[0m                            &amp#27;[90m# com.inventario.steps.RolesStepDefinitions.elUsuarioIniciaSesionConElRol(java.lang.String)&amp#27;[0m
  &amp#27;[32mWhen &amp#27;[0m&amp#27;[32mel usuario intenta acceder directamente a la ruta &amp#27;[0m&amp#27;[32m&amp#27;[1m"/ventas/ventas"&amp#27;[0m          &amp#27;[90m# com.inventario.steps.RolesStepDefinitions.elUsuarioIntentaAccederDirectamenteALaRuta(java.lang.String)&amp#27;[0m
  &amp#27;[32mThen &amp#27;[0m&amp#27;[32mel sistema muestra la pagina de acceso denegado&amp#27;[0m                             &amp#27;[90m# com.inventario.steps.RolesStepDefinitions.elSistemaMuestraLaPaginaDeAccesoDenegado()&amp#27;[0m
  &amp#27;[32mAnd &amp#27;[0m&amp#27;[32mel sistema muestra el mensaje &amp#27;[0m&amp#27;[32m&amp#27;[1m"No tiene permisos para acceder a este modulo"&amp#27;[0m &amp#27;[90m# com.inventario.steps.RolesStepDefinitions.elSistemaMuestraElMensaje(java.lang.String)&amp#27;[0m
]]></system-out>
    <system-err><![CDATA[[main] INFO net.serenitybdd.core.webdriver.driverproviders.ChromeDriverProvider - Starting Chrome driver instance with capabilities:
[main] INFO net.serenitybdd.core.webdriver.driverproviders.ChromeDriverProvider - Capabilities {acceptInsecureCerts: false, browserName: chrome, goog:chromeOptions: {args: [--no-sandbox,--headless=new...], extensions: []}}
may 16, 2026 11:49:18 P. M. org.openqa.selenium.devtools.CdpVersionFinder findNearestMatch
ADVERTENCIA: Unable to find CDP implementation matching 148
may 16, 2026 11:49:18 P. M. org.openqa.selenium.chromium.ChromiumDriver lambda$new$5
ADVERTENCIA: Unable to find version of CDP to use for 148.0.7778.167. You may need to include a dependency on a specific version of the CDP using something similar to `org.seleniumhq.selenium:selenium-devtools-v86:4.21.0` where the version ("v86") matches the version of the chromium-based browser you're using and the version number of the artifact is the same as Selenium's.
]]></system-err>
  </testcase>
  <testcase name="Acceso denegado al intentar acceder a un modulo no permitido #4" classname="HU-03 Roles predefinidos del sistema" time="2.017">
    <system-out><![CDATA[
@roles
Scenario Outline: Acceso denegado al intentar acceder a un modulo no permitido     &amp#27;[90m# src/test/resources/features/roles.feature:43&amp#27;[0m
  &amp#27;[32mGiven &amp#27;[0m&amp#27;[32mel usuario inicia sesion con el rol &amp#27;[0m&amp#27;[32m&amp#27;[1m"Tesoreria"&amp#27;[0m                            &amp#27;[90m# com.inventario.steps.RolesStepDefinitions.elUsuarioIniciaSesionConElRol(java.lang.String)&amp#27;[0m
  &amp#27;[32mWhen &amp#27;[0m&amp#27;[32mel usuario intenta acceder directamente a la ruta &amp#27;[0m&amp#27;[32m&amp#27;[1m"/rrhh/empleados"&amp#27;[0m         &amp#27;[90m# com.inventario.steps.RolesStepDefinitions.elUsuarioIntentaAccederDirectamenteALaRuta(java.lang.String)&amp#27;[0m
  &amp#27;[32mThen &amp#27;[0m&amp#27;[32mel sistema muestra la pagina de acceso denegado&amp#27;[0m                             &amp#27;[90m# com.inventario.steps.RolesStepDefinitions.elSistemaMuestraLaPaginaDeAccesoDenegado()&amp#27;[0m
  &amp#27;[32mAnd &amp#27;[0m&amp#27;[32mel sistema muestra el mensaje &amp#27;[0m&amp#27;[32m&amp#27;[1m"No tiene permisos para acceder a este modulo"&amp#27;[0m &amp#27;[90m# com.inventario.steps.RolesStepDefinitions.elSistemaMuestraElMensaje(java.lang.String)&amp#27;[0m
]]></system-out>
    <system-err><![CDATA[[main] INFO net.serenitybdd.core.webdriver.driverproviders.ChromeDriverProvider - Starting Chrome driver instance with capabilities:
[main] INFO net.serenitybdd.core.webdriver.driverproviders.ChromeDriverProvider - Capabilities {acceptInsecureCerts: false, browserName: chrome, goog:chromeOptions: {args: [--no-sandbox,--headless=new...], extensions: []}}
may 16, 2026 11:49:20 P. M. org.openqa.selenium.devtools.CdpVersionFinder findNearestMatch
ADVERTENCIA: Unable to find CDP implementation matching 148
may 16, 2026 11:49:20 P. M. org.openqa.selenium.chromium.ChromiumDriver lambda$new$5
ADVERTENCIA: Unable to find version of CDP to use for 148.0.7778.167. You may need to include a dependency on a specific version of the CDP using something similar to `org.seleniumhq.selenium:selenium-devtools-v86:4.21.0` where the version ("v86") matches the version of the chromium-based browser you're using and the version number of the artifact is the same as Selenium's.
]]></system-err>
  </testcase>
  <testcase name="Acceso denegado al intentar acceder a un modulo no permitido #5" classname="HU-03 Roles predefinidos del sistema" time="2.087">
    <system-out><![CDATA[
@roles
Scenario Outline: Acceso denegado al intentar acceder a un modulo no permitido     &amp#27;[90m# src/test/resources/features/roles.feature:44&amp#27;[0m
  &amp#27;[32mGiven &amp#27;[0m&amp#27;[32mel usuario inicia sesion con el rol &amp#27;[0m&amp#27;[32m&amp#27;[1m"Produccion"&amp#27;[0m                           &amp#27;[90m# com.inventario.steps.RolesStepDefinitions.elUsuarioIniciaSesionConElRol(java.lang.String)&amp#27;[0m
  &amp#27;[32mWhen &amp#27;[0m&amp#27;[32mel usuario intenta acceder directamente a la ruta &amp#27;[0m&amp#27;[32m&amp#27;[1m"/ventas/ventas"&amp#27;[0m          &amp#27;[90m# com.inventario.steps.RolesStepDefinitions.elUsuarioIntentaAccederDirectamenteALaRuta(java.lang.String)&amp#27;[0m
  &amp#27;[32mThen &amp#27;[0m&amp#27;[32mel sistema muestra la pagina de acceso denegado&amp#27;[0m                             &amp#27;[90m# com.inventario.steps.RolesStepDefinitions.elSistemaMuestraLaPaginaDeAccesoDenegado()&amp#27;[0m
  &amp#27;[32mAnd &amp#27;[0m&amp#27;[32mel sistema muestra el mensaje &amp#27;[0m&amp#27;[32m&amp#27;[1m"No tiene permisos para acceder a este modulo"&amp#27;[0m &amp#27;[90m# com.inventario.steps.RolesStepDefinitions.elSistemaMuestraElMensaje(java.lang.String)&amp#27;[0m
]]></system-out>
    <system-err><![CDATA[[main] INFO net.serenitybdd.core.webdriver.driverproviders.ChromeDriverProvider - Starting Chrome driver instance with capabilities:
[main] INFO net.serenitybdd.core.webdriver.driverproviders.ChromeDriverProvider - Capabilities {acceptInsecureCerts: false, browserName: chrome, goog:chromeOptions: {args: [--no-sandbox,--headless=new...], extensions: []}}
may 16, 2026 11:49:22 P. M. org.openqa.selenium.devtools.CdpVersionFinder findNearestMatch
ADVERTENCIA: Unable to find CDP implementation matching 148
may 16, 2026 11:49:22 P. M. org.openqa.selenium.chromium.ChromiumDriver lambda$new$5
ADVERTENCIA: Unable to find version of CDP to use for 148.0.7778.167. You may need to include a dependency on a specific version of the CDP using something similar to `org.seleniumhq.selenium:selenium-devtools-v86:4.21.0` where the version ("v86") matches the version of the chromium-based browser you're using and the version number of the artifact is the same as Selenium's.
]]></system-err>
  </testcase>
  <testcase name="Acceso denegado al intentar acceder a un modulo no permitido #6" classname="HU-03 Roles predefinidos del sistema" time="1.852">
    <failure message="[El roleGuard debe redirigir a /unauthorized al acceder sin permisos] &#10;Expecting actual:&#10;  &quot;http://localhost:4200/rrhh/empleados&quot;&#10;to contain:&#10;  &quot;/unauthorized&quot; " type="java.lang.AssertionError"><![CDATA[java.lang.AssertionError: 
[El roleGuard debe redirigir a /unauthorized al acceder sin permisos] 
Expecting actual:
  "http://localhost:4200/rrhh/empleados"
to contain:
  "/unauthorized" 
	at com.inventario.steps.RolesStepDefinitions.elSistemaMuestraLaPaginaDeAccesoDenegado(RolesStepDefinitions.java:72)
	at ✽.el sistema muestra la pagina de acceso denegado(file:///home/juanj/Projects-Test/serenity-inventario-login/src/test/resources/features/roles.feature:35)
]]></failure>
    <system-out><![CDATA[
@roles
Scenario Outline: Acceso denegado al intentar acceder a un modulo no permitido     &amp#27;[90m# src/test/resources/features/roles.feature:45&amp#27;[0m
  &amp#27;[32mGiven &amp#27;[0m&amp#27;[32mel usuario inicia sesion con el rol &amp#27;[0m&amp#27;[32m&amp#27;[1m"Produccion"&amp#27;[0m                           &amp#27;[90m# com.inventario.steps.RolesStepDefinitions.elUsuarioIniciaSesionConElRol(java.lang.String)&amp#27;[0m
  &amp#27;[32mWhen &amp#27;[0m&amp#27;[32mel usuario intenta acceder directamente a la ruta &amp#27;[0m&amp#27;[32m&amp#27;[1m"/rrhh/empleados"&amp#27;[0m         &amp#27;[90m# com.inventario.steps.RolesStepDefinitions.elUsuarioIntentaAccederDirectamenteALaRuta(java.lang.String)&amp#27;[0m
  &amp#27;[31mThen &amp#27;[0m&amp#27;[31mel sistema muestra la pagina de acceso denegado&amp#27;[0m                             &amp#27;[90m# com.inventario.steps.RolesStepDefinitions.elSistemaMuestraLaPaginaDeAccesoDenegado()&amp#27;[0m
      &amp#27;[31mjava.lang.AssertionError: [El roleGuard debe redirigir a /unauthorized al acceder sin permisos] 
Expecting actual:
  "http://localhost:4200/rrhh/empleados"
to contain:
  "/unauthorized" 
	at com.inventario.steps.RolesStepDefinitions.elSistemaMuestraLaPaginaDeAccesoDenegado(RolesStepDefinitions.java:72)
	at ✽.el sistema muestra la pagina de acceso denegado(file:///home/juanj/Projects-Test/serenity-inventario-login/src/test/resources/features/roles.feature:35)
&amp#27;[0m
  &amp#27;[36mAnd &amp#27;[0m&amp#27;[36mel sistema muestra el mensaje &amp#27;[0m&amp#27;[36m&amp#27;[1m"No tiene permisos para acceder a este modulo"&amp#27;[0m &amp#27;[90m# com.inventario.steps.RolesStepDefinitions.elSistemaMuestraElMensaje(java.lang.String)&amp#27;[0m
]]></system-out>
    <system-err><![CDATA[[main] INFO net.serenitybdd.core.webdriver.driverproviders.ChromeDriverProvider - Starting Chrome driver instance with capabilities:
[main] INFO net.serenitybdd.core.webdriver.driverproviders.ChromeDriverProvider - Capabilities {acceptInsecureCerts: false, browserName: chrome, goog:chromeOptions: {args: [--no-sandbox,--headless=new...], extensions: []}}
may 16, 2026 11:49:24 P. M. org.openqa.selenium.devtools.CdpVersionFinder findNearestMatch
ADVERTENCIA: Unable to find CDP implementation matching 148
may 16, 2026 11:49:24 P. M. org.openqa.selenium.chromium.ChromiumDriver lambda$new$5
ADVERTENCIA: Unable to find version of CDP to use for 148.0.7778.167. You may need to include a dependency on a specific version of the CDP using something similar to `org.seleniumhq.selenium:selenium-devtools-v86:4.21.0` where the version ("v86") matches the version of the chromium-based browser you're using and the version number of the artifact is the same as Selenium's.
]]></system-err>
  </testcase>
  <testcase name="Acceso denegado al intentar acceder a un modulo no permitido #7" classname="HU-03 Roles predefinidos del sistema" time="2.043">
    <system-out><![CDATA[
@roles
Scenario Outline: Acceso denegado al intentar acceder a un modulo no permitido     &amp#27;[90m# src/test/resources/features/roles.feature:46&amp#27;[0m
  &amp#27;[32mGiven &amp#27;[0m&amp#27;[32mel usuario inicia sesion con el rol &amp#27;[0m&amp#27;[32m&amp#27;[1m"Recursos Humanos"&amp#27;[0m                     &amp#27;[90m# com.inventario.steps.RolesStepDefinitions.elUsuarioIniciaSesionConElRol(java.lang.String)&amp#27;[0m
  &amp#27;[32mWhen &amp#27;[0m&amp#27;[32mel usuario intenta acceder directamente a la ruta &amp#27;[0m&amp#27;[32m&amp#27;[1m"/ventas/ventas"&amp#27;[0m          &amp#27;[90m# com.inventario.steps.RolesStepDefinitions.elUsuarioIntentaAccederDirectamenteALaRuta(java.lang.String)&amp#27;[0m
  &amp#27;[32mThen &amp#27;[0m&amp#27;[32mel sistema muestra la pagina de acceso denegado&amp#27;[0m                             &amp#27;[90m# com.inventario.steps.RolesStepDefinitions.elSistemaMuestraLaPaginaDeAccesoDenegado()&amp#27;[0m
  &amp#27;[32mAnd &amp#27;[0m&amp#27;[32mel sistema muestra el mensaje &amp#27;[0m&amp#27;[32m&amp#27;[1m"No tiene permisos para acceder a este modulo"&amp#27;[0m &amp#27;[90m# com.inventario.steps.RolesStepDefinitions.elSistemaMuestraElMensaje(java.lang.String)&amp#27;[0m
]]></system-out>
    <system-err><![CDATA[[main] INFO net.serenitybdd.core.webdriver.driverproviders.ChromeDriverProvider - Starting Chrome driver instance with capabilities:
[main] INFO net.serenitybdd.core.webdriver.driverproviders.ChromeDriverProvider - Capabilities {acceptInsecureCerts: false, browserName: chrome, goog:chromeOptions: {args: [--no-sandbox,--headless=new...], extensions: []}}
may 16, 2026 11:49:26 P. M. org.openqa.selenium.devtools.CdpVersionFinder findNearestMatch
ADVERTENCIA: Unable to find CDP implementation matching 148
may 16, 2026 11:49:26 P. M. org.openqa.selenium.chromium.ChromiumDriver lambda$new$5
ADVERTENCIA: Unable to find version of CDP to use for 148.0.7778.167. You may need to include a dependency on a specific version of the CDP using something similar to `org.seleniumhq.selenium:selenium-devtools-v86:4.21.0` where the version ("v86") matches the version of the chromium-based browser you're using and the version number of the artifact is the same as Selenium's.
]]></system-err>
  </testcase>
  <testcase name="Acceso denegado al intentar acceder a un modulo no permitido #8" classname="HU-03 Roles predefinidos del sistema" time="2.069">
    <system-out><![CDATA[
@roles
Scenario Outline: Acceso denegado al intentar acceder a un modulo no permitido     &amp#27;[90m# src/test/resources/features/roles.feature:47&amp#27;[0m
  &amp#27;[32mGiven &amp#27;[0m&amp#27;[32mel usuario inicia sesion con el rol &amp#27;[0m&amp#27;[32m&amp#27;[1m"Recursos Humanos"&amp#27;[0m                     &amp#27;[90m# com.inventario.steps.RolesStepDefinitions.elUsuarioIniciaSesionConElRol(java.lang.String)&amp#27;[0m
  &amp#27;[32mWhen &amp#27;[0m&amp#27;[32mel usuario intenta acceder directamente a la ruta &amp#27;[0m&amp#27;[32m&amp#27;[1m"/caja/saldo"&amp#27;[0m             &amp#27;[90m# com.inventario.steps.RolesStepDefinitions.elUsuarioIntentaAccederDirectamenteALaRuta(java.lang.String)&amp#27;[0m
  &amp#27;[32mThen &amp#27;[0m&amp#27;[32mel sistema muestra la pagina de acceso denegado&amp#27;[0m                             &amp#27;[90m# com.inventario.steps.RolesStepDefinitions.elSistemaMuestraLaPaginaDeAccesoDenegado()&amp#27;[0m
  &amp#27;[32mAnd &amp#27;[0m&amp#27;[32mel sistema muestra el mensaje &amp#27;[0m&amp#27;[32m&amp#27;[1m"No tiene permisos para acceder a este modulo"&amp#27;[0m &amp#27;[90m# com.inventario.steps.RolesStepDefinitions.elSistemaMuestraElMensaje(java.lang.String)&amp#27;[0m
]]></system-out>
    <system-err><![CDATA[[main] INFO net.serenitybdd.core.webdriver.driverproviders.ChromeDriverProvider - Starting Chrome driver instance with capabilities:
[main] INFO net.serenitybdd.core.webdriver.driverproviders.ChromeDriverProvider - Capabilities {acceptInsecureCerts: false, browserName: chrome, goog:chromeOptions: {args: [--no-sandbox,--headless=new...], extensions: []}}
may 16, 2026 11:49:28 P. M. org.openqa.selenium.devtools.CdpVersionFinder findNearestMatch
ADVERTENCIA: Unable to find CDP implementation matching 148
may 16, 2026 11:49:28 P. M. org.openqa.selenium.chromium.ChromiumDriver lambda$new$5
ADVERTENCIA: Unable to find version of CDP to use for 148.0.7778.167. You may need to include a dependency on a specific version of the CDP using something similar to `org.seleniumhq.selenium:selenium-devtools-v86:4.21.0` where the version ("v86") matches the version of the chromium-based browser you're using and the version number of the artifact is the same as Selenium's.
]]></system-err>
  </testcase>
</testsuite>