<?xml version="1.0" encoding="UTF-8"?>
<testsuite xmlns:xsi="http://www.w3.org/2001/XMLSchema-instance" xsi:noNamespaceSchemaLocation="https://maven.apache.org/surefire/maven-surefire-plugin/xsd/surefire-test-report-3.0.xsd" version="3.0" name="com.inventario.runners.CucumberTestRunner" time="54.1" tests="15" errors="0" skipped="0" failures="0">
  <properties>
[...]
</properties>
  <testcase name="Asociacion exitosa de proveedor a materia prima" classname="HU-23 Asociar proveedor a materia prima" time="4.468">
    <system-out><![CDATA[
@proveedores
Scenario: Asociacion exitosa de proveedor a materia prima                                         &amp#27;[90m# src/test/resources/features/asociar-proveedor-materia-prima.feature:10&amp#27;[0m
  &amp#27;[32mGiven &amp#27;[0m&amp#27;[32mel usuario accede al modulo de asociar proveedor a materia prima&amp#27;[0m                          &amp#27;[90m# com.inventario.steps.AsociarProveedorMateriaPrimaStepDefinitions.elUsuarioAccedeAlModuloDeAsociarProveedorAMateriaPrima()&amp#27;[0m
  &amp#27;[32mWhen &amp#27;[0m&amp#27;[32mel usuario selecciona el primer proveedor y asocia la primera materia prima con costo 5000&amp#27;[0m &amp#27;[90m# com.inventario.steps.AsociarProveedorMateriaPrimaStepDefinitions.elUsuarioSeleccionaElPrimerProveedorYAsociaLaPrimeraMateriaPrimaConCosto5000()&amp#27;[0m
  &amp#27;[32mThen &amp#27;[0m&amp#27;[32mla materia prima queda registrada en la lista de asociaciones del proveedor&amp#27;[0m                &amp#27;[90m# com.inventario.steps.AsociarProveedorMateriaPrimaStepDefinitions.laMateriaPrimaQuedaRegistradaEnLaListaDeAsociacionesDelProveedor()&amp#27;[0m
]]></system-out>
    <system-err><![CDATA[[main] INFO  - 

-------------------------------------------------------------------------------------
     _______. _______ .______       _______ .__   __.  __  .___________.____    ____ 
    /       ||   ____||   _  \     |   ____||  \ |  | |  | |           |\   \  /   / 
   |   (----`|  |__   |  |_)  |    |  |__   |   \|  | |  | `---|  |----` \   \/   /  
    \   \    |   __|  |      /     |   __|  |  . `  | |  |     |  |       \_    _/   
.----)   |   |  |____ |  |\  \----.|  |____ |  |\   | |  |     |  |         |  |     
|_______/    |_______|| _| `._____||_______||__| \__| |__|     |__|         |__|    
                                                                                     
 News and tutorials at https://serenity-bdd.info                                     
 Documentation at https://serenity-bdd.github.io                                     
 Test Automation Training and Coaching: https://www.serenity-dojo.com                
 Commercial Support: https://www.serenity-dojo.com/serenity-bdd-enterprise-support   
 Join the Serenity Community on Gitter: https://gitter.im/serenity-bdd/serenity-core 
-------------------------------------------------------------------------------------

[main] INFO  - Test Suite Started: HU-09 Activar y desactivar usuario
[main] INFO  - Test Suite Started: HU-14 Agregar productos al detalle de venta
[main] INFO  - Test Suite Started: HU-08 Asignar rol a usuario
[main] INFO  - Test Suite Started: HU-21 Asociar materia prima a producto
[main] INFO  - Test Suite Started: HU-23 Asociar proveedor a materia prima
[main] INFO  - Test Suite Started: HU-07 Crear usuario del sistema
[main] INFO  - Test Suite Started: HU-11 Editar informacion de cliente
[main] INFO  - Test Suite Started: HU-05 Editar informacion de empleado
[main] INFO  - Test Suite Started: HU-18 Editar producto quirurgico
[main] INFO  - Test Suite Started: HU-15 Consultar historial de ventas
[main] INFO  - Test Suite Started: HU-12 Listar y buscar clientes
[main] INFO  - Test Suite Started: HU-06 Listar y buscar empleados
[main] INFO  - Test Suite Started: HU-01 Iniciar sesion en el sistema
[main] INFO  - Test Suite Started: HU-02 Cerrar sesion del sistema
[main] INFO  - Test Suite Started: HU-19 MCP de gestion de productos
[main] INFO  - Test Suite Started: HU-10 Registrar cliente
[main] INFO  - Test Suite Started: HU-04 Registrar empleado
[main] INFO  - Test Suite Started: HU-20 Registrar materia prima
[main] INFO  - Test Suite Started: HU-17 Registrar producto quirurgico
[main] INFO  - Test Suite Started: HU-22 Registrar proveedor
[main] INFO  - Test Suite Started: HU-16 Registrar tipo de producto
[main] INFO  - Test Suite Started: HU-13 Crear venta
[main] INFO  - Test Suite Started: HU-03 Roles predefinidos del sistema
[main] INFO  - Test Suite Started: HU-23 Asociar proveedor a materia prima
[main] INFO  - 
  _____   ___   ___   _____     ___   _____     _     ___   _____   ___   ___  
 |_   _| | __| / __| |_   _|   / __| |_   _|   /_\   | _ \ |_   _| | __| |   \ 
   | |   | _|  \__ \   | |     \__ \   | |    / _ \  |   /   | |   | _|  | |) |
   |_|   |___| |___/   |_|     |___/   |_|   /_/ \_\ |_|_\   |_|   |___| |___/ 

Asociacion exitosa de proveedor a materia prima(hu-23-asociar-proveedor-a-materia-prima;asociacion-exitosa-de-proveedor-a-materia-prima)
--------------------------------------------------------------------------------
[main] INFO net.serenitybdd.core.webdriver.driverproviders.ChromeDriverProvider - Starting Chrome driver instance with capabilities:
[main] INFO net.serenitybdd.core.webdriver.driverproviders.ChromeDriverProvider - Capabilities {acceptInsecureCerts: false, browserName: chrome, goog:chromeOptions: {args: [--no-sandbox,--headless=new...], extensions: []}}
may 17, 2026 9:32:04 P. M. org.openqa.selenium.devtools.CdpVersionFinder findNearestMatch
ADVERTENCIA: Unable to find CDP implementation matching 148
may 17, 2026 9:32:04 P. M. org.openqa.selenium.chromium.ChromiumDriver lambda$new$5
ADVERTENCIA: Unable to find version of CDP to use for 148.0.7778.167. You may need to include a dependency on a specific version of the CDP using something similar to `org.seleniumhq.selenium:selenium-devtools-v86:4.21.0` where the version ("v86") matches the version of the chromium-based browser you're using and the version number of the artifact is the same as Selenium's.
[main] INFO  - 
  _____   ___   ___   _____     ___     _     ___   ___   ___   ___  
 |_   _| | __| / __| |_   _|   | _ \   /_\   / __| / __| | __| |   \ 
   | |   | _|  \__ \   | |     |  _/  / _ \  \__ \ \__ \ | _|  | |) |
   |_|   |___| |___/   |_|     |_|   /_/ \_\ |___/ |___/ |___| |___/ 

Asociacion exitosa de proveedor a materia prima
----------------------------------------------------------------------
]]></system-err>
  </testcase>
  <testcase name="Asociar multiples materias primas a un proveedor" classname="HU-23 Asociar proveedor a materia prima" time="3.524">
    <system-out><![CDATA[
@proveedores
Scenario: Asociar multiples materias primas a un proveedor                                        &amp#27;[90m# src/test/resources/features/asociar-proveedor-materia-prima.feature:14&amp#27;[0m
  &amp#27;[32mGiven &amp#27;[0m&amp#27;[32mel usuario accede al modulo de asociar proveedor a materia prima&amp#27;[0m                          &amp#27;[90m# com.inventario.steps.AsociarProveedorMateriaPrimaStepDefinitions.elUsuarioAccedeAlModuloDeAsociarProveedorAMateriaPrima()&amp#27;[0m
  &amp#27;[32mWhen &amp#27;[0m&amp#27;[32mel usuario selecciona el primer proveedor y asocia la primera materia prima con costo 3000&amp#27;[0m &amp#27;[90m# com.inventario.steps.AsociarProveedorMateriaPrimaStepDefinitions.elUsuarioSeleccionaElPrimerProveedorYAsociaLaPrimeraMateriaPrimaConCosto3000()&amp#27;[0m
  &amp#27;[32mAnd &amp#27;[0m&amp#27;[32mel usuario asocia la segunda materia prima disponible al proveedor con costo 2000&amp#27;[0m           &amp#27;[90m# com.inventario.steps.AsociarProveedorMateriaPrimaStepDefinitions.elUsuarioAsociaLaSegundaMateriaPrimaDisponibleAlProveedorConCosto2000()&amp#27;[0m
  &amp#27;[32mThen &amp#27;[0m&amp#27;[32mel sistema muestra al menos 2 materias primas asociadas al proveedor&amp#27;[0m                       &amp#27;[90m# com.inventario.steps.AsociarProveedorMateriaPrimaStepDefinitions.elSistemaMuestraAlMenos2MateriasPrimasAsociadasAlProveedor()&amp#27;[0m
]]></system-out>
    <system-err><![CDATA[[main] INFO  - 
  _____   ___   ___   _____     ___   _____     _     ___   _____   ___   ___  
 |_   _| | __| / __| |_   _|   / __| |_   _|   /_\   | _ \ |_   _| | __| |   \ 
   | |   | _|  \__ \   | |     \__ \   | |    / _ \  |   /   | |   | _|  | |) |
   |_|   |___| |___/   |_|     |___/   |_|   /_/ \_\ |_|_\   |_|   |___| |___/ 

Asociar multiples materias primas a un proveedor(hu-23-asociar-proveedor-a-materia-prima;asociar-multiples-materias-primas-a-un-proveedor)
--------------------------------------------------------------------------------
[main] INFO net.serenitybdd.core.webdriver.driverproviders.ChromeDriverProvider - Starting Chrome driver instance with capabilities:
[main] INFO net.serenitybdd.core.webdriver.driverproviders.ChromeDriverProvider - Capabilities {acceptInsecureCerts: false, browserName: chrome, goog:chromeOptions: {args: [--no-sandbox,--headless=new...], extensions: []}}
may 17, 2026 9:32:07 P. M. org.openqa.selenium.devtools.CdpVersionFinder findNearestMatch
ADVERTENCIA: Unable to find CDP implementation matching 148
may 17, 2026 9:32:07 P. M. org.openqa.selenium.chromium.ChromiumDriver lambda$new$5
ADVERTENCIA: Unable to find version of CDP to use for 148.0.7778.167. You may need to include a dependency on a specific version of the CDP using something similar to `org.seleniumhq.selenium:selenium-devtools-v86:4.21.0` where the version ("v86") matches the version of the chromium-based browser you're using and the version number of the artifact is the same as Selenium's.
[main] INFO  - 
  _____   ___   ___   _____     ___     _     ___   ___   ___   ___  
 |_   _| | __| / __| |_   _|   | _ \   /_\   / __| / __| | __| |   \ 
   | |   | _|  \__ \   | |     |  _/  / _ \  \__ \ \__ \ | _|  | |) |
   |_|   |___| |___/   |_|     |_|   /_/ \_\ |___/ |___/ |___| |___/ 

Asociar multiples materias primas a un proveedor
----------------------------------------------------------------------
]]></system-err>
  </testcase>
  <testcase name="Asociacion duplicada de proveedor a materia prima" classname="HU-23 Asociar proveedor a materia prima" time="3.729">
    <system-out><![CDATA[
@proveedores
Scenario: Asociacion duplicada de proveedor a materia prima                                                                &amp#27;[90m# src/test/resources/features/asociar-proveedor-materia-prima.feature:19&amp#27;[0m
  &amp#27;[32mGiven &amp#27;[0m&amp#27;[32mel usuario accede al modulo de asociar proveedor a materia prima&amp#27;[0m                                                   &amp#27;[90m# com.inventario.steps.AsociarProveedorMateriaPrimaStepDefinitions.elUsuarioAccedeAlModuloDeAsociarProveedorAMateriaPrima()&amp#27;[0m
  &amp#27;[32mGiven &amp#27;[0m&amp#27;[32mexiste al menos una materia prima asociada al proveedor seleccionado&amp#27;[0m                                               &amp#27;[90m# com.inventario.steps.AsociarProveedorMateriaPrimaStepDefinitions.existeAlMenosUnaMateriaPrimaAsociadaAlProveedorSeleccionado()&amp#27;[0m
  &amp#27;[32mWhen &amp#27;[0m&amp#27;[32mel usuario intenta asociar la misma materia prima al mismo proveedor nuevamente&amp#27;[0m                                     &amp#27;[90m# com.inventario.steps.AsociarProveedorMateriaPrimaStepDefinitions.elUsuarioIntentaAsociarLaMismaMateriaPrimaAlMismoProveedorNuevamente()&amp#27;[0m
  &amp#27;[32mThen &amp#27;[0m&amp#27;[32mel sistema muestra el mensaje de error de asociacion proveedor &amp#27;[0m&amp#27;[32m&amp#27;[1m"Ese proveedor ya esta asociado a esa materia prima"&amp#27;[0m &amp#27;[90m# com.inventario.steps.AsociarProveedorMateriaPrimaStepDefinitions.elSistemaMuestraElMensajeDeErrorDeAsociacionProveedor(java.lang.String)&amp#27;[0m
]]></system-out>
    <system-err><![CDATA[[main] INFO  - 
  _____   ___   ___   _____     ___   _____     _     ___   _____   ___   ___  
 |_   _| | __| / __| |_   _|   / __| |_   _|   /_\   | _ \ |_   _| | __| |   \ 
   | |   | _|  \__ \   | |     \__ \   | |    / _ \  |   /   | |   | _|  | |) |
   |_|   |___| |___/   |_|     |___/   |_|   /_/ \_\ |_|_\   |_|   |___| |___/ 

Asociacion duplicada de proveedor a materia prima(hu-23-asociar-proveedor-a-materia-prima;asociacion-duplicada-de-proveedor-a-materia-prima)
--------------------------------------------------------------------------------
[main] INFO net.serenitybdd.core.webdriver.driverproviders.ChromeDriverProvider - Starting Chrome driver instance with capabilities:
[main] INFO net.serenitybdd.core.webdriver.driverproviders.ChromeDriverProvider - Capabilities {acceptInsecureCerts: false, browserName: chrome, goog:chromeOptions: {args: [--no-sandbox,--headless=new...], extensions: []}}
may 17, 2026 9:32:11 P. M. org.openqa.selenium.devtools.CdpVersionFinder findNearestMatch
ADVERTENCIA: Unable to find CDP implementation matching 148
may 17, 2026 9:32:11 P. M. org.openqa.selenium.chromium.ChromiumDriver lambda$new$5
ADVERTENCIA: Unable to find version of CDP to use for 148.0.7778.167. You may need to include a dependency on a specific version of the CDP using something similar to `org.seleniumhq.selenium:selenium-devtools-v86:4.21.0` where the version ("v86") matches the version of the chromium-based browser you're using and the version number of the artifact is the same as Selenium's.
[main] INFO  - 
  _____   ___   ___   _____     ___     _     ___   ___   ___   ___  
 |_   _| | __| / __| |_   _|   | _ \   /_\   / __| / __| | __| |   \ 
   | |   | _|  \__ \   | |     |  _/  / _ \  \__ \ \__ \ | _|  | |) |
   |_|   |___| |___/   |_|     |_|   /_/ \_\ |___/ |___/ |___| |___/ 

Asociacion duplicada de proveedor a materia prima
----------------------------------------------------------------------
]]></system-err>
  </testcase>
  <testcase name="Costo por unidad invalido" classname="HU-23 Asociar proveedor a materia prima" time="3.5">
    <system-out><![CDATA[
@proveedores
Scenario: Costo por unidad invalido                                                                            &amp#27;[90m# src/test/resources/features/asociar-proveedor-materia-prima.feature:24&amp#27;[0m
  &amp#27;[32mGiven &amp#27;[0m&amp#27;[32mel usuario accede al modulo de asociar proveedor a materia prima&amp#27;[0m                                       &amp#27;[90m# com.inventario.steps.AsociarProveedorMateriaPrimaStepDefinitions.elUsuarioAccedeAlModuloDeAsociarProveedorAMateriaPrima()&amp#27;[0m
  &amp#27;[32mWhen &amp#27;[0m&amp#27;[32mel usuario selecciona el primer proveedor y una materia prima con costo invalido de cero&amp#27;[0m                &amp#27;[90m# com.inventario.steps.AsociarProveedorMateriaPrimaStepDefinitions.elUsuarioSeleccionaElPrimerProveedorYUnaMateriaPrimaConCostoInvalidoDeCero()&amp#27;[0m
  &amp#27;[32mThen &amp#27;[0m&amp#27;[32mel sistema muestra el mensaje de error de asociacion proveedor &amp#27;[0m&amp#27;[32m&amp#27;[1m"El costo por unidad debe ser mayor a 0"&amp#27;[0m &amp#27;[90m# com.inventario.steps.AsociarProveedorMateriaPrimaStepDefinitions.elSistemaMuestraElMensajeDeErrorDeAsociacionProveedor(java.lang.String)&amp#27;[0m
]]></system-out>
    <system-err><![CDATA[[main] INFO  - 
  _____   ___   ___   _____     ___   _____     _     ___   _____   ___   ___  
 |_   _| | __| / __| |_   _|   / __| |_   _|   /_\   | _ \ |_   _| | __| |   \ 
   | |   | _|  \__ \   | |     \__ \   | |    / _ \  |   /   | |   | _|  | |) |
   |_|   |___| |___/   |_|     |___/   |_|   /_/ \_\ |_|_\   |_|   |___| |___/ 

Costo por unidad invalido(hu-23-asociar-proveedor-a-materia-prima;costo-por-unidad-invalido)
--------------------------------------------------------------------------------
[main] INFO net.serenitybdd.core.webdriver.driverproviders.ChromeDriverProvider - Starting Chrome driver instance with capabilities:
[main] INFO net.serenitybdd.core.webdriver.driverproviders.ChromeDriverProvider - Capabilities {acceptInsecureCerts: false, browserName: chrome, goog:chromeOptions: {args: [--no-sandbox,--headless=new...], extensions: []}}
may 17, 2026 9:32:15 P. M. org.openqa.selenium.devtools.CdpVersionFinder findNearestMatch
ADVERTENCIA: Unable to find CDP implementation matching 148
may 17, 2026 9:32:15 P. M. org.openqa.selenium.chromium.ChromiumDriver lambda$new$5
ADVERTENCIA: Unable to find version of CDP to use for 148.0.7778.167. You may need to include a dependency on a specific version of the CDP using something similar to `org.seleniumhq.selenium:selenium-devtools-v86:4.21.0` where the version ("v86") matches the version of the chromium-based browser you're using and the version number of the artifact is the same as Selenium's.
[main] INFO  - 
  _____   ___   ___   _____     ___     _     ___   ___   ___   ___  
 |_   _| | __| / __| |_   _|   | _ \   /_\   / __| / __| | __| |   \ 
   | |   | _|  \__ \   | |     |  _/  / _ \  \__ \ \__ \ | _|  | |) |
   |_|   |___| |___/   |_|     |_|   /_/ \_\ |___/ |___/ |___| |___/ 

Costo por unidad invalido
----------------------------------------------------------------------
]]></system-err>
  </testcase>
  <testcase name="Editar costo por unidad de asociacion existente" classname="HU-23 Asociar proveedor a materia prima" time="3.814">
    <system-out><![CDATA[
@proveedores
Scenario: Editar costo por unidad de asociacion existente                                                         &amp#27;[90m# src/test/resources/features/asociar-proveedor-materia-prima.feature:28&amp#27;[0m
  &amp#27;[32mGiven &amp#27;[0m&amp#27;[32mel usuario accede al modulo de asociar proveedor a materia prima&amp#27;[0m                                          &amp#27;[90m# com.inventario.steps.AsociarProveedorMateriaPrimaStepDefinitions.elUsuarioAccedeAlModuloDeAsociarProveedorAMateriaPrima()&amp#27;[0m
  &amp#27;[32mGiven &amp#27;[0m&amp#27;[32mexiste al menos una materia prima asociada al proveedor seleccionado&amp#27;[0m                                      &amp#27;[90m# com.inventario.steps.AsociarProveedorMateriaPrimaStepDefinitions.existeAlMenosUnaMateriaPrimaAsociadaAlProveedorSeleccionado()&amp#27;[0m
  &amp#27;[32mWhen &amp#27;[0m&amp#27;[32mel usuario edita el costo de la primera asociacion del proveedor a 9500&amp#27;[0m                                    &amp#27;[90m# com.inventario.steps.AsociarProveedorMateriaPrimaStepDefinitions.elUsuarioEditaElCostoDeLaPrimeraAsociacionDelProveedorA9500()&amp#27;[0m
  &amp#27;[32mThen &amp#27;[0m&amp#27;[32mel sistema muestra el mensaje de exito de edicion de asociacion proveedor &amp#27;[0m&amp#27;[32m&amp#27;[1m"Costo actualizado exitosamente"&amp#27;[0m &amp#27;[90m# com.inventario.steps.AsociarProveedorMateriaPrimaStepDefinitions.elSistemaMuestraElMensajeDeExitoDeEdicionDeAsociacionProveedor(java.lang.String)&amp#27;[0m
]]></system-out>
    <system-err><![CDATA[[main] INFO  - 
  _____   ___   ___   _____     ___   _____     _     ___   _____   ___   ___  
 |_   _| | __| / __| |_   _|   / __| |_   _|   /_\   | _ \ |_   _| | __| |   \ 
   | |   | _|  \__ \   | |     \__ \   | |    / _ \  |   /   | |   | _|  | |) |
   |_|   |___| |___/   |_|     |___/   |_|   /_/ \_\ |_|_\   |_|   |___| |___/ 

Editar costo por unidad de asociacion existente(hu-23-asociar-proveedor-a-materia-prima;editar-costo-por-unidad-de-asociacion-existente)
--------------------------------------------------------------------------------
[main] INFO net.serenitybdd.core.webdriver.driverproviders.ChromeDriverProvider - Starting Chrome driver instance with capabilities:
[main] INFO net.serenitybdd.core.webdriver.driverproviders.ChromeDriverProvider - Capabilities {acceptInsecureCerts: false, browserName: chrome, goog:chromeOptions: {args: [--no-sandbox,--headless=new...], extensions: []}}
may 17, 2026 9:32:18 P. M. org.openqa.selenium.devtools.CdpVersionFinder findNearestMatch
ADVERTENCIA: Unable to find CDP implementation matching 148
may 17, 2026 9:32:18 P. M. org.openqa.selenium.chromium.ChromiumDriver lambda$new$5
ADVERTENCIA: Unable to find version of CDP to use for 148.0.7778.167. You may need to include a dependency on a specific version of the CDP using something similar to `org.seleniumhq.selenium:selenium-devtools-v86:4.21.0` where the version ("v86") matches the version of the chromium-based browser you're using and the version number of the artifact is the same as Selenium's.
[main] INFO  - 
  _____   ___   ___   _____     ___     _     ___   ___   ___   ___  
 |_   _| | __| / __| |_   _|   | _ \   /_\   / __| / __| | __| |   \ 
   | |   | _|  \__ \   | |     |  _/  / _ \  \__ \ \__ \ | _|  | |) |
   |_|   |___| |___/   |_|     |_|   /_/ \_\ |___/ |___/ |___| |___/ 

Editar costo por unidad de asociacion existente
----------------------------------------------------------------------
]]></system-err>
  </testcase>
  <testcase name="Eliminar asociacion de proveedor a materia prima" classname="HU-23 Asociar proveedor a materia prima" time="3.766">
    <system-out><![CDATA[
@proveedores
Scenario: Eliminar asociacion de proveedor a materia prima                    &amp#27;[90m# src/test/resources/features/asociar-proveedor-materia-prima.feature:33&amp#27;[0m
  &amp#27;[32mGiven &amp#27;[0m&amp#27;[32mel usuario accede al modulo de asociar proveedor a materia prima&amp#27;[0m      &amp#27;[90m# com.inventario.steps.AsociarProveedorMateriaPrimaStepDefinitions.elUsuarioAccedeAlModuloDeAsociarProveedorAMateriaPrima()&amp#27;[0m
  &amp#27;[32mGiven &amp#27;[0m&amp#27;[32mexiste al menos una materia prima asociada al proveedor seleccionado&amp#27;[0m  &amp#27;[90m# com.inventario.steps.AsociarProveedorMateriaPrimaStepDefinitions.existeAlMenosUnaMateriaPrimaAsociadaAlProveedorSeleccionado()&amp#27;[0m
  &amp#27;[32mWhen &amp#27;[0m&amp#27;[32mel usuario elimina la primera asociacion del proveedor a materia prima&amp#27;[0m &amp#27;[90m# com.inventario.steps.AsociarProveedorMateriaPrimaStepDefinitions.elUsuarioEliminaLaPrimeraAsociacionDelProveedorAMateriaPrima()&amp#27;[0m
  &amp#27;[32mThen &amp#27;[0m&amp#27;[32mla asociacion queda eliminada de la lista del proveedor&amp#27;[0m                &amp#27;[90m# com.inventario.steps.AsociarProveedorMateriaPrimaStepDefinitions.laAsociacionQuedaEliminadaDeLaListaDelProveedor()&amp#27;[0m
]]></system-out>
    <system-err><![CDATA[[main] INFO  - 
  _____   ___   ___   _____     ___   _____     _     ___   _____   ___   ___  
 |_   _| | __| / __| |_   _|   / __| |_   _|   /_\   | _ \ |_   _| | __| |   \ 
   | |   | _|  \__ \   | |     \__ \   | |    / _ \  |   /   | |   | _|  | |) |
   |_|   |___| |___/   |_|     |___/   |_|   /_/ \_\ |_|_\   |_|   |___| |___/ 

Eliminar asociacion de proveedor a materia prima(hu-23-asociar-proveedor-a-materia-prima;eliminar-asociacion-de-proveedor-a-materia-prima)
--------------------------------------------------------------------------------
[main] INFO net.serenitybdd.core.webdriver.driverproviders.ChromeDriverProvider - Starting Chrome driver instance with capabilities:
[main] INFO net.serenitybdd.core.webdriver.driverproviders.ChromeDriverProvider - Capabilities {acceptInsecureCerts: false, browserName: chrome, goog:chromeOptions: {args: [--no-sandbox,--headless=new...], extensions: []}}
may 17, 2026 9:32:22 P. M. org.openqa.selenium.devtools.CdpVersionFinder findNearestMatch
ADVERTENCIA: Unable to find CDP implementation matching 148
may 17, 2026 9:32:22 P. M. org.openqa.selenium.chromium.ChromiumDriver lambda$new$5
ADVERTENCIA: Unable to find version of CDP to use for 148.0.7778.167. You may need to include a dependency on a specific version of the CDP using something similar to `org.seleniumhq.selenium:selenium-devtools-v86:4.21.0` where the version ("v86") matches the version of the chromium-based browser you're using and the version number of the artifact is the same as Selenium's.
[main] INFO  - 
  _____   ___   ___   _____     ___     _     ___   ___   ___   ___  
 |_   _| | __| / __| |_   _|   | _ \   /_\   / __| / __| | __| |   \ 
   | |   | _|  \__ \   | |     |  _/  / _ \  \__ \ \__ \ | _|  | |) |
   |_|   |___| |___/   |_|     |_|   /_/ \_\ |___/ |___/ |___| |___/ 

Eliminar asociacion de proveedor a materia prima
----------------------------------------------------------------------
]]></system-err>
  </testcase>
  <testcase name="No hay materias primas registradas para el proveedor" classname="HU-23 Asociar proveedor a materia prima" time="3.524">
    <system-out><![CDATA[
@proveedores
Scenario: No hay materias primas registradas para el proveedor                                       &amp#27;[90m# src/test/resources/features/asociar-proveedor-materia-prima.feature:38&amp#27;[0m
  &amp#27;[32mGiven &amp#27;[0m&amp#27;[32mel usuario accede al modulo de asociar proveedor a materia prima&amp#27;[0m                             &amp#27;[90m# com.inventario.steps.AsociarProveedorMateriaPrimaStepDefinitions.elUsuarioAccedeAlModuloDeAsociarProveedorAMateriaPrima()&amp#27;[0m
  &amp#27;[32mWhen &amp#27;[0m&amp#27;[32mel usuario selecciona el primer proveedor y no hay materias primas en el sistema&amp#27;[0m              &amp#27;[90m# com.inventario.steps.AsociarProveedorMateriaPrimaStepDefinitions.elUsuarioSeleccionaElPrimerProveedorYNoHayMateriasPrimasEnElSistema()&amp#27;[0m
  &amp#27;[32mThen &amp#27;[0m&amp#27;[32mel sistema muestra la advertencia de que no hay materias primas disponibles para el proveedor&amp#27;[0m &amp#27;[90m# com.inventario.steps.AsociarProveedorMateriaPrimaStepDefinitions.elSistemaMuestraLaAdvertenciaDeQueNoHayMateriasPrimasDisponiblesParaElProveedor()&amp#27;[0m
]]></system-out>
    <system-err><![CDATA[[main] INFO  - 
  _____   ___   ___   _____     ___   _____     _     ___   _____   ___   ___  
 |_   _| | __| / __| |_   _|   / __| |_   _|   /_\   | _ \ |_   _| | __| |   \ 
   | |   | _|  \__ \   | |     \__ \   | |    / _ \  |   /   | |   | _|  | |) |
   |_|   |___| |___/   |_|     |___/   |_|   /_/ \_\ |_|_\   |_|   |___| |___/ 

No hay materias primas registradas para el proveedor(hu-23-asociar-proveedor-a-materia-prima;no-hay-materias-primas-registradas-para-el-proveedor)
--------------------------------------------------------------------------------
[main] INFO net.serenitybdd.core.webdriver.driverproviders.ChromeDriverProvider - Starting Chrome driver instance with capabilities:
[main] INFO net.serenitybdd.core.webdriver.driverproviders.ChromeDriverProvider - Capabilities {acceptInsecureCerts: false, browserName: chrome, goog:chromeOptions: {args: [--no-sandbox,--headless=new...], extensions: []}}
may 17, 2026 9:32:26 P. M. org.openqa.selenium.devtools.CdpVersionFinder findNearestMatch
ADVERTENCIA: Unable to find CDP implementation matching 148
may 17, 2026 9:32:26 P. M. org.openqa.selenium.chromium.ChromiumDriver lambda$new$5
ADVERTENCIA: Unable to find version of CDP to use for 148.0.7778.167. You may need to include a dependency on a specific version of the CDP using something similar to `org.seleniumhq.selenium:selenium-devtools-v86:4.21.0` where the version ("v86") matches the version of the chromium-based browser you're using and the version number of the artifact is the same as Selenium's.
[main] INFO  - 
  _____   ___   ___   _____     ___     _     ___   ___   ___   ___  
 |_   _| | __| / __| |_   _|   | _ \   /_\   / __| / __| | __| |   \ 
   | |   | _|  \__ \   | |     |  _/  / _ \  \__ \ \__ \ | _|  | |) |
   |_|   |___| |___/   |_|     |_|   /_/ \_\ |___/ |___/ |___| |___/ 

No hay materias primas registradas para el proveedor
----------------------------------------------------------------------
]]></system-err>
  </testcase>
  <testcase name="Modulo no visible para roles no autorizados" classname="HU-23 Asociar proveedor a materia prima" time="4.246">
    <system-out><![CDATA[
@proveedores
Scenario: Modulo no visible para roles no autorizados                              &amp#27;[90m# src/test/resources/features/asociar-proveedor-materia-prima.feature:42&amp#27;[0m
  &amp#27;[32mGiven &amp#27;[0m&amp#27;[32mel usuario accede al modulo de asociar proveedor a materia prima&amp#27;[0m           &amp#27;[90m# com.inventario.steps.AsociarProveedorMateriaPrimaStepDefinitions.elUsuarioAccedeAlModuloDeAsociarProveedorAMateriaPrima()&amp#27;[0m
  &amp#27;[32mGiven &amp#27;[0m&amp#27;[32mel usuario inicia sesion con el rol &amp#27;[0m&amp#27;[32m&amp#27;[1m"Ventas"&amp#27;[0m                               &amp#27;[90m# com.inventario.steps.RolesStepDefinitions.elUsuarioIniciaSesionConElRol(java.lang.String)&amp#27;[0m
  &amp#27;[32mWhen &amp#27;[0m&amp#27;[32mel usuario intenta acceder al modulo de asociar proveedor a materia prima&amp#27;[0m   &amp#27;[90m# com.inventario.steps.AsociarProveedorMateriaPrimaStepDefinitions.elUsuarioIntentaAccederAlModuloDeAsociarProveedorAMateriaPrima()&amp#27;[0m
  &amp#27;[32mThen &amp#27;[0m&amp#27;[32mel sistema muestra la pagina de acceso denegado&amp#27;[0m                             &amp#27;[90m# com.inventario.steps.RolesStepDefinitions.elSistemaMuestraLaPaginaDeAccesoDenegado()&amp#27;[0m
  &amp#27;[32mAnd &amp#27;[0m&amp#27;[32mel sistema muestra el mensaje &amp#27;[0m&amp#27;[32m&amp#27;[1m"No tiene permisos para acceder a este modulo"&amp#27;[0m &amp#27;[90m# com.inventario.steps.RolesStepDefinitions.elSistemaMuestraElMensaje(java.lang.String)&amp#27;[0m
]]></system-out>
    <system-err><![CDATA[[main] INFO  - 
  _____   ___   ___   _____     ___   _____     _     ___   _____   ___   ___  
 |_   _| | __| / __| |_   _|   / __| |_   _|   /_\   | _ \ |_   _| | __| |   \ 
   | |   | _|  \__ \   | |     \__ \   | |    / _ \  |   /   | |   | _|  | |) |
   |_|   |___| |___/   |_|     |___/   |_|   /_/ \_\ |_|_\   |_|   |___| |___/ 

Modulo no visible para roles no autorizados(hu-23-asociar-proveedor-a-materia-prima;modulo-no-visible-para-roles-no-autorizados)
--------------------------------------------------------------------------------
[main] INFO net.serenitybdd.core.webdriver.driverproviders.ChromeDriverProvider - Starting Chrome driver instance with capabilities:
[main] INFO net.serenitybdd.core.webdriver.driverproviders.ChromeDriverProvider - Capabilities {acceptInsecureCerts: false, browserName: chrome, goog:chromeOptions: {args: [--no-sandbox,--headless=new...], extensions: []}}
may 17, 2026 9:32:29 P. M. org.openqa.selenium.devtools.CdpVersionFinder findNearestMatch
ADVERTENCIA: Unable to find CDP implementation matching 148
may 17, 2026 9:32:29 P. M. org.openqa.selenium.chromium.ChromiumDriver lambda$new$5
ADVERTENCIA: Unable to find version of CDP to use for 148.0.7778.167. You may need to include a dependency on a specific version of the CDP using something similar to `org.seleniumhq.selenium:selenium-devtools-v86:4.21.0` where the version ("v86") matches the version of the chromium-based browser you're using and the version number of the artifact is the same as Selenium's.
[main] INFO  - 
  _____   ___   ___   _____     ___     _     ___   ___   ___   ___  
 |_   _| | __| / __| |_   _|   | _ \   /_\   / __| / __| | __| |   \ 
   | |   | _|  \__ \   | |     |  _/  / _ \  \__ \ \__ \ | _|  | |) |
   |_|   |___| |___/   |_|     |_|   /_/ \_\ |___/ |___/ |___| |___/ 

Modulo no visible para roles no autorizados
----------------------------------------------------------------------
]]></system-err>
  </testcase>
  <testcase name="Registro exitoso de proveedor" classname="HU-22 Registrar proveedor" time="2.758">
    <system-out><![CDATA[
@proveedores
Scenario: Registro exitoso de proveedor                                                        &amp#27;[90m# src/test/resources/features/registrar-proveedor.feature:10&amp#27;[0m
  &amp#27;[32mGiven &amp#27;[0m&amp#27;[32mel usuario ha iniciado sesion en el modulo de proveedores&amp#27;[0m                              &amp#27;[90m# com.inventario.steps.RegistrarProveedorStepDefinitions.elUsuarioHaIniciadoSesionEnElModuloDeProveedores()&amp#27;[0m
  &amp#27;[32mWhen &amp#27;[0m&amp#27;[32mel usuario registra un proveedor con todos los campos obligatorios&amp#27;[0m                      &amp#27;[90m# com.inventario.steps.RegistrarProveedorStepDefinitions.elUsuarioRegistraUnProveedorConTodosLosCamposObligatorios()&amp#27;[0m
  &amp#27;[32mThen &amp#27;[0m&amp#27;[32mel sistema muestra el mensaje de exito de proveedor &amp#27;[0m&amp#27;[32m&amp#27;[1m"Proveedor registrado exitosamente"&amp#27;[0m &amp#27;[90m# com.inventario.steps.RegistrarProveedorStepDefinitions.elSistemaMuestraElMensajeDeExitoDeProveedor(java.lang.String)&amp#27;[0m
]]></system-out>
    <system-err><![CDATA[[main] INFO  - Test Suite Started: HU-22 Registrar proveedor
[main] INFO  - 
  _____   ___   ___   _____     ___   _____     _     ___   _____   ___   ___  
 |_   _| | __| / __| |_   _|   / __| |_   _|   /_\   | _ \ |_   _| | __| |   \ 
   | |   | _|  \__ \   | |     \__ \   | |    / _ \  |   /   | |   | _|  | |) |
   |_|   |___| |___/   |_|     |___/   |_|   /_/ \_\ |_|_\   |_|   |___| |___/ 

Registro exitoso de proveedor(hu-22-registrar-proveedor;registro-exitoso-de-proveedor)
--------------------------------------------------------------------------------
[main] INFO net.serenitybdd.core.webdriver.driverproviders.ChromeDriverProvider - Starting Chrome driver instance with capabilities:
[main] INFO net.serenitybdd.core.webdriver.driverproviders.ChromeDriverProvider - Capabilities {acceptInsecureCerts: false, browserName: chrome, goog:chromeOptions: {args: [--no-sandbox,--headless=new...], extensions: []}}
may 17, 2026 9:32:34 P. M. org.openqa.selenium.devtools.CdpVersionFinder findNearestMatch
ADVERTENCIA: Unable to find CDP implementation matching 148
may 17, 2026 9:32:34 P. M. org.openqa.selenium.chromium.ChromiumDriver lambda$new$5
ADVERTENCIA: Unable to find version of CDP to use for 148.0.7778.167. You may need to include a dependency on a specific version of the CDP using something similar to `org.seleniumhq.selenium:selenium-devtools-v86:4.21.0` where the version ("v86") matches the version of the chromium-based browser you're using and the version number of the artifact is the same as Selenium's.
[main] INFO  - 
  _____   ___   ___   _____     ___     _     ___   ___   ___   ___  
 |_   _| | __| / __| |_   _|   | _ \   /_\   / __| / __| | __| |   \ 
   | |   | _|  \__ \   | |     |  _/  / _ \  \__ \ \__ \ | _|  | |) |
   |_|   |___| |___/   |_|     |_|   /_/ \_\ |___/ |___/ |___| |___/ 

Registro exitoso de proveedor
----------------------------------------------------------------------
]]></system-err>
  </testcase>
  <testcase name="Registro exitoso con campos opcionales" classname="HU-22 Registrar proveedor" time="3.057">
    <system-out><![CDATA[
@proveedores
Scenario: Registro exitoso con campos opcionales                                               &amp#27;[90m# src/test/resources/features/registrar-proveedor.feature:14&amp#27;[0m
  &amp#27;[32mGiven &amp#27;[0m&amp#27;[32mel usuario ha iniciado sesion en el modulo de proveedores&amp#27;[0m                              &amp#27;[90m# com.inventario.steps.RegistrarProveedorStepDefinitions.elUsuarioHaIniciadoSesionEnElModuloDeProveedores()&amp#27;[0m
  &amp#27;[32mWhen &amp#27;[0m&amp#27;[32mel usuario registra un proveedor con todos los campos incluyendo opcionales&amp#27;[0m             &amp#27;[90m# com.inventario.steps.RegistrarProveedorStepDefinitions.elUsuarioRegistraUnProveedorConTodosLosCamposIncluyendoOpcionales()&amp#27;[0m
  &amp#27;[32mThen &amp#27;[0m&amp#27;[32mel sistema muestra el mensaje de exito de proveedor &amp#27;[0m&amp#27;[32m&amp#27;[1m"Proveedor registrado exitosamente"&amp#27;[0m &amp#27;[90m# com.inventario.steps.RegistrarProveedorStepDefinitions.elSistemaMuestraElMensajeDeExitoDeProveedor(java.lang.String)&amp#27;[0m
]]></system-out>
    <system-err><![CDATA[[main] INFO  - 
  _____   ___   ___   _____     ___   _____     _     ___   _____   ___   ___  
 |_   _| | __| / __| |_   _|   / __| |_   _|   /_\   | _ \ |_   _| | __| |   \ 
   | |   | _|  \__ \   | |     \__ \   | |    / _ \  |   /   | |   | _|  | |) |
   |_|   |___| |___/   |_|     |___/   |_|   /_/ \_\ |_|_\   |_|   |___| |___/ 

Registro exitoso con campos opcionales(hu-22-registrar-proveedor;registro-exitoso-con-campos-opcionales)
--------------------------------------------------------------------------------
[main] INFO net.serenitybdd.core.webdriver.driverproviders.ChromeDriverProvider - Starting Chrome driver instance with capabilities:
[main] INFO net.serenitybdd.core.webdriver.driverproviders.ChromeDriverProvider - Capabilities {acceptInsecureCerts: false, browserName: chrome, goog:chromeOptions: {args: [--no-sandbox,--headless=new...], extensions: []}}
may 17, 2026 9:32:36 P. M. org.openqa.selenium.devtools.CdpVersionFinder findNearestMatch
ADVERTENCIA: Unable to find CDP implementation matching 148
may 17, 2026 9:32:36 P. M. org.openqa.selenium.chromium.ChromiumDriver lambda$new$5
ADVERTENCIA: Unable to find version of CDP to use for 148.0.7778.167. You may need to include a dependency on a specific version of the CDP using something similar to `org.seleniumhq.selenium:selenium-devtools-v86:4.21.0` where the version ("v86") matches the version of the chromium-based browser you're using and the version number of the artifact is the same as Selenium's.
[main] INFO  - 
  _____   ___   ___   _____     ___     _     ___   ___   ___   ___  
 |_   _| | __| / __| |_   _|   | _ \   /_\   / __| / __| | __| |   \ 
   | |   | _|  \__ \   | |     |  _/  / _ \  \__ \ \__ \ | _|  | |) |
   |_|   |___| |___/   |_|     |_|   /_/ \_\ |___/ |___/ |___| |___/ 

Registro exitoso con campos opcionales
----------------------------------------------------------------------
]]></system-err>
  </testcase>
  <testcase name="NIT duplicado" classname="HU-22 Registrar proveedor" time="3.579">
    <system-out><![CDATA[
@proveedores
Scenario: NIT duplicado                                                                         &amp#27;[90m# src/test/resources/features/registrar-proveedor.feature:18&amp#27;[0m
  &amp#27;[32mGiven &amp#27;[0m&amp#27;[32mel usuario ha iniciado sesion en el modulo de proveedores&amp#27;[0m                               &amp#27;[90m# com.inventario.steps.RegistrarProveedorStepDefinitions.elUsuarioHaIniciadoSesionEnElModuloDeProveedores()&amp#27;[0m
  &amp#27;[32mGiven &amp#27;[0m&amp#27;[32mexiste un proveedor registrado en el sistema&amp#27;[0m                                            &amp#27;[90m# com.inventario.steps.RegistrarProveedorStepDefinitions.existeUnProveedorRegistradoEnElSistema()&amp#27;[0m
  &amp#27;[32mWhen &amp#27;[0m&amp#27;[32mel usuario intenta registrar un proveedor con el mismo NIT&amp#27;[0m                               &amp#27;[90m# com.inventario.steps.RegistrarProveedorStepDefinitions.elUsuarioIntentaRegistrarUnProveedorConElMismoNIT()&amp#27;[0m
  &amp#27;[32mThen &amp#27;[0m&amp#27;[32mel sistema muestra el mensaje de error de proveedor &amp#27;[0m&amp#27;[32m&amp#27;[1m"Ya existe un proveedor con ese NIT"&amp#27;[0m &amp#27;[90m# com.inventario.steps.RegistrarProveedorStepDefinitions.elSistemaMuestraElMensajeDeErrorDeProveedor(java.lang.String)&amp#27;[0m
]]></system-out>
    <system-err><![CDATA[[main] INFO  - 
  _____   ___   ___   _____     ___   _____     _     ___   _____   ___   ___  
 |_   _| | __| / __| |_   _|   / __| |_   _|   /_\   | _ \ |_   _| | __| |   \ 
   | |   | _|  \__ \   | |     \__ \   | |    / _ \  |   /   | |   | _|  | |) |
   |_|   |___| |___/   |_|     |___/   |_|   /_/ \_\ |_|_\   |_|   |___| |___/ 

NIT duplicado(hu-22-registrar-proveedor;nit-duplicado)
--------------------------------------------------------------------------------
[main] INFO net.serenitybdd.core.webdriver.driverproviders.ChromeDriverProvider - Starting Chrome driver instance with capabilities:
[main] INFO net.serenitybdd.core.webdriver.driverproviders.ChromeDriverProvider - Capabilities {acceptInsecureCerts: false, browserName: chrome, goog:chromeOptions: {args: [--no-sandbox,--headless=new...], extensions: []}}
may 17, 2026 9:32:39 P. M. org.openqa.selenium.devtools.CdpVersionFinder findNearestMatch
ADVERTENCIA: Unable to find CDP implementation matching 148
may 17, 2026 9:32:39 P. M. org.openqa.selenium.chromium.ChromiumDriver lambda$new$5
ADVERTENCIA: Unable to find version of CDP to use for 148.0.7778.167. You may need to include a dependency on a specific version of the CDP using something similar to `org.seleniumhq.selenium:selenium-devtools-v86:4.21.0` where the version ("v86") matches the version of the chromium-based browser you're using and the version number of the artifact is the same as Selenium's.
[main] INFO  - 
  _____   ___   ___   _____     ___     _     ___   ___   ___   ___  
 |_   _| | __| / __| |_   _|   | _ \   /_\   / __| / __| | __| |   \ 
   | |   | _|  \__ \   | |     |  _/  / _ \  \__ \ \__ \ | _|  | |) |
   |_|   |___| |___/   |_|     |_|   /_/ \_\ |___/ |___/ |___| |___/ 

NIT duplicado
----------------------------------------------------------------------
]]></system-err>
  </testcase>
  <testcase name="Nombre duplicado" classname="HU-22 Registrar proveedor" time="4.011">
    <system-out><![CDATA[
@proveedores
Scenario: Nombre duplicado                                                                         &amp#27;[90m# src/test/resources/features/registrar-proveedor.feature:23&amp#27;[0m
  &amp#27;[32mGiven &amp#27;[0m&amp#27;[32mel usuario ha iniciado sesion en el modulo de proveedores&amp#27;[0m                                  &amp#27;[90m# com.inventario.steps.RegistrarProveedorStepDefinitions.elUsuarioHaIniciadoSesionEnElModuloDeProveedores()&amp#27;[0m
  &amp#27;[32mGiven &amp#27;[0m&amp#27;[32mexiste un proveedor registrado en el sistema&amp#27;[0m                                               &amp#27;[90m# com.inventario.steps.RegistrarProveedorStepDefinitions.existeUnProveedorRegistradoEnElSistema()&amp#27;[0m
  &amp#27;[32mWhen &amp#27;[0m&amp#27;[32mel usuario intenta registrar un proveedor con el mismo nombre&amp#27;[0m                               &amp#27;[90m# com.inventario.steps.RegistrarProveedorStepDefinitions.elUsuarioIntentaRegistrarUnProveedorConElMismoNombre()&amp#27;[0m
  &amp#27;[32mThen &amp#27;[0m&amp#27;[32mel sistema muestra el mensaje de error de proveedor &amp#27;[0m&amp#27;[32m&amp#27;[1m"Ya existe un proveedor con ese nombre"&amp#27;[0m &amp#27;[90m# com.inventario.steps.RegistrarProveedorStepDefinitions.elSistemaMuestraElMensajeDeErrorDeProveedor(java.lang.String)&amp#27;[0m
]]></system-out>
    <system-err><![CDATA[[main] INFO  - 
  _____   ___   ___   _____     ___   _____     _     ___   _____   ___   ___  
 |_   _| | __| / __| |_   _|   / __| |_   _|   /_\   | _ \ |_   _| | __| |   \ 
   | |   | _|  \__ \   | |     \__ \   | |    / _ \  |   /   | |   | _|  | |) |
   |_|   |___| |___/   |_|     |___/   |_|   /_/ \_\ |_|_\   |_|   |___| |___/ 

Nombre duplicado(hu-22-registrar-proveedor;nombre-duplicado)
--------------------------------------------------------------------------------
[main] INFO net.serenitybdd.core.webdriver.driverproviders.ChromeDriverProvider - Starting Chrome driver instance with capabilities:
[main] INFO net.serenitybdd.core.webdriver.driverproviders.ChromeDriverProvider - Capabilities {acceptInsecureCerts: false, browserName: chrome, goog:chromeOptions: {args: [--no-sandbox,--headless=new...], extensions: []}}
may 17, 2026 9:32:43 P. M. org.openqa.selenium.devtools.CdpVersionFinder findNearestMatch
ADVERTENCIA: Unable to find CDP implementation matching 148
may 17, 2026 9:32:43 P. M. org.openqa.selenium.chromium.ChromiumDriver lambda$new$5
ADVERTENCIA: Unable to find version of CDP to use for 148.0.7778.167. You may need to include a dependency on a specific version of the CDP using something similar to `org.seleniumhq.selenium:selenium-devtools-v86:4.21.0` where the version ("v86") matches the version of the chromium-based browser you're using and the version number of the artifact is the same as Selenium's.
[main] INFO  - 
  _____   ___   ___   _____     ___     _     ___   ___   ___   ___  
 |_   _| | __| / __| |_   _|   | _ \   /_\   / __| / __| | __| |   \ 
   | |   | _|  \__ \   | |     |  _/  / _ \  \__ \ \__ \ | _|  | |) |
   |_|   |___| |___/   |_|     |_|   /_/ \_\ |___/ |___/ |___| |___/ 

Nombre duplicado
----------------------------------------------------------------------
]]></system-err>
  </testcase>
  <testcase name="Correo duplicado" classname="HU-22 Registrar proveedor" time="3.498">
    <system-out><![CDATA[
@proveedores
Scenario: Correo duplicado                                                                         &amp#27;[90m# src/test/resources/features/registrar-proveedor.feature:28&amp#27;[0m
  &amp#27;[32mGiven &amp#27;[0m&amp#27;[32mel usuario ha iniciado sesion en el modulo de proveedores&amp#27;[0m                                  &amp#27;[90m# com.inventario.steps.RegistrarProveedorStepDefinitions.elUsuarioHaIniciadoSesionEnElModuloDeProveedores()&amp#27;[0m
  &amp#27;[32mGiven &amp#27;[0m&amp#27;[32mexiste un proveedor registrado en el sistema&amp#27;[0m                                               &amp#27;[90m# com.inventario.steps.RegistrarProveedorStepDefinitions.existeUnProveedorRegistradoEnElSistema()&amp#27;[0m
  &amp#27;[32mWhen &amp#27;[0m&amp#27;[32mel usuario intenta registrar un proveedor con el mismo correo&amp#27;[0m                               &amp#27;[90m# com.inventario.steps.RegistrarProveedorStepDefinitions.elUsuarioIntentaRegistrarUnProveedorConElMismoCorreo()&amp#27;[0m
  &amp#27;[32mThen &amp#27;[0m&amp#27;[32mel sistema muestra el mensaje de error de proveedor &amp#27;[0m&amp#27;[32m&amp#27;[1m"Ya existe un proveedor con ese correo"&amp#27;[0m &amp#27;[90m# com.inventario.steps.RegistrarProveedorStepDefinitions.elSistemaMuestraElMensajeDeErrorDeProveedor(java.lang.String)&amp#27;[0m
]]></system-out>
    <system-err><![CDATA[[main] INFO  - 
  _____   ___   ___   _____     ___   _____     _     ___   _____   ___   ___  
 |_   _| | __| / __| |_   _|   / __| |_   _|   /_\   | _ \ |_   _| | __| |   \ 
   | |   | _|  \__ \   | |     \__ \   | |    / _ \  |   /   | |   | _|  | |) |
   |_|   |___| |___/   |_|     |___/   |_|   /_/ \_\ |_|_\   |_|   |___| |___/ 

Correo duplicado(hu-22-registrar-proveedor;correo-duplicado)
--------------------------------------------------------------------------------
[main] INFO net.serenitybdd.core.webdriver.driverproviders.ChromeDriverProvider - Starting Chrome driver instance with capabilities:
[main] INFO net.serenitybdd.core.webdriver.driverproviders.ChromeDriverProvider - Capabilities {acceptInsecureCerts: false, browserName: chrome, goog:chromeOptions: {args: [--no-sandbox,--headless=new...], extensions: []}}
may 17, 2026 9:32:47 P. M. org.openqa.selenium.devtools.CdpVersionFinder findNearestMatch
ADVERTENCIA: Unable to find CDP implementation matching 148
may 17, 2026 9:32:47 P. M. org.openqa.selenium.chromium.ChromiumDriver lambda$new$5
ADVERTENCIA: Unable to find version of CDP to use for 148.0.7778.167. You may need to include a dependency on a specific version of the CDP using something similar to `org.seleniumhq.selenium:selenium-devtools-v86:4.21.0` where the version ("v86") matches the version of the chromium-based browser you're using and the version number of the artifact is the same as Selenium's.
[main] INFO  - 
  _____   ___   ___   _____     ___     _     ___   ___   ___   ___  
 |_   _| | __| / __| |_   _|   | _ \   /_\   / __| / __| | __| |   \ 
   | |   | _|  \__ \   | |     |  _/  / _ \  \__ \ \__ \ | _|  | |) |
   |_|   |___| |___/   |_|     |_|   /_/ \_\ |___/ |___/ |___| |___/ 

Correo duplicado
----------------------------------------------------------------------
]]></system-err>
  </testcase>
  <testcase name="Campos obligatorios vacios" classname="HU-22 Registrar proveedor" time="2.712">
    <system-out><![CDATA[
@proveedores
Scenario: Campos obligatorios vacios                                                                               &amp#27;[90m# src/test/resources/features/registrar-proveedor.feature:33&amp#27;[0m
  &amp#27;[32mGiven &amp#27;[0m&amp#27;[32mel usuario ha iniciado sesion en el modulo de proveedores&amp#27;[0m                                                  &amp#27;[90m# com.inventario.steps.RegistrarProveedorStepDefinitions.elUsuarioHaIniciadoSesionEnElModuloDeProveedores()&amp#27;[0m
  &amp#27;[32mWhen &amp#27;[0m&amp#27;[32mel usuario intenta registrar un proveedor sin diligenciar los campos obligatorios&amp#27;[0m                           &amp#27;[90m# com.inventario.steps.RegistrarProveedorStepDefinitions.elUsuarioIntentaRegistrarUnProveedorSinDiligenciarLosCamposObligatorios()&amp#27;[0m
  &amp#27;[32mThen &amp#27;[0m&amp#27;[32mel sistema muestra el mensaje de error de proveedor &amp#27;[0m&amp#27;[32m&amp#27;[1m"Todos los campos obligatorios deben ser diligenciados"&amp#27;[0m &amp#27;[90m# com.inventario.steps.RegistrarProveedorStepDefinitions.elSistemaMuestraElMensajeDeErrorDeProveedor(java.lang.String)&amp#27;[0m
]]></system-out>
    <system-err><![CDATA[[main] INFO  - 
  _____   ___   ___   _____     ___   _____     _     ___   _____   ___   ___  
 |_   _| | __| / __| |_   _|   / __| |_   _|   /_\   | _ \ |_   _| | __| |   \ 
   | |   | _|  \__ \   | |     \__ \   | |    / _ \  |   /   | |   | _|  | |) |
   |_|   |___| |___/   |_|     |___/   |_|   /_/ \_\ |_|_\   |_|   |___| |___/ 

Campos obligatorios vacios(hu-22-registrar-proveedor;campos-obligatorios-vacios)
--------------------------------------------------------------------------------
[main] INFO net.serenitybdd.core.webdriver.driverproviders.ChromeDriverProvider - Starting Chrome driver instance with capabilities:
[main] INFO net.serenitybdd.core.webdriver.driverproviders.ChromeDriverProvider - Capabilities {acceptInsecureCerts: false, browserName: chrome, goog:chromeOptions: {args: [--no-sandbox,--headless=new...], extensions: []}}
may 17, 2026 9:32:51 P. M. org.openqa.selenium.devtools.CdpVersionFinder findNearestMatch
ADVERTENCIA: Unable to find CDP implementation matching 148
may 17, 2026 9:32:51 P. M. org.openqa.selenium.chromium.ChromiumDriver lambda$new$5
ADVERTENCIA: Unable to find version of CDP to use for 148.0.7778.167. You may need to include a dependency on a specific version of the CDP using something similar to `org.seleniumhq.selenium:selenium-devtools-v86:4.21.0` where the version ("v86") matches the version of the chromium-based browser you're using and the version number of the artifact is the same as Selenium's.
[main] INFO  - 
  _____   ___   ___   _____     ___     _     ___   ___   ___   ___  
 |_   _| | __| / __| |_   _|   | _ \   /_\   / __| / __| | __| |   \ 
   | |   | _|  \__ \   | |     |  _/  / _ \  \__ \ \__ \ | _|  | |) |
   |_|   |___| |___/   |_|     |_|   /_/ \_\ |___/ |___/ |___| |___/ 

Campos obligatorios vacios
----------------------------------------------------------------------
]]></system-err>
  </testcase>
  <testcase name="Modulo no visible para roles no autorizados" classname="HU-22 Registrar proveedor" time="3.01">
    <system-out><![CDATA[
@proveedores
Scenario: Modulo no visible para roles no autorizados                              &amp#27;[90m# src/test/resources/features/registrar-proveedor.feature:37&amp#27;[0m
  &amp#27;[32mGiven &amp#27;[0m&amp#27;[32mel usuario ha iniciado sesion en el modulo de proveedores&amp#27;[0m                  &amp#27;[90m# com.inventario.steps.RegistrarProveedorStepDefinitions.elUsuarioHaIniciadoSesionEnElModuloDeProveedores()&amp#27;[0m
  &amp#27;[32mGiven &amp#27;[0m&amp#27;[32mel usuario inicia sesion con el rol &amp#27;[0m&amp#27;[32m&amp#27;[1m"Ventas"&amp#27;[0m                               &amp#27;[90m# com.inventario.steps.RolesStepDefinitions.elUsuarioIniciaSesionConElRol(java.lang.String)&amp#27;[0m
  &amp#27;[32mWhen &amp#27;[0m&amp#27;[32mel usuario intenta acceder al modulo de registro de proveedores&amp#27;[0m             &amp#27;[90m# com.inventario.steps.RegistrarProveedorStepDefinitions.elUsuarioIntentaAccederAlModuloDeRegistroDeProveedores()&amp#27;[0m
  &amp#27;[32mThen &amp#27;[0m&amp#27;[32mel sistema muestra la pagina de acceso denegado&amp#27;[0m                             &amp#27;[90m# com.inventario.steps.RolesStepDefinitions.elSistemaMuestraLaPaginaDeAccesoDenegado()&amp#27;[0m
  &amp#27;[32mAnd &amp#27;[0m&amp#27;[32mel sistema muestra el mensaje &amp#27;[0m&amp#27;[32m&amp#27;[1m"No tiene permisos para acceder a este modulo"&amp#27;[0m &amp#27;[90m# com.inventario.steps.RolesStepDefinitions.elSistemaMuestraElMensaje(java.lang.String)&amp#27;[0m
]]></system-out>
    <system-err><![CDATA[[main] INFO  - 
  _____   ___   ___   _____     ___   _____     _     ___   _____   ___   ___  
 |_   _| | __| / __| |_   _|   / __| |_   _|   /_\   | _ \ |_   _| | __| |   \ 
   | |   | _|  \__ \   | |     \__ \   | |    / _ \  |   /   | |   | _|  | |) |
   |_|   |___| |___/   |_|     |___/   |_|   /_/ \_\ |_|_\   |_|   |___| |___/ 

Modulo no visible para roles no autorizados(hu-22-registrar-proveedor;modulo-no-visible-para-roles-no-autorizados)
--------------------------------------------------------------------------------
[main] INFO net.serenitybdd.core.webdriver.driverproviders.ChromeDriverProvider - Starting Chrome driver instance with capabilities:
[main] INFO net.serenitybdd.core.webdriver.driverproviders.ChromeDriverProvider - Capabilities {acceptInsecureCerts: false, browserName: chrome, goog:chromeOptions: {args: [--no-sandbox,--headless=new...], extensions: []}}
may 17, 2026 9:32:53 P. M. org.openqa.selenium.devtools.CdpVersionFinder findNearestMatch
ADVERTENCIA: Unable to find CDP implementation matching 148
may 17, 2026 9:32:53 P. M. org.openqa.selenium.chromium.ChromiumDriver lambda$new$5
ADVERTENCIA: Unable to find version of CDP to use for 148.0.7778.167. You may need to include a dependency on a specific version of the CDP using something similar to `org.seleniumhq.selenium:selenium-devtools-v86:4.21.0` where the version ("v86") matches the version of the chromium-based browser you're using and the version number of the artifact is the same as Selenium's.
[main] INFO  - 
  _____   ___   ___   _____     ___     _     ___   ___   ___   ___  
 |_   _| | __| / __| |_   _|   | _ \   /_\   / __| / __| | __| |   \ 
   | |   | _|  \__ \   | |     |  _/  / _ \  \__ \ \__ \ | _|  | |) |
   |_|   |___| |___/   |_|     |_|   /_/ \_\ |___/ |___/ |___| |___/ 

Modulo no visible para roles no autorizados
----------------------------------------------------------------------
]]></system-err>
  </testcase>
</testsuite>