<?xml version="1.0" encoding="UTF-8" standalone="no"?><testsuite errors="0" failures="0" name="HU-06 Listar y buscar empleados" skipped="1" tests="8" time="26.47" timestamp="2026-05-18 01:16:37"><testcase name="Listar todos los empleados con sus datos"/><testcase name="Buscar empleado por nombre"/><testcase name="Busqueda por nombre sin resultados"/><testcase name="Buscar empleado por cedula"/><testcase name="Busqueda por cedula sin resultados"/><testcase name="Filtrar empleados por estado activo"/><testcase name="Lista vacia de empleados"><skipped/></testcase><testcase name="Acceso denegado para roles no autorizados al modulo de empleados"/></testsuite>