<?xml version="1.0" encoding="UTF-8" standalone="no"?><testsuite errors="0" failures="1" name="HU-28 Consultar historial de movimientos de caja" skipped="0" tests="8" time="24.68" timestamp="2026-05-17 10:58:42"><testcase name="Listar todos los movimientos de caja"/><testcase name="Filtrar movimientos por tipo sin resultados"/><testcase name="Filtrar movimientos por fecha sin resultados"/><testcase name="Filtrar movimientos por tipo de operacion Ingresos"/><testcase name="Ver detalle de un movimiento asociado a una venta"/><testcase name="Ver detalle de un movimiento asociado a una orden de compra"><failure message="[El detalle del movimiento debe mostrar informacion de la orden de compra] &#10;Expecting value to be true but was false expected:&lt;[tru]e&gt; but was:&lt;[fals]e&gt;" type="java.lang.AssertionError">[El detalle del movimiento debe mostrar informacion de la orden de compra] 
Expecting value to be true but was false expected:&lt;[tru]e&gt; but was:&lt;[fals]e&gt;</failure><system-err>[El detalle del movimiento debe mostrar informacion de la orden de compra] 
Expecting value to be true but was false expected:&lt;[tru]e&gt; but was:&lt;[fals]e&gt;
com.inventario.steps.HistorialCajaStepDefinitions.elSistemaMuestraElDetalleDeLaOrdenRelacionada(HistorialCajaStepDefinitions.java:147)
✽.el sistema muestra el detalle de la orden relacionada(file:///home/juanj/Projects-Test/serenity-inventario-login/src/test/resources/features/historial-caja.feature:35)
</system-err></testcase><testcase name="Lista vacia de historial de caja"/><testcase name="Modulo no visible para roles no autorizados"/></testsuite>