<?xml version="1.0" encoding="UTF-8" standalone="no"?><testsuite errors="0" failures="0" name="HU-05 Editar informacion de empleado" skipped="0" tests="7" time="29.19" timestamp="2026-05-18 01:44:21"><testcase name="Edicion exitosa de informacion general"/><testcase name="Edicion de cedula por Administrador"/><testcase name="Campo cedula deshabilitado para rol Recursos Humanos"/><testcase name="Correo duplicado al editar"/><testcase name="Cedula duplicada al editar"/><testcase name="Campos obligatorios vacios al editar"/><testcase name="Acceso no autorizado al modulo de lista de empleados"/></testsuite>