<?xml version="1.0" encoding="UTF-8" standalone="no"?><testsuite errors="0" failures="0" name="HU-25 Consultar y gestionar ordenes de compra" skipped="2" tests="9" time="21.87" timestamp="2026-05-18 01:45:21"><testcase name="Listar todas las ordenes de compra"/><testcase name="Ver detalle de una orden de compra"/><testcase name="Filtrar ordenes por estado Pendiente"/><testcase name="Filtrar ordenes por fecha sin resultados"/><testcase name="Cambiar estado de orden a Completada"/><testcase name="Cancelar una orden de compra"/><testcase name="Orden completada descuenta capital de caja"><skipped/></testcase><testcase name="Lista vacia de ordenes de compra"><skipped/></testcase><testcase name="Modulo no visible para roles no autorizados"/></testsuite>