<?xml version="1.0" encoding="UTF-8" standalone="no"?><testsuite errors="0" failures="0" name="HU-24 Actualizar stock de materia prima" skipped="0" tests="5" time="12.86" timestamp="2026-05-17 09:54:48"><testcase name="Aumentar stock de materia prima manualmente"/><testcase name="Reducir stock de materia prima manualmente"/><testcase name="Stock insuficiente para reducir"/><testcase name="Cantidad invalida al actualizar stock"/><testcase name="Modulo no visible para roles no autorizados"/></testsuite>