<?xml version="1.0" encoding="UTF-8" standalone="no"?><testsuite errors="0" failures="0" name="HU-22 Registrar proveedor" skipped="0" tests="7" time="22.05" timestamp="2026-05-18 01:49:36"><testcase name="Registro exitoso de proveedor"/><testcase name="Registro exitoso con campos opcionales"/><testcase name="NIT duplicado"/><testcase name="Nombre duplicado"/><testcase name="Correo duplicado"/><testcase name="Campos obligatorios vacios"/><testcase name="Modulo no visible para roles no autorizados"/></testsuite>