<?xml version="1.0" encoding="UTF-8" standalone="no"?><testsuite errors="0" failures="0" name="HU-23 Asociar proveedor a materia prima" skipped="0" tests="8" time="28.55" timestamp="2026-05-18 01:12:25"><testcase name="Asociacion exitosa de proveedor a materia prima"/><testcase name="Asociar multiples materias primas a un proveedor"/><testcase name="Asociacion duplicada de proveedor a materia prima"/><testcase name="Costo por unidad invalido"/><testcase name="Editar costo por unidad de asociacion existente"/><testcase name="Eliminar asociacion de proveedor a materia prima"/><testcase name="No hay materias primas registradas para el proveedor"/><testcase name="Modulo no visible para roles no autorizados"/></testsuite>