<?xml version="1.0" encoding="UTF-8" standalone="no"?><testsuite errors="0" failures="0" name="HU-14 Agregar productos al detalle de venta" skipped="0" tests="6" time="17.91" timestamp="2026-05-16 11:42:46"><testcase name="Agregar producto por busqueda manual"/><testcase name="Agregar producto por codigo de barras"/><testcase name="Codigo de barras no reconocido"/><testcase name="Modificar cantidad de un producto en el detalle"/><testcase name="Eliminar producto del detalle"/><testcase name="Acceso no autorizado al modulo de ventas"/></testsuite>