<?xml version="1.0" encoding="UTF-8" standalone="no"?><testsuite errors="0" failures="2" name="HU-21 Asociar materia prima a producto" skipped="0" tests="8" time="89.83" timestamp="2026-05-17 12:09:29"><testcase name="Asociacion exitosa de materia prima a producto"/><testcase name="Asociar multiples materias primas a un producto"><failure message="[Deben haber exactamente 2 materias primas asociadas] expected:&lt;[2]&gt; but was:&lt;[5]&gt;" type="java.lang.AssertionError">[Deben haber exactamente 2 materias primas asociadas] expected:&lt;[2]&gt; but was:&lt;[5]&gt;</failure><system-err>[Deben haber exactamente 2 materias primas asociadas] expected:&lt;[2]&gt; but was:&lt;[5]&gt;
com.inventario.steps.AsociarMateriaPrimaStepDefinitions.elSistemaMuestra2MateriasPrimasAsociadasAlProducto(AsociarMateriaPrimaStepDefinitions.java:119)
✽.el sistema muestra 2 materias primas asociadas al producto(file:///home/juanj/Projects-Test/serenity-inventario-login/src/test/resources/features/asociar-materia-prima.feature:17)
</system-err></testcase><testcase name="Materia prima ya asociada al producto"/><testcase name="Cantidad invalida al asociar"/><testcase name="Editar cantidad de materia prima asociada"/><testcase name="Eliminar asociacion de materia prima"><failure message="[La lista de asociaciones debe estar vacia tras la eliminacion] expected:&lt;[0]&gt; but was:&lt;[7]&gt;" type="java.lang.AssertionError">[La lista de asociaciones debe estar vacia tras la eliminacion] expected:&lt;[0]&gt; but was:&lt;[7]&gt;</failure><system-err>[La lista de asociaciones debe estar vacia tras la eliminacion] expected:&lt;[0]&gt; but was:&lt;[7]&gt;
com.inventario.steps.AsociarMateriaPrimaStepDefinitions.laAsociacionQuedaEliminadaDeLaListaDelProducto(AsociarMateriaPrimaStepDefinitions.java:175)
✽.la asociacion queda eliminada de la lista del producto(file:///home/juanj/Projects-Test/serenity-inventario-login/src/test/resources/features/asociar-materia-prima.feature:36)
</system-err></testcase><testcase name="No hay materias primas registradas"/><testcase name="Modulo no visible para roles no autorizados"/></testsuite>