<?xml version="1.0" encoding="UTF-8" standalone="no"?><testsuite errors="0" failures="1" name="HU-05 Editar informacion de empleado" skipped="0" tests="7" time="28.82" timestamp="2026-05-16 11:44:14"><testcase name="Edicion exitosa de informacion general"/><testcase name="Edicion de cedula por Administrador"/><testcase name="Campo cedula deshabilitado para rol Recursos Humanos"/><testcase name="Correo duplicado al editar"/><testcase name="Cedula duplicada al editar"/><testcase name="Campos obligatorios vacios al editar"/><testcase name="Acceso no autorizado al modulo de lista de empleados"><failure message="[El roleGuard debe redirigir a /unauthorized al acceder sin permisos] &#10;Expecting actual:&#10;  &quot;http://localhost:4200/rrhh/empleados&quot;&#10;to contain:&#10;  &quot;/unauthorized&quot; " type="java.lang.AssertionError">[El roleGuard debe redirigir a /unauthorized al acceder sin permisos] 
Expecting actual:
  "http://localhost:4200/rrhh/empleados"
to contain:
  "/unauthorized" </failure><system-err>[El roleGuard debe redirigir a /unauthorized al acceder sin permisos] 
Expecting actual:
  "http://localhost:4200/rrhh/empleados"
to contain:
  "/unauthorized" 
com.inventario.steps.RolesStepDefinitions.elSistemaMuestraLaPaginaDeAccesoDenegado(RolesStepDefinitions.java:72)
✽.el sistema muestra la pagina de acceso denegado(file:///home/juanj/Projects-Test/serenity-inventario-login/src/test/resources/features/editar-empleado.feature:50)
</system-err></testcase></testsuite>