<?xml version="1.0" encoding="UTF-8" standalone="no"?><testsuite errors="0" failures="1" name="HU-10 Registrar cliente" skipped="0" tests="6" time="19.37" timestamp="2026-05-16 09:08:24"><testcase name="Registro exitoso de cliente"/><testcase name="Registro con telefono secundario"/><testcase name="Cedula o NIT duplicado"/><testcase name="Correo duplicado en clientes"/><testcase name="Campos obligatorios vacios en clientes"/><testcase name="Acceso no autorizado al modulo de clientes"><failure message="[El roleGuard debe redirigir a /unauthorized al acceder sin permisos] &#10;Expecting actual:&#10;  &quot;http://localhost:4200/ventas/clientes&quot;&#10;to contain:&#10;  &quot;/unauthorized&quot; " type="java.lang.AssertionError">[El roleGuard debe redirigir a /unauthorized al acceder sin permisos] 
Expecting actual:
  "http://localhost:4200/ventas/clientes"
to contain:
  "/unauthorized" </failure><system-err>[El roleGuard debe redirigir a /unauthorized al acceder sin permisos] 
Expecting actual:
  "http://localhost:4200/ventas/clientes"
to contain:
  "/unauthorized" 
com.inventario.steps.RolesStepDefinitions.elSistemaMuestraLaPaginaDeAccesoDenegado(RolesStepDefinitions.java:72)
✽.el sistema muestra la pagina de acceso denegado(file:///home/juanj/Projects-Test/serenity-inventario-login/src/test/resources/features/registrar-cliente.feature:36)
</system-err></testcase></testsuite>