<?xml version="1.0" encoding="UTF-8" standalone="no"?><testsuite errors="0" failures="4" name="HU-14 Agregar productos al detalle de venta" skipped="0" tests="6" time="37.59" timestamp="2026-05-18 01:10:54"><testcase name="Agregar producto por busqueda manual"><failure message="Expected enabled element was not enabled&#10;Build info: version: '4.21.0', revision: '79ed462ef4'&#10;System info: os.name: 'Linux', os.arch: 'amd64', os.version: '6.6.114.1-microsoft-standard-WSL2', java.version: '21.0.10'&#10;Driver info: driver.version: unknown" type="net.thucydides.core.webdriver.exceptions.ElementShouldBeEnabledException">Expected enabled element was not enabled
Build info: version: '4.21.0', revision: '79ed462ef4'
System info: os.name: 'Linux', os.arch: 'amd64', os.version: '6.6.114.1-microsoft-standard-WSL2', java.version: '21.0.10'
Driver info: driver.version: unknown</failure><system-err>Expected enabled element was not enabled
Build info: version: '4.21.0', revision: '79ed462ef4'
System info: os.name: 'Linux', os.arch: 'amd64', os.version: '6.6.114.1-microsoft-standard-WSL2', java.version: '21.0.10'
Driver info: driver.version: unknown
com.inventario.pages.RegistrarVentaPage.searchAndAddFirstProduct(RegistrarVentaPage.java:68)
com.inventario.steps.AgregarProductoVentaStepDefinitions.elUsuarioBuscaUnProductoPorNombreYSeleccionaElPrimeroDisponible(AgregarProductoVentaStepDefinitions.java:38)
✽.el usuario busca un producto por nombre y selecciona el primero disponible(file:///home/juanj/Projects-Test/serenity-inventario-login/src/test/resources/features/agregar-producto-venta.feature:12)
</system-err></testcase><testcase name="Agregar producto por codigo de barras"><failure message="[El carrito debe tener al menos un producto] &#10;Expecting actual:&#10;  0&#10;to be greater than:&#10;  0&#10;" type="java.lang.AssertionError">[El carrito debe tener al menos un producto] 
Expecting actual:
  0
to be greater than:
  0
</failure><system-err>[El carrito debe tener al menos un producto] 
Expecting actual:
  0
to be greater than:
  0

com.inventario.steps.AgregarProductoVentaStepDefinitions.elProductoApareceEnElDetalleConTotalMayorACero(AgregarProductoVentaStepDefinitions.java:95)
✽.el producto aparece en el detalle de la venta con total mayor a cero(file:///home/juanj/Projects-Test/serenity-inventario-login/src/test/resources/features/agregar-producto-venta.feature:17)
</system-err></testcase><testcase name="Codigo de barras no reconocido"/><testcase name="Modificar cantidad de un producto en el detalle"><failure message="Expected enabled element was not enabled&#10;Build info: version: '4.21.0', revision: '79ed462ef4'&#10;System info: os.name: 'Linux', os.arch: 'amd64', os.version: '6.6.114.1-microsoft-standard-WSL2', java.version: '21.0.10'&#10;Driver info: driver.version: unknown" type="net.thucydides.core.webdriver.exceptions.ElementShouldBeEnabledException">Expected enabled element was not enabled
Build info: version: '4.21.0', revision: '79ed462ef4'
System info: os.name: 'Linux', os.arch: 'amd64', os.version: '6.6.114.1-microsoft-standard-WSL2', java.version: '21.0.10'
Driver info: driver.version: unknown</failure><system-err>Expected enabled element was not enabled
Build info: version: '4.21.0', revision: '79ed462ef4'
System info: os.name: 'Linux', os.arch: 'amd64', os.version: '6.6.114.1-microsoft-standard-WSL2', java.version: '21.0.10'
Driver info: driver.version: unknown
com.inventario.pages.RegistrarVentaPage.searchAndAddFirstProduct(RegistrarVentaPage.java:68)
com.inventario.steps.AgregarProductoVentaStepDefinitions.elUsuarioHaAgregadoUnProductoAlCarritoDeVenta(AgregarProductoVentaStepDefinitions.java:31)
✽.el usuario ha agregado un producto al carrito de venta(file:///home/juanj/Projects-Test/serenity-inventario-login/src/test/resources/features/agregar-producto-venta.feature:24)
</system-err></testcase><testcase name="Eliminar producto del detalle"><failure message="Expected enabled element was not enabled&#10;Build info: version: '4.21.0', revision: '79ed462ef4'&#10;System info: os.name: 'Linux', os.arch: 'amd64', os.version: '6.6.114.1-microsoft-standard-WSL2', java.version: '21.0.10'&#10;Driver info: driver.version: unknown" type="net.thucydides.core.webdriver.exceptions.ElementShouldBeEnabledException">Expected enabled element was not enabled
Build info: version: '4.21.0', revision: '79ed462ef4'
System info: os.name: 'Linux', os.arch: 'amd64', os.version: '6.6.114.1-microsoft-standard-WSL2', java.version: '21.0.10'
Driver info: driver.version: unknown</failure><system-err>Expected enabled element was not enabled
Build info: version: '4.21.0', revision: '79ed462ef4'
System info: os.name: 'Linux', os.arch: 'amd64', os.version: '6.6.114.1-microsoft-standard-WSL2', java.version: '21.0.10'
Driver info: driver.version: unknown
com.inventario.pages.RegistrarVentaPage.searchAndAddFirstProduct(RegistrarVentaPage.java:68)
com.inventario.steps.AgregarProductoVentaStepDefinitions.elUsuarioHaAgregadoUnProductoAlCarritoDeVenta(AgregarProductoVentaStepDefinitions.java:31)
✽.el usuario ha agregado un producto al carrito de venta(file:///home/juanj/Projects-Test/serenity-inventario-login/src/test/resources/features/agregar-producto-venta.feature:29)
</system-err></testcase><testcase name="Acceso no autorizado al modulo de ventas"/></testsuite>