<?xml version="1.0" encoding="UTF-8" standalone="no"?><testsuite errors="0" failures="0" name="HU-11 Editar informacion de cliente" skipped="0" tests="7" time="36.67" timestamp="2026-05-16 08:55:14"><testcase name="Edicion exitosa de informacion general del cliente"/><testcase name="Edicion de cedula o NIT por Administrador"/><testcase name="Campo cedula deshabilitado para rol Ventas"/><testcase name="Correo duplicado al editar cliente"/><testcase name="Cedula duplicada al editar cliente"/><testcase name="Campos obligatorios vacios al editar cliente"/><testcase name="Acceso no autorizado al modulo de edicion de clientes"/></testsuite>