<?xml version="1.0" encoding="UTF-8" standalone="no"?><testsuite errors="0" failures="0" name="HU-13 Crear venta" skipped="1" tests="7" time="32.34" timestamp="2026-05-18 02:05:32"><testcase name="Creacion exitosa de venta"/><testcase name="Agregar multiples productos al detalle"/><testcase name="Stock insuficiente"/><testcase name="Venta sin productos en el detalle"/><testcase name="Venta completada genera movimiento en caja"><skipped/></testcase><testcase name="Venta cancelada"/><testcase name="Acceso no autorizado al modulo de ventas"/></testsuite>