<?xml version="1.0" encoding="UTF-8" standalone="no"?><testsuite errors="0" failures="0" name="HU-19 MCP de gestion de productos" skipped="7" tests="15" time="0.09" timestamp="2026-05-17 10:00:21"><testcase name="Tool 1 - Listar todos los productos"/><testcase name="Tool 1 - Listar productos cuando no hay ninguno registrado"><skipped/></testcase><testcase name="Tool 2 - Verificar materiales con stock suficiente"/><testcase name="Tool 2 - Verificar materiales con stock insuficiente"/><testcase name="Tool 2 - Verificar materiales de producto inexistente"/><testcase name="Tool 3 - Sin materiales faltantes para producir"><skipped/></testcase><testcase name="Tool 3 - Con materiales faltantes retorna dos estrategias"/><testcase name="Tool 3 - Sin proveedor que cubra todos los materiales"><skipped/></testcase><testcase name="Tool 4 - Fondos suficientes en caja"/><testcase name="Tool 4 - Fondos insuficientes en caja"/><testcase name="Tool 4 - Sin caja configurada en el sistema"><skipped/></testcase><testcase name="Tool 5 - Crear orden de compra exitosamente"/><testcase name="Tool 5 - Fondos insuficientes al crear orden"><skipped/></testcase><testcase name="Tool 5 - Sin proveedor para algun material"><skipped/></testcase><testcase name="Tool 5 - Estado Pendiente no configurado"><skipped/></testcase></testsuite>