<?xml version="1.0" encoding="UTF-8" standalone="no"?><testsuite errors="0" failures="3" name="HU-13 Crear venta" skipped="1" tests="7" time="44.25" timestamp="2026-05-18 01:19:36"><testcase name="Creacion exitosa de venta"><failure message="Expected enabled element was not enabled&#10;Build info: version: '4.21.0', revision: '79ed462ef4'&#10;System info: os.name: 'Linux', os.arch: 'amd64', os.version: '6.6.114.1-microsoft-standard-WSL2', java.version: '21.0.10'&#10;Driver info: driver.version: unknown" type="net.thucydides.core.webdriver.exceptions.ElementShouldBeEnabledException">Expected enabled element was not enabled
Build info: version: '4.21.0', revision: '79ed462ef4'
System info: os.name: 'Linux', os.arch: 'amd64', os.version: '6.6.114.1-microsoft-standard-WSL2', java.version: '21.0.10'
Driver info: driver.version: unknown</failure><system-err>Expected enabled element was not enabled
Build info: version: '4.21.0', revision: '79ed462ef4'
System info: os.name: 'Linux', os.arch: 'amd64', os.version: '6.6.114.1-microsoft-standard-WSL2', java.version: '21.0.10'
Driver info: driver.version: unknown
com.inventario.pages.RegistrarVentaPage.searchAndAddFirstProduct(RegistrarVentaPage.java:68)
com.inventario.steps.RegistrarVentaStepDefinitions.elUsuarioBuscaYAgregaUnProductoDisponibleAlCarrito(RegistrarVentaStepDefinitions.java:90)
✽.el usuario busca y agrega un producto disponible al carrito(file:///home/juanj/Projects-Test/serenity-inventario-login/src/test/resources/features/registrar-venta.feature:14)
</system-err></testcase><testcase name="Agregar multiples productos al detalle"><failure message="Expected enabled element was not enabled&#10;Build info: version: '4.21.0', revision: '79ed462ef4'&#10;System info: os.name: 'Linux', os.arch: 'amd64', os.version: '6.6.114.1-microsoft-standard-WSL2', java.version: '21.0.10'&#10;Driver info: driver.version: unknown" type="net.thucydides.core.webdriver.exceptions.ElementShouldBeEnabledException">Expected enabled element was not enabled
Build info: version: '4.21.0', revision: '79ed462ef4'
System info: os.name: 'Linux', os.arch: 'amd64', os.version: '6.6.114.1-microsoft-standard-WSL2', java.version: '21.0.10'
Driver info: driver.version: unknown</failure><system-err>Expected enabled element was not enabled
Build info: version: '4.21.0', revision: '79ed462ef4'
System info: os.name: 'Linux', os.arch: 'amd64', os.version: '6.6.114.1-microsoft-standard-WSL2', java.version: '21.0.10'
Driver info: driver.version: unknown
com.inventario.pages.RegistrarVentaPage.searchAndAddFirstProduct(RegistrarVentaPage.java:68)
com.inventario.steps.RegistrarVentaStepDefinitions.elUsuarioAgregaMasDeUnProductoAlCarritoDeLaVenta(RegistrarVentaStepDefinitions.java:96)
✽.el usuario agrega mas de un producto al carrito de la venta(file:///home/juanj/Projects-Test/serenity-inventario-login/src/test/resources/features/registrar-venta.feature:22)
</system-err></testcase><testcase name="Stock insuficiente"/><testcase name="Venta sin productos en el detalle"/><testcase name="Venta completada genera movimiento en caja"><skipped/></testcase><testcase name="Venta cancelada"><failure message="Expected enabled element was not enabled&#10;Build info: version: '4.21.0', revision: '79ed462ef4'&#10;System info: os.name: 'Linux', os.arch: 'amd64', os.version: '6.6.114.1-microsoft-standard-WSL2', java.version: '21.0.10'&#10;Driver info: driver.version: unknown" type="net.thucydides.core.webdriver.exceptions.ElementShouldBeEnabledException">Expected enabled element was not enabled
Build info: version: '4.21.0', revision: '79ed462ef4'
System info: os.name: 'Linux', os.arch: 'amd64', os.version: '6.6.114.1-microsoft-standard-WSL2', java.version: '21.0.10'
Driver info: driver.version: unknown</failure><system-err>Expected enabled element was not enabled
Build info: version: '4.21.0', revision: '79ed462ef4'
System info: os.name: 'Linux', os.arch: 'amd64', os.version: '6.6.114.1-microsoft-standard-WSL2', java.version: '21.0.10'
Driver info: driver.version: unknown
com.inventario.pages.RegistrarVentaPage.searchAndAddFirstProduct(RegistrarVentaPage.java:68)
com.inventario.steps.RegistrarVentaStepDefinitions.elUsuarioBuscaYAgregaUnProductoDisponibleAlCarrito(RegistrarVentaStepDefinitions.java:90)
✽.el usuario busca y agrega un producto disponible al carrito(file:///home/juanj/Projects-Test/serenity-inventario-login/src/test/resources/features/registrar-venta.feature:49)
</system-err></testcase><testcase name="Acceso no autorizado al modulo de ventas"/></testsuite>