<?xml version="1.0" encoding="UTF-8" standalone="no"?><testsuite errors="0" failures="1" name="HU-16 Registrar tipo de producto" skipped="0" tests="4" time="11.91" timestamp="2026-05-16 10:34:28"><testcase name="Registro exitoso de tipo de producto"/><testcase name="Nombre de tipo de producto duplicado"/><testcase name="Campo nombre vacio"/><testcase name="Acceso no autorizado al modulo de tipos de producto"><failure message="[El roleGuard debe redirigir a /unauthorized al acceder sin permisos] &#10;Expecting actual:&#10;  &quot;http://localhost:4200/produccion/registrar-tipo-producto&quot;&#10;to contain:&#10;  &quot;/unauthorized&quot; " type="java.lang.AssertionError">[El roleGuard debe redirigir a /unauthorized al acceder sin permisos] 
Expecting actual:
  "http://localhost:4200/produccion/registrar-tipo-producto"
to contain:
  "/unauthorized" </failure><system-err>[El roleGuard debe redirigir a /unauthorized al acceder sin permisos] 
Expecting actual:
  "http://localhost:4200/produccion/registrar-tipo-producto"
to contain:
  "/unauthorized" 
com.inventario.steps.RolesStepDefinitions.elSistemaMuestraLaPaginaDeAccesoDenegado(RolesStepDefinitions.java:72)
✽.el sistema muestra la pagina de acceso denegado(file:///home/juanj/Projects-Test/serenity-inventario-login/src/test/resources/features/registrar-tipo-producto.feature:26)
</system-err></testcase></testsuite>