<?xml version="1.0" encoding="UTF-8" standalone="no"?><testsuite errors="0" failures="0" name="HU-31 Chat del agente en el frontend Angular" skipped="0" tests="4" time="0.03" timestamp="2026-05-18 02:33:53"><testcase name="Interfaz del chat carga con todos sus elementos"/><testcase name="Indicador de carga visible mientras el agente procesa la respuesta"/><testcase name="El chat muestra botones de confirmacion cuando el agente lo solicita"/><testcase name="Modulo del chat no visible para roles no autorizados"/></testsuite>