<?xml version="1.0" encoding="UTF-8" standalone="no"?><testsuite errors="0" failures="0" name="HU-29 MCP de finanzas" skipped="0" tests="7" time="0.04" timestamp="2026-05-18 02:38:21"><testcase name="Tool 1 - Consultar estado actual de caja"/><testcase name="Tool 2 - Consultar historial de movimientos con filtros"/><testcase name="Tool 3 - Analizar ingresos vs egresos por periodo"/><testcase name="Tool 4 - Proyeccion de flujo de caja por meses"/><testcase name="Tool 5 - Reporte de rentabilidad por producto"/><testcase name="Tool 6 - Detectar meses con deficit o superavit"/><testcase name="Tool 7 - Resumen financiero general del negocio"/></testsuite>