<?xml version="1.0" encoding="UTF-8" standalone="no"?><testsuite errors="0" failures="0" name="HU-30 Agente LangGraph con servidores MCP" skipped="0" tests="4" time="0.04" timestamp="2026-05-18 01:17:26"><testcase name="El agente encadena tools automaticamente ante una consulta en lenguaje natural"/><testcase name="Control de acceso por rol devuelve 403 para roles no autorizados"/><testcase name="Consulta de produccion encadenada con multiples tools"/><testcase name="Confirmacion del agente antes de crear una orden de compra"/></testsuite>