<?xml version="1.0" encoding="UTF-8" standalone="no"?><testsuite errors="0" failures="0" name="HU-12 Listar y buscar clientes" skipped="1" tests="7" time="24.04" timestamp="2026-05-18 02:37:11"><testcase name="Listar todos los clientes con sus datos"/><testcase name="Buscar cliente por nombre"/><testcase name="Busqueda por nombre sin resultados"/><testcase name="Buscar cliente por cedula o NIT"/><testcase name="Busqueda por cedula sin resultados"/><testcase name="Lista vacia de clientes"><skipped/></testcase><testcase name="Acceso no autorizado al modulo de listado de clientes"/></testsuite>