<?xml version="1.0" encoding="UTF-8" standalone="no"?><testsuite errors="0" failures="0" name="HU-15 Consultar historial de ventas" skipped="1" tests="8" time="33.24" timestamp="2026-05-16 10:03:55"><testcase name="Listar todas las ventas con sus datos"/><testcase name="Filtrar ventas por estado"/><testcase name="Filtrar ventas por rango de fechas sin resultados"/><testcase name="Buscar venta por cliente sin coincidencias"/><testcase name="Ver detalle de una venta"/><testcase name="Cambiar estado de una venta"/><testcase name="Lista vacia de ventas"><skipped/></testcase><testcase name="Acceso no autorizado al historial de ventas"/></testsuite>