<?xml version="1.0" encoding="UTF-8" standalone="no"?><testsuite errors="0" failures="0" name="HU-01 Iniciar sesion en el sistema" skipped="0" tests="5" time="12.32" timestamp="2026-05-18 02:38:02"><testcase name="Inicio de sesion exitoso con credenciales validas"/><testcase name="Error al ingresar contrasena de 6 caracteres o menos"/><testcase name="Error al ingresar credenciales incorrectas"/><testcase name="Error al dejar los campos vacios"/><testcase name="Redireccion al login cuando el token JWT esta expirado"/></testsuite>