<?xml version="1.0" encoding="UTF-8" standalone="no"?><testsuite errors="0" failures="0" name="HU-27 Registrar movimiento de caja" skipped="0" tests="8" time="19.02" timestamp="2026-05-18 01:18:21"><testcase name="Registrar gasto operativo"/><testcase name="Registrar ingreso externo"/><testcase name="Inyeccion de capital por Administrador"/><testcase name="Deduccion de saldo por Administrador"/><testcase name="Capital insuficiente para gasto o deduccion"/><testcase name="Valor invalido en movimiento de caja"/><testcase name="Inyeccion y deduccion no visibles para Tesoreria"/><testcase name="Modulo no visible para roles no autorizados"/></testsuite>