<?xml version="1.0" encoding="UTF-8" standalone="no"?><testsuite errors="0" failures="0" name="HU-21 Asociar materia prima a producto" skipped="0" tests="8" time="29.28" timestamp="2026-05-17 09:55:35"><testcase name="Asociacion exitosa de materia prima a producto"/><testcase name="Asociar multiples materias primas a un producto"/><testcase name="Materia prima ya asociada al producto"/><testcase name="Cantidad invalida al asociar"/><testcase name="Editar cantidad de materia prima asociada"/><testcase name="Eliminar asociacion de materia prima"/><testcase name="No hay materias primas registradas"/><testcase name="Modulo no visible para roles no autorizados"/></testsuite>