<?xml version="1.0" encoding="UTF-8" standalone="no"?><testsuite errors="0" failures="0" name="HU-18 Editar producto quirurgico" skipped="0" tests="8" time="28.46" timestamp="2026-05-18 01:14:19"><testcase name="Edicion exitosa de informacion del producto"/><testcase name="Actualizacion de stock manualmente"/><testcase name="Actualizacion de stock por codigo de barras"/><testcase name="Codigo de barras no reconocido"/><testcase name="Cantidad de stock invalida"/><testcase name="Precio invalido al editar"/><testcase name="Campos obligatorios vacios al editar"/><testcase name="Acceso no autorizado al modulo de edicion de productos"/></testsuite>