<?xml version="1.0" encoding="UTF-8" standalone="no"?><testsuite errors="0" failures="0" name="HU-10 Registrar cliente" skipped="0" tests="6" time="19.31" timestamp="2026-05-18 01:17:26"><testcase name="Registro exitoso de cliente"/><testcase name="Registro con telefono secundario"/><testcase name="Cedula o NIT duplicado"/><testcase name="Correo duplicado en clientes"/><testcase name="Campos obligatorios vacios en clientes"/><testcase name="Acceso no autorizado al modulo de clientes"/></testsuite>