<?xml version="1.0" encoding="UTF-8" standalone="no"?><testsuite errors="0" failures="0" name="HU-07 Crear usuario del sistema" skipped="0" tests="6" time="20.63" timestamp="2026-05-18 01:43:26"><testcase name="Creacion exitosa de usuario"/><testcase name="Empleado con multiples usuarios"/><testcase name="Nombre de usuario duplicado"/><testcase name="Contrasena invalida"/><testcase name="Campos obligatorios vacios"/><testcase name="Acceso no autorizado al modulo de creacion de usuarios"/></testsuite>