<?xml version="1.0" encoding="UTF-8" standalone="no"?><testsuite errors="0" failures="0" name="HU-17 Registrar producto quirurgico" skipped="0" tests="6" time="19.77" timestamp="2026-05-18 02:39:33"><testcase name="Registro exitoso de producto"/><testcase name="Registro con caracteristicas"/><testcase name="Precio invalido"/><testcase name="Campos obligatorios vacios"/><testcase name="No hay tipos de producto registrados"/><testcase name="Acceso no autorizado al modulo de registro de productos"/></testsuite>